#
# There is insufficient memory for the Java Runtime Environment to continue.
# Native memory allocation (malloc) failed to allocate 688520 bytes for Chunk::new
# Possible reasons:
#   The system is out of physical RAM or swap space
#   In 32 bit mode, the process size limit was hit
# Possible solutions:
#   Reduce memory load on the system
#   Increase physical memory or swap space
#   Check if swap backing store is full
#   Use 64 bit Java on a 64 bit OS
#   Decrease Java heap size (-Xmx/-Xms)
#   Decrease number of Java threads
#   Decrease Java thread stack sizes (-Xss)
#   Set larger code cache with -XX:ReservedCodeCacheSize=
# This output file may be truncated or incomplete.
#
#  Out of Memory Error (allocation.cpp:390), pid=1372, tid=7420
#
# JRE version: Java(TM) SE Runtime Environment (8.0_20-b26) (build 1.8.0_20-b26)
# Java VM: Java HotSpot(TM) Server VM (25.20-b23 mixed mode windows-x86 )
# Failed to write core dump. Minidumps are not enabled by default on client versions of Windows
#

---------------  T H R E A D  ---------------

Current thread (0x40077800):  JavaThread "C2 CompilerThread0" daemon [_thread_in_native, id=7420, stack(0x40fb0000,0x411b0000)]

Stack: [0x40fb0000,0x411b0000],  sp=0x411ae4c8,  free space=2041k
Native frames: (J=compiled Java code, j=interpreted, Vv=VM code, C=native code)
V  [jvm.dll+0x1ad1db]
V  [jvm.dll+0x1a61a8]
V  [jvm.dll+0x8cb45]
V  [jvm.dll+0x8cefa]
V  [jvm.dll+0x328f12]
V  [jvm.dll+0x300264]
V  [jvm.dll+0x30898a]
V  [jvm.dll+0x309fb9]
V  [jvm.dll+0x2f4296]
V  [jvm.dll+0x7130a]
V  [jvm.dll+0x719c9]
V  [jvm.dll+0x17f87c]
V  [jvm.dll+0x17f96a]
V  [jvm.dll+0x1c46a6]
C  [MSVCR100.dll+0x5c556]
C  [MSVCR100.dll+0x5c600]
C  [KERNEL32.DLL+0x1919f]
C  [ntdll.dll+0x50bbb]
C  [ntdll.dll+0x50b91]
C  0x00000000


Current CompileTask:
C2:   8870 3328   !   4       org.openide.filesystems.MultiFileObject::getAttribute (503 bytes)


---------------  P R O C E S S  ---------------

Java Threads: ( => current thread )
  0x46019400 JavaThread "Inactive RequestProcessor thread [Was:Folder recognizer/org.openide.loaders.FolderList$ListTask]" daemon [_thread_blocked, id=8364, stack(0x49040000,0x49240000)]
  0x46018400 JavaThread "D3D Screen Updater" daemon [_thread_blocked, id=7824, stack(0x021f0000,0x023f0000)]
  0x46018800 JavaThread "Flushing caches" [_thread_in_Java, id=6596, stack(0x47930000,0x47b30000)]
  0x4601a400 JavaThread "TimerQueue" daemon [_thread_blocked, id=3236, stack(0x47350000,0x47550000)]
  0x46019000 JavaThread "Thread-2" daemon [_thread_blocked, id=184, stack(0x47010000,0x47210000)]
  0x46019c00 JavaThread "File Watcher" daemon [_thread_blocked, id=7260, stack(0x46cd0000,0x46ed0000)]
  0x42da1400 JavaThread "Inactive RequestProcessor thread [Was:WinSysModuleChangeHandler/org.netbeans.core.windows.persistence.ModuleChangeHandler$3]" daemon [_thread_blocked, id=8780, stack(0x46950000,0x46b50000)]
  0x42827800 JavaThread "AWT-EventQueue-0" [_thread_blocked, id=8844, stack(0x43710000,0x43910000)]
  0x42810c00 JavaThread "AWT-Windows" daemon [_thread_in_native, id=8736, stack(0x434d0000,0x436d0000)]
  0x42810400 JavaThread "AWT-Shutdown" [_thread_blocked, id=8528, stack(0x432d0000,0x434d0000)]
  0x4280dc00 JavaThread "Java2D Disposer" daemon [_thread_blocked, id=4604, stack(0x430d0000,0x432d0000)]
  0x403ac000 JavaThread "RequestProcessor queue manager" daemon [_thread_blocked, id=9052, stack(0x424f0000,0x426f0000)]
  0x4036e400 JavaThread "Inactive RequestProcessor thread [Was:Folder Instance Processor/org.openide.loaders.FolderInstance$1R]" daemon [_thread_blocked, id=7280, stack(0x41f70000,0x42170000)]
  0x40367c00 JavaThread "CLI Requests Server" daemon [_thread_in_native, id=9176, stack(0x41d30000,0x41f30000)]
  0x403e0800 JavaThread "Active Reference Queue Daemon" daemon [_thread_blocked, id=8612, stack(0x41af0000,0x41cf0000)]
  0x400a4000 JavaThread "Service Thread" daemon [_thread_blocked, id=8992, stack(0x41670000,0x41870000)]
  0x40079800 JavaThread "C1 CompilerThread2" daemon [_thread_in_native, id=9164, stack(0x41430000,0x41630000)]
  0x40078c00 JavaThread "C2 CompilerThread1" daemon [_thread_in_native, id=8036, stack(0x411f0000,0x413f0000)]
=>0x40077800 JavaThread "C2 CompilerThread0" daemon [_thread_in_native, id=7420, stack(0x40fb0000,0x411b0000)]
  0x40073400 JavaThread "Attach Listener" daemon [_thread_blocked, id=8224, stack(0x40d70000,0x40f70000)]
  0x40072c00 JavaThread "Signal Dispatcher" daemon [_thread_blocked, id=8592, stack(0x40b30000,0x40d30000)]
  0x021e6400 JavaThread "Finalizer" daemon [_thread_blocked, id=4616, stack(0x408f0000,0x40af0000)]
  0x021e2000 JavaThread "Reference Handler" daemon [_thread_blocked, id=9016, stack(0x406b0000,0x408b0000)]
  0x01fe9400 JavaThread "main" [_thread_blocked, id=4988, stack(0x00090000,0x00290000)]

Other Threads:
  0x40050c00 VMThread [stack: 0x40470000,0x40670000] [id=8120]
  0x400b0800 WatcherThread [stack: 0x418b0000,0x41ab0000] [id=6840]

VM state:not at safepoint (normal execution)

VM Mutex/Monitor currently owned by a thread: None

Heap:
 PSYoungGen      total 35840K, used 28367K [0x2f0c0000, 0x31640000, 0x3da00000)
  eden space 33280K, 79% used [0x2f0c0000,0x30ab8e60,0x31140000)
  from space 2560K, 69% used [0x31140000,0x312fae98,0x313c0000)
  to   space 2560K, 0% used [0x313c0000,0x313c0000,0x31640000)
 ParOldGen       total 34048K, used 7087K [0x11e00000, 0x13f40000, 0x2f0c0000)
  object space 34048K, 20% used [0x11e00000,0x124ebdc8,0x13f40000)
 Metaspace       used 19285K, capacity 19808K, committed 19968K, reserved 20864K

Card table byte_map: [0x11c90000,0x11df0000] byte_map_base: 0x11c01000

Marking Bits: (ParMarkBitMap*) 0x54703478
 Begin Bits: [0x3e330000, 0x3ee20000)
 End Bits:   [0x3ee20000, 0x3f910000)

Polling page: 0x00530000

CodeCache: size=245760Kb used=10196Kb max_used=10196Kb free=235563Kb
 bounds [0x028d0000, 0x032d0000, 0x118d0000]
 total_blobs=3792 nmethods=3505 adapters=201
 compilation: enabled

Compilation events (10 events):
Event: 8.858 Thread 0x40079800 nmethod 3489 0x032b0248 code [0x032b0360, 0x032b04cc]
Event: 8.858 Thread 0x40079800 3491       3       java.io.BufferedWriter::min (9 bytes)
Event: 8.858 Thread 0x40079800 nmethod 3491 0x032affc8 code [0x032b00e0, 0x032b01e0]
Event: 8.859 Thread 0x40078c00 nmethod 3482 0x032ae2c8 code [0x032ae3e0, 0x032ae830]
Event: 8.859 Thread 0x40078c00 3483       4       java.io.ObjectOutputStream$BlockDataOutputStream::writeBytes (144 bytes)
Event: 8.860 Thread 0x40079800 3493  s    3       org.netbeans.core.startup.preferences.RelPaths::dirs (82 bytes)
Event: 8.861 Thread 0x40079800 nmethod 3493 0x032be148 code [0x032be3a0, 0x032bf1c0]
Event: 8.861 Thread 0x40079800 3494  s    3       java.io.BufferedOutputStream::write (35 bytes)
Event: 8.861 Thread 0x40079800 nmethod 3494 0x032af908 code [0x032afa40, 0x032afdec]
Event: 8.862 Thread 0x40079800 3495       3       java.util.regex.Pattern$Behind::match (137 bytes)

GC Heap History (10 events):
Event: 1.060 GC heap before
{Heap before GC invocations=4 (full 0):
 PSYoungGen      total 19200K, used 19184K [0x2f0c0000, 0x31640000, 0x3da00000)
  eden space 16640K, 100% used [0x2f0c0000,0x30100000,0x30100000)
  from space 2560K, 99% used [0x30100000,0x3037c288,0x30380000)
  to   space 2560K, 0% used [0x313c0000,0x313c0000,0x31640000)
 ParOldGen       total 43776K, used 2059K [0x11e00000, 0x148c0000, 0x2f0c0000)
  object space 43776K, 4% used [0x11e00000,0x12002ee0,0x148c0000)
 Metaspace       used 13081K, capacity 13513K, committed 13568K, reserved 13696K
Event: 1.064 GC heap after
Heap after GC invocations=4 (full 0):
 PSYoungGen      total 35840K, used 2547K [0x2f0c0000, 0x31640000, 0x3da00000)
  eden space 33280K, 0% used [0x2f0c0000,0x2f0c0000,0x31140000)
  from space 2560K, 99% used [0x313c0000,0x3163cc20,0x31640000)
  to   space 2560K, 0% used [0x31140000,0x31140000,0x313c0000)
 ParOldGen       total 43776K, used 4214K [0x11e00000, 0x148c0000, 0x2f0c0000)
  object space 43776K, 9% used [0x11e00000,0x1221d8b8,0x148c0000)
 Metaspace       used 13081K, capacity 13513K, committed 13568K, reserved 13696K
}
Event: 1.223 GC heap before
{Heap before GC invocations=5 (full 0):
 PSYoungGen      total 35840K, used 35827K [0x2f0c0000, 0x31640000, 0x3da00000)
  eden space 33280K, 100% used [0x2f0c0000,0x31140000,0x31140000)
  from space 2560K, 99% used [0x313c0000,0x3163cc20,0x31640000)
  to   space 2560K, 0% used [0x31140000,0x31140000,0x313c0000)
 ParOldGen       total 43776K, used 4214K [0x11e00000, 0x148c0000, 0x2f0c0000)
  object space 43776K, 9% used [0x11e00000,0x1221d8b8,0x148c0000)
 Metaspace       used 14829K, capacity 15271K, committed 15360K, reserved 15744K
Event: 1.229 GC heap after
Heap after GC invocations=5 (full 0):
 PSYoungGen      total 35840K, used 2559K [0x2f0c0000, 0x31640000, 0x3da00000)
  eden space 33280K, 0% used [0x2f0c0000,0x2f0c0000,0x31140000)
  from space 2560K, 99% used [0x31140000,0x313bfc58,0x313c0000)
  to   space 2560K, 0% used [0x313c0000,0x313c0000,0x31640000)
 ParOldGen       total 43776K, used 5537K [0x11e00000, 0x148c0000, 0x2f0c0000)
  object space 43776K, 12% used [0x11e00000,0x12368580,0x148c0000)
 Metaspace       used 14829K, capacity 15271K, committed 15360K, reserved 15744K
}
Event: 1.286 GC heap before
{Heap before GC invocations=6 (full 0):
 PSYoungGen      total 35840K, used 12185K [0x2f0c0000, 0x31640000, 0x3da00000)
  eden space 33280K, 28% used [0x2f0c0000,0x2fa26ac8,0x31140000)
  from space 2560K, 99% used [0x31140000,0x313bfc58,0x313c0000)
  to   space 2560K, 0% used [0x313c0000,0x313c0000,0x31640000)
 ParOldGen       total 43776K, used 5537K [0x11e00000, 0x148c0000, 0x2f0c0000)
  object space 43776K, 12% used [0x11e00000,0x12368580,0x148c0000)
 Metaspace       used 15954K, capacity 16329K, committed 16384K, reserved 16768K
Event: 1.291 GC heap after
Heap after GC invocations=6 (full 0):
 PSYoungGen      total 35840K, used 2559K [0x2f0c0000, 0x31640000, 0x3da00000)
  eden space 33280K, 0% used [0x2f0c0000,0x2f0c0000,0x31140000)
  from space 2560K, 99% used [0x313c0000,0x3163fc58,0x31640000)
  to   space 2560K, 0% used [0x31140000,0x31140000,0x313c0000)
 ParOldGen       total 43776K, used 5852K [0x11e00000, 0x148c0000, 0x2f0c0000)
  object space 43776K, 13% used [0x11e00000,0x123b71b8,0x148c0000)
 Metaspace       used 15954K, capacity 16329K, committed 16384K, reserved 16768K
}
Event: 1.291 GC heap before
{Heap before GC invocations=7 (full 1):
 PSYoungGen      total 35840K, used 2559K [0x2f0c0000, 0x31640000, 0x3da00000)
  eden space 33280K, 0% used [0x2f0c0000,0x2f0c0000,0x31140000)
  from space 2560K, 99% used [0x313c0000,0x3163fc58,0x31640000)
  to   space 2560K, 0% used [0x31140000,0x31140000,0x313c0000)
 ParOldGen       total 43776K, used 5852K [0x11e00000, 0x148c0000, 0x2f0c0000)
  object space 43776K, 13% used [0x11e00000,0x123b71b8,0x148c0000)
 Metaspace       used 15954K, capacity 16329K, committed 16384K, reserved 16768K
Event: 1.331 GC heap after
Heap after GC invocations=7 (full 1):
 PSYoungGen      total 35840K, used 0K [0x2f0c0000, 0x31640000, 0x3da00000)
  eden space 33280K, 0% used [0x2f0c0000,0x2f0c0000,0x31140000)
  from space 2560K, 0% used [0x313c0000,0x313c0000,0x31640000)
  to   space 2560K, 0% used [0x31140000,0x31140000,0x313c0000)
 ParOldGen       total 34048K, used 7083K [0x11e00000, 0x13f40000, 0x2f0c0000)
  object space 34048K, 20% used [0x11e00000,0x124eadc8,0x13f40000)
 Metaspace       used 15953K, capacity 16327K, committed 16384K, reserved 16768K
}
Event: 3.135 GC heap before
{Heap before GC invocations=8 (full 1):
 PSYoungGen      total 35840K, used 33280K [0x2f0c0000, 0x31640000, 0x3da00000)
  eden space 33280K, 100% used [0x2f0c0000,0x31140000,0x31140000)
  from space 2560K, 0% used [0x313c0000,0x313c0000,0x31640000)
  to   space 2560K, 0% used [0x31140000,0x31140000,0x313c0000)
 ParOldGen       total 34048K, used 7083K [0x11e00000, 0x13f40000, 0x2f0c0000)
  object space 34048K, 20% used [0x11e00000,0x124eadc8,0x13f40000)
 Metaspace       used 18137K, capacity 18695K, committed 18816K, reserved 18816K
Event: 3.139 GC heap after
Heap after GC invocations=8 (full 1):
 PSYoungGen      total 35840K, used 1771K [0x2f0c0000, 0x31640000, 0x3da00000)
  eden space 33280K, 0% used [0x2f0c0000,0x2f0c0000,0x31140000)
  from space 2560K, 69% used [0x31140000,0x312fae98,0x313c0000)
  to   space 2560K, 0% used [0x313c0000,0x313c0000,0x31640000)
 ParOldGen       total 34048K, used 7087K [0x11e00000, 0x13f40000, 0x2f0c0000)
  object space 34048K, 20% used [0x11e00000,0x124ebdc8,0x13f40000)
 Metaspace       used 18137K, capacity 18695K, committed 18816K, reserved 18816K
}

Deoptimization events (10 events):
Event: 8.840 Thread 0x46018800 Uncommon trap: reason=bimorphic action=maybe_recompile pc=0x02e64f38 method=java.io.DataOutputStream.write([BII)V @ 7
Event: 8.840 Thread 0x46018800 Uncommon trap: reason=bimorphic action=maybe_recompile pc=0x02e64f38 method=java.io.DataOutputStream.write([BII)V @ 7
Event: 8.840 Thread 0x46018800 Uncommon trap: reason=bimorphic action=maybe_recompile pc=0x02e64f38 method=java.io.DataOutputStream.write([BII)V @ 7
Event: 8.854 Thread 0x46018800 Uncommon trap: reason=unreached action=reinterpret pc=0x02ca4990 method=java.util.Date.normalize()Lsun/util/calendar/BaseCalendar$Date; @ 4
Event: 8.862 Thread 0x46018800 Uncommon trap: reason=class_check action=maybe_recompile pc=0x02f32518 method=java.util.regex.Pattern$Start.match(Ljava/util/regex/Matcher;ILjava/lang/CharSequence;)Z @ 44
Event: 8.862 Thread 0x46018800 Uncommon trap: reason=class_check action=maybe_recompile pc=0x02f32518 method=java.util.regex.Pattern$Start.match(Ljava/util/regex/Matcher;ILjava/lang/CharSequence;)Z @ 44
Event: 8.862 Thread 0x46018800 Uncommon trap: reason=class_check action=maybe_recompile pc=0x02f32518 method=java.util.regex.Pattern$Start.match(Ljava/util/regex/Matcher;ILjava/lang/CharSequence;)Z @ 44
Event: 8.862 Thread 0x46018800 Uncommon trap: reason=class_check action=maybe_recompile pc=0x02f32518 method=java.util.regex.Pattern$Start.match(Ljava/util/regex/Matcher;ILjava/lang/CharSequence;)Z @ 44
Event: 8.862 Thread 0x46018800 Uncommon trap: reason=class_check action=maybe_recompile pc=0x02c473b8 method=java.util.regex.Pattern$Start.match(Ljava/util/regex/Matcher;ILjava/lang/CharSequence;)Z @ 44
Event: 8.862 Thread 0x46018800 Uncommon trap: reason=class_check action=maybe_recompile pc=0x02b1b754 method=java.util.regex.Pattern$Start.match(Ljava/util/regex/Matcher;ILjava/lang/CharSequence;)Z @ 44

Internal exceptions (10 events):
Event: 6.378 Thread 0x42da1400 Implicit null exception at 0x0307dca6 to 0x0307f41d
Event: 6.378 Thread 0x42da1400 Implicit null exception at 0x030076d3 to 0x030077f9
Event: 6.379 Thread 0x42da1400 Exception <a 'java/security/PrivilegedActionException'> (0x2f67e308) thrown at [D:\re\workspace\8-2-build-windows-i586-cygwin\jdk8u20\1074\hotspot\src\share\vm\prims\jvm.cpp, line 1275]
Event: 6.379 Thread 0x42da1400 Exception <a 'java/security/PrivilegedActionException'> (0x2f8e3768) thrown at [D:\re\workspace\8-2-build-windows-i586-cygwin\jdk8u20\1074\hotspot\src\share\vm\prims\jvm.cpp, line 1275]
Event: 6.380 Thread 0x42da1400 Exception <a 'java/security/PrivilegedActionException'> (0x2f8fc388) thrown at [D:\re\workspace\8-2-build-windows-i586-cygwin\jdk8u20\1074\hotspot\src\share\vm\prims\jvm.cpp, line 1275]
Event: 8.742 Thread 0x42827800 Implicit null exception at 0x02a780cb to 0x02a78110
Event: 8.748 Thread 0x42827800 Exception <a 'java/lang/ClassCastException': java.util.LinkedList cannot be cast to java.util.Vector> (0x2fa440c8) thrown at [D:\re\workspace\8-2-build-windows-i586-cygwin\jdk8u20\1074\hotspot\src\share\vm\interpreter\interpreterRuntime.cpp, line 381]
Event: 8.748 Thread 0x42827800 Exception <a 'java/lang/reflect/InvocationTargetException'> (0x2fa44408) thrown at [D:\re\workspace\8-2-build-windows-i586-cygwin\jdk8u20\1074\hotspot\src\share\vm\runtime\reflection.cpp, line 1079]
Event: 8.843 Thread 0x46018800 Exception <a 'java/lang/NoSuchMethodError': <clinit>> (0x302499c0) thrown at [D:\re\workspace\8-2-build-windows-i586-cygwin\jdk8u20\1074\hotspot\src\share\vm\prims\jni.cpp, line 1603]
Event: 8.854 Thread 0x46018800 Implicit null exception at 0x02ca30df to 0x02ca497d

Events (10 events):
Event: 8.862 Thread 0x46018800 DEOPT UNPACKING pc=0x0290abb2 sp=0x47b2f690 mode 2
Event: 8.862 Thread 0x46018800 Uncommon trap: trap_request=0xffffffde fr.pc=0x02f32518
Event: 8.862 Thread 0x46018800 DEOPT PACKING pc=0x02f32518 sp=0x47b2f700
Event: 8.862 Thread 0x46018800 DEOPT UNPACKING pc=0x0290abb2 sp=0x47b2f690 mode 2
Event: 8.862 Thread 0x46018800 Uncommon trap: trap_request=0xffffffde fr.pc=0x02c473b8
Event: 8.862 Thread 0x46018800 DEOPT PACKING pc=0x02c473b8 sp=0x47b2f6d0
Event: 8.862 Thread 0x46018800 DEOPT UNPACKING pc=0x0290abb2 sp=0x47b2f698 mode 2
Event: 8.862 Thread 0x46018800 Uncommon trap: trap_request=0xffffffde fr.pc=0x02b1b754
Event: 8.862 Thread 0x46018800 DEOPT PACKING pc=0x02b1b754 sp=0x47b2f670
Event: 8.862 Thread 0x46018800 DEOPT UNPACKING pc=0x0290abb2 sp=0x47b2f684 mode 2


Dynamic libraries:
0x00400000 - 0x0042f000 	D:\Netbeans\NetBeans 8.0.1\platform\lib\nbexec.exe
0x772c0000 - 0x77427000 	C:\WINDOWS\SYSTEM32\ntdll.dll
0x76d40000 - 0x76e80000 	C:\WINDOWS\SYSTEM32\KERNEL32.DLL
0x76800000 - 0x768d0000 	C:\WINDOWS\SYSTEM32\KERNELBASE.dll
0x76fd0000 - 0x77048000 	C:\WINDOWS\SYSTEM32\ADVAPI32.DLL
0x74fb0000 - 0x7506e000 	C:\WINDOWS\SYSTEM32\msvcrt.dll
0x75200000 - 0x7534f000 	C:\WINDOWS\SYSTEM32\USER32.dll
0x767c0000 - 0x767fe000 	C:\WINDOWS\SYSTEM32\sechost.dll
0x766b0000 - 0x76760000 	C:\WINDOWS\SYSTEM32\RPCRT4.dll
0x770e0000 - 0x771e7000 	C:\WINDOWS\SYSTEM32\GDI32.dll
0x74ce0000 - 0x74cfd000 	C:\WINDOWS\SYSTEM32\SspiCli.dll
0x74cd0000 - 0x74cd9000 	C:\WINDOWS\SYSTEM32\CRYPTBASE.dll
0x74c70000 - 0x74cc2000 	C:\WINDOWS\SYSTEM32\bcryptPrimitives.dll
0x76680000 - 0x766a5000 	C:\WINDOWS\system32\IMM32.DLL
0x76a00000 - 0x76af7000 	C:\WINDOWS\SYSTEM32\MSCTF.dll
0x58430000 - 0x58496000 	D:\Netbeans\NetBeans 8.0.1\platform\lib\nbexec.dll
0x54180000 - 0x54773000 	C:\Program Files (x86)\Java\jdk1.8.0_20\jre\bin\server\jvm.dll
0x731a0000 - 0x731a8000 	C:\WINDOWS\SYSTEM32\WSOCK32.dll
0x74530000 - 0x74550000 	C:\WINDOWS\SYSTEM32\WINMM.dll
0x769f0000 - 0x769f6000 	C:\WINDOWS\SYSTEM32\PSAPI.DLL
0x57fc0000 - 0x5807f000 	C:\Program Files (x86)\Java\jdk1.8.0_20\jre\bin\MSVCR100.dll
0x76510000 - 0x7655d000 	C:\WINDOWS\SYSTEM32\WS2_32.dll
0x732d0000 - 0x732f0000 	C:\WINDOWS\SYSTEM32\WINMMBASE.dll
0x769e0000 - 0x769e7000 	C:\WINDOWS\SYSTEM32\NSI.dll
0x74f30000 - 0x74f6a000 	C:\WINDOWS\SYSTEM32\cfgmgr32.dll
0x732b0000 - 0x732cf000 	C:\WINDOWS\SYSTEM32\DEVOBJ.dll
0x57f80000 - 0x57fb5000 	C:\Program Files (x86)\Java\jdk1.8.0_20\jre\bin\splashscreen.dll
0x6e570000 - 0x6e64b000 	C:\WINDOWS\system32\uxtheme.dll
0x76e80000 - 0x76fce000 	C:\WINDOWS\SYSTEM32\combase.dll
0x65ad0000 - 0x65adc000 	C:\Program Files (x86)\Java\jdk1.8.0_20\jre\bin\verify.dll
0x57f50000 - 0x57f71000 	C:\Program Files (x86)\Java\jdk1.8.0_20\jre\bin\java.dll
0x768d0000 - 0x769dc000 	C:\WINDOWS\system32\ole32.dll
0x57f30000 - 0x57f43000 	C:\Program Files (x86)\Java\jdk1.8.0_20\jre\bin\zip.dll
0x74b10000 - 0x74b19000 	C:\WINDOWS\SYSTEM32\kernel.appcore.dll
0x75350000 - 0x76507000 	C:\WINDOWS\SYSTEM32\SHELL32.dll
0x76cf0000 - 0x76d31000 	C:\WINDOWS\SYSTEM32\SHLWAPI.dll
0x73230000 - 0x732a6000 	C:\WINDOWS\SYSTEM32\SHCORE.dll
0x73220000 - 0x7322e000 	C:\WINDOWS\SYSTEM32\profapi.dll
0x57f10000 - 0x57f24000 	C:\Program Files (x86)\Java\jdk1.8.0_20\jre\bin\net.dll
0x73120000 - 0x73165000 	C:\WINDOWS\system32\mswsock.dll
0x659c0000 - 0x659cf000 	C:\Program Files (x86)\Java\jdk1.8.0_20\jre\bin\nio.dll
0x727a0000 - 0x727be000 	C:\WINDOWS\SYSTEM32\IPHLPAPI.DLL
0x724d0000 - 0x724d8000 	C:\WINDOWS\SYSTEM32\WINNSI.DLL
0x6eba0000 - 0x6ebb2000 	C:\WINDOWS\SYSTEM32\dhcpcsvc6.DLL
0x6eb80000 - 0x6eb93000 	C:\WINDOWS\SYSTEM32\dhcpcsvc.DLL
0x57dc0000 - 0x57f06000 	C:\Program Files (x86)\Java\jdk1.8.0_20\jre\bin\awt.dll
0x77050000 - 0x770d7000 	C:\WINDOWS\SYSTEM32\OLEAUT32.dll
0x74bd0000 - 0x74c69000 	C:\WINDOWS\system32\apphelp.dll
0x6fd00000 - 0x6fd18000 	C:\WINDOWS\SYSTEM32\CRYPTSP.dll
0x6fcd0000 - 0x6fcff000 	C:\WINDOWS\system32\rsaenh.dll
0x6fc90000 - 0x6fcad000 	C:\WINDOWS\SYSTEM32\bcrypt.dll
0x731b0000 - 0x731c9000 	C:\WINDOWS\SYSTEM32\USERENV.dll
0x6e2b0000 - 0x6e2c8000 	C:\WINDOWS\system32\DWMAPI.DLL
0x6d9d0000 - 0x6d9e0000 	C:\WINDOWS\system32\napinsp.dll
0x6d9b0000 - 0x6d9c4000 	C:\WINDOWS\system32\pnrpnsp.dll
0x6d990000 - 0x6d9a2000 	C:\WINDOWS\system32\NLAapi.dll
0x6d910000 - 0x6d98c000 	C:\WINDOWS\SYSTEM32\DNSAPI.dll
0x6d900000 - 0x6d909000 	C:\WINDOWS\System32\winrnr.dll
0x6d8f0000 - 0x6d8ff000 	C:\WINDOWS\system32\wshbth.dll
0x6d8c0000 - 0x6d8e1000 	C:\Program Files (x86)\Bonjour\mdnsNSP.dll
0x6d860000 - 0x6d867000 	C:\Windows\System32\rasadhlp.dll
0x6d870000 - 0x6d8b4000 	C:\WINDOWS\System32\fwpuclnt.dll
0x6d5c0000 - 0x6d7a6000 	C:\WINDOWS\WinSxS\x86_microsoft.windows.common-controls_6595b64144ccf1df_6.0.9600.17031_none_a9efdb8b01377ea7\COMCTL32.dll
0x6e0e0000 - 0x6e298000 	C:\WINDOWS\system32\d3d9.dll
0x749c0000 - 0x749c8000 	C:\WINDOWS\SYSTEM32\VERSION.dll
0x588d0000 - 0x59529000 	C:\WINDOWS\SYSTEM32\nvd3dum.dll
0x6c5c0000 - 0x6c5fe000 	C:\WINDOWS\SYSTEM32\powrprof.dll
0x57d80000 - 0x57db8000 	C:\Program Files (x86)\Java\jdk1.8.0_20\jre\bin\fontmanager.dll
0x57d50000 - 0x57d80000 	C:\Program Files (x86)\Java\jdk1.8.0_20\jre\bin\t2k.dll
0x46c50000 - 0x46c8d000 	D:\Netbeans\NetBeans 8.0.1\platform\modules\lib\x86\jnidispatch-410.dll
0x677e0000 - 0x67874000 	C:\WINDOWS\SYSTEM32\winhttp.dll
0x76600000 - 0x7667d000 	C:\WINDOWS\SYSTEM32\clbcatq.dll
0x69ad0000 - 0x69c1d000 	C:\WINDOWS\SYSTEM32\WindowsCodecs.dll
0x60d00000 - 0x60d0a000 	C:\Program Files (x86)\Java\jdk1.8.0_20\jre\bin\management.dll
0x76b00000 - 0x76b86000 	C:\WINDOWS\WinSxS\x86_microsoft.windows.common-controls_6595b64144ccf1df_5.82.9600.16384_none_7c55c866aa0c3ff0\comctl32.dll

VM Arguments:
jvm_args: -Dnetbeans.logger.console=true -ea -Djdk.home=C:\Program Files (x86)\Java\jdk1.8.0_20 -splash:D:\Program Development\AlphaMate\AlphaMate\AlphaMate\build\testuserdir\var\cache\splash.png -Dnetbeans.home=D:\Netbeans\NetBeans 8.0.1\platform -Dnetbeans.user=D:\Program Development\AlphaMate\AlphaMate\AlphaMate\build\testuserdir -Dnetbeans.default_userdir_root= -XX:+HeapDumpOnOutOfMemoryError -XX:HeapDumpPath=D:\Program Development\AlphaMate\AlphaMate\AlphaMate\build\testuserdir\var\log\heapdump.hprof -Dsun.awt.keepWorkingSetOnMinimize=true -Dnetbeans.dirs=D:\Program Development\AlphaMate\AlphaMate\AlphaMate\build\cluster;D:\Netbeans\NetBeans 8.0.1\platform exit 
java_command: <unknown>
java_class_path (initial): D:\Netbeans\NetBeans 8.0.1\platform\lib\boot.jar;D:\Netbeans\NetBeans 8.0.1\platform\lib\org-openide-modules.jar;D:\Netbeans\NetBeans 8.0.1\platform\lib\org-openide-util-lookup.jar;D:\Netbeans\NetBeans 8.0.1\platform\lib\org-openide-util.jar;D:\Netbeans\NetBeans 8.0.1\platform\lib\locale\boot_ja.jar;D:\Netbeans\NetBeans 8.0.1\platform\lib\locale\boot_pt_BR.jar;D:\Netbeans\NetBeans 8.0.1\platform\lib\locale\boot_ru.jar;D:\Netbeans\NetBeans 8.0.1\platform\lib\locale\boot_zh_CN.jar;D:\Netbeans\NetBeans 8.0.1\platform\lib\locale\org-openide-modules_ja.jar;D:\Netbeans\NetBeans 8.0.1\platform\lib\locale\org-openide-modules_pt_BR.jar;D:\Netbeans\NetBeans 8.0.1\platform\lib\locale\org-openide-modules_ru.jar;D:\Netbeans\NetBeans 8.0.1\platform\lib\locale\org-openide-modules_zh_CN.jar;D:\Netbeans\NetBeans 8.0.1\platform\lib\locale\org-openide-util-lookup_ja.jar;D:\Netbeans\NetBeans 8.0.1\platform\lib\locale\org-openide-util-lookup_pt_BR.jar;D:\Netbeans\NetBeans 8.0.1\platform\lib\locale\org-openide-util-lookup_ru.jar;D:\Netbeans\NetBeans 8.0.1\platform\lib\locale\org-openide-util-lookup_zh_CN.jar;D:\Netbeans\NetBeans 8.0.1\platform\lib\locale\org-openide-util_ja.jar;D:\Netbeans\NetBeans 8.0.1\platform\lib\locale\org-openide-util_pt_BR.jar;D:\Netbeans\NetBeans 8.0.1\platform\lib\locale\org-openide-util_ru.jar;D:\Netbeans\NetBeans 8.0.1\platform\lib\locale\org-openide-util_zh_CN.jar;C:\Program Files (x86)\Java\jdk1.8.0_20\lib\dt.jar;C:\Program Files (x86)\Java\jdk1.8.0_20\lib\tools.jar
Launcher Type: generic

Environment Variables:
PATH=C:\Program Files (x86)\NVIDIA Corporation\PhysX\Common;C:\ProgramData\Oracle\Java\javapath;C:\WINDOWS\system32;C:\WINDOWS;C:\WINDOWS\System32\Wbem;C:\WINDOWS\System32\WindowsPowerShell\v1.0\;C:\Program Files\TortoiseSVN\bin;C:\Program Files (x86)\Windows Kits\8.1\Windows Performance Toolkit\;C:\Program Files\Microsoft SQL Server\110\Tools\Binn\;C:\Program Files (x86)\Microsoft SDKs\TypeScript\1.0\
USERNAME=Greg
OS=Windows_NT
PROCESSOR_IDENTIFIER=Intel64 Family 6 Model 60 Stepping 3, GenuineIntel



---------------  S Y S T E M  ---------------

OS: Windows 8 , 64 bit Build 9200 

CPU:total 4 (4 cores per cpu, 1 threads per core) family 6 model 60 stepping 3, cmov, cx8, fxsr, mmx, sse, sse2, sse3, ssse3, sse4.1, sse4.2, popcnt, avx, avx2, aes, clmul, erms, lzcnt, tsc, tscinvbit, bmi1, bmi2

Memory: 4k page, physical 16650952k(2392060k free), swap 52724952k(5132k free)

vm_info: Java HotSpot(TM) Server VM (25.20-b23) for windows-x86 JRE (1.8.0_20-b26), built on Jul 30 2014 18:11:35 by "java_re" with MS VC++ 10.0 (VS2010)

time: Sun Nov 09 17:48:42 2014
elapsed time: 8 seconds (0d 0h 0m 8s)

