#
# There is insufficient memory for the Java Runtime Environment to continue.
# Native memory allocation (malloc) failed to allocate 384264 bytes for Chunk::new
# Possible reasons:
#   The system is out of physical RAM or swap space
#   In 32 bit mode, the process size limit was hit
# Possible solutions:
#   Reduce memory load on the system
#   Increase physical memory or swap space
#   Check if swap backing store is full
#   Use 64 bit Java on a 64 bit OS
#   Decrease Java heap size (-Xmx/-Xms)
#   Decrease number of Java threads
#   Decrease Java thread stack sizes (-Xss)
#   Set larger code cache with -XX:ReservedCodeCacheSize=
# This output file may be truncated or incomplete.
#
#  Out of Memory Error (allocation.cpp:390), pid=7808, tid=4268
#
# JRE version: Java(TM) SE Runtime Environment (8.0_20-b26) (build 1.8.0_20-b26)
# Java VM: Java HotSpot(TM) Server VM (25.20-b23 mixed mode windows-x86 )
# Failed to write core dump. Minidumps are not enabled by default on client versions of Windows
#

---------------  T H R E A D  ---------------

Current thread (0x3f8ab400):  JavaThread "C2 CompilerThread0" daemon [_thread_in_native, id=4268, stack(0x40410000,0x40610000)]

Stack: [0x40410000,0x40610000],  sp=0x4060e410,  free space=2041k
Native frames: (J=compiled Java code, j=interpreted, Vv=VM code, C=native code)
V  [jvm.dll+0x1ad1db]
V  [jvm.dll+0x1a61a8]
V  [jvm.dll+0x8cb45]
V  [jvm.dll+0x8cefa]
V  [jvm.dll+0xa3674]
V  [jvm.dll+0x3125a0]
V  [jvm.dll+0x348305]
V  [jvm.dll+0x304135]
V  [jvm.dll+0x309631]
V  [jvm.dll+0x309f43]
V  [jvm.dll+0x2f4296]
V  [jvm.dll+0x7130a]
V  [jvm.dll+0x719c9]
V  [jvm.dll+0x17f87c]
V  [jvm.dll+0x17f96a]
V  [jvm.dll+0x1c46a6]
C  [MSVCR100.dll+0x5c556]
C  [MSVCR100.dll+0x5c600]
C  [KERNEL32.DLL+0x1919f]
C  [ntdll.dll+0x50bbb]
C  [ntdll.dll+0x50b91]
C  0x00000000


Current CompileTask:
C2:   1468 2680       4       java.awt.datatransfer.DataFlavor::hashCode (128 bytes)


---------------  P R O C E S S  ---------------

Java Threads: ( => current thread )
  0x4614b400 JavaThread "Image Fetcher 0" daemon [_thread_blocked, id=7964, stack(0x48300000,0x48500000)]
  0x4614ac00 JavaThread "Flushing caches" [_thread_blocked, id=8696, stack(0x48100000,0x48300000)]
  0x4614d800 JavaThread "Default RequestProcessor" daemon [_thread_blocked, id=8600, stack(0x47dc0000,0x47fc0000)]
  0x4614a400 JavaThread "TimerQueue" daemon [_thread_blocked, id=8180, stack(0x47a80000,0x47c80000)]
  0x4614e000 JavaThread "Thread-3" daemon [_thread_blocked, id=8840, stack(0x47740000,0x47940000)]
  0x4614c400 JavaThread "File Watcher" daemon [_thread_blocked, id=8708, stack(0x47300000,0x47500000)]
  0x46207000 JavaThread "Inactive RequestProcessor thread [Was:Folder recognizer/org.openide.loaders.FolderList$ListTask]" daemon [_thread_blocked, id=4584, stack(0x46f80000,0x47180000)]
  0x42507000 JavaThread "D3D Screen Updater" daemon [_thread_blocked, id=8868, stack(0x45480000,0x45680000)]
  0x4130d400 JavaThread "AWT-EventQueue-0" [_thread_blocked, id=7860, stack(0x450c0000,0x452c0000)]
  0x412da000 JavaThread "AWT-Windows" daemon [_thread_in_native, id=7488, stack(0x431a0000,0x433a0000)]
  0x412d9800 JavaThread "AWT-Shutdown" [_thread_blocked, id=9144, stack(0x42fa0000,0x431a0000)]
  0x412d9400 JavaThread "Java2D Disposer" daemon [_thread_blocked, id=8824, stack(0x42da0000,0x42fa0000)]
  0x411c8c00 JavaThread "RequestProcessor queue manager" daemon [_thread_blocked, id=7904, stack(0x42030000,0x42230000)]
  0x411d2c00 JavaThread "System clipboard synchronizer" daemon [_thread_blocked, id=7312, stack(0x417d0000,0x419d0000)]
  0x411aec00 JavaThread "CLI Requests Server" daemon [_thread_in_native, id=3760, stack(0x41590000,0x41790000)]
  0x41170800 JavaThread "Active Reference Queue Daemon" daemon [_thread_blocked, id=8268, stack(0x41350000,0x41550000)]
  0x3f8d0000 JavaThread "Service Thread" daemon [_thread_blocked, id=6968, stack(0x40ad0000,0x40cd0000)]
  0x3f89dc00 JavaThread "C1 CompilerThread2" daemon [_thread_blocked, id=3656, stack(0x40890000,0x40a90000)]
  0x3f89d000 JavaThread "C2 CompilerThread1" daemon [_thread_blocked, id=6572, stack(0x40650000,0x40850000)]
=>0x3f8ab400 JavaThread "C2 CompilerThread0" daemon [_thread_in_native, id=4268, stack(0x40410000,0x40610000)]
  0x3f8a8c00 JavaThread "Attach Listener" daemon [_thread_blocked, id=7540, stack(0x401d0000,0x403d0000)]
  0x3f8a7c00 JavaThread "Signal Dispatcher" daemon [_thread_blocked, id=4824, stack(0x3ff90000,0x40190000)]
  0x3f874000 JavaThread "Finalizer" daemon [_thread_blocked, id=8636, stack(0x3fd50000,0x3ff50000)]
  0x3f86f800 JavaThread "Reference Handler" daemon [_thread_blocked, id=7524, stack(0x3fb50000,0x3fd50000)]
  0x003cd000 JavaThread "main" [_thread_blocked, id=8648, stack(0x00090000,0x00290000)]

Other Threads:
  0x3f86ac00 VMThread [stack: 0x3f950000,0x3fb50000] [id=8476]
  0x3f8d5400 WatcherThread [stack: 0x40d10000,0x40f10000] [id=7796]

VM state:at safepoint (normal execution)

VM Mutex/Monitor currently owned by a thread:  ([mutex/lock_event])
[0x003cb1e0] Threads_lock - owner thread: 0x3f86ac00
[0x003cb988] Heap_lock - owner thread: 0x4130d400

Heap:
 PSYoungGen      total 35840K, used 792K [0x2e6c0000, 0x30c40000, 0x3d000000)
  eden space 33280K, 0% used [0x2e6c0000,0x2e6c0000,0x30740000)
  from space 2560K, 30% used [0x30740000,0x30806330,0x309c0000)
  to   space 2560K, 0% used [0x309c0000,0x309c0000,0x30c40000)
 ParOldGen       total 33536K, used 6824K [0x11400000, 0x134c0000, 0x2e6c0000)
  object space 33536K, 20% used [0x11400000,0x11aaa3d8,0x134c0000)
 Metaspace       used 16741K, capacity 17228K, committed 17280K, reserved 20864K

Card table byte_map: [0x3d000000,0x3d160000] byte_map_base: 0x3cf76000

Marking Bits: (ParMarkBitMap*) 0x54703478
 Begin Bits: [0x3da50000, 0x3e540000)
 End Bits:   [0x3e540000, 0x3f030000)

Polling page: 0x003a0000

CodeCache: size=245760Kb used=7850Kb max_used=7852Kb free=237909Kb
 bounds [0x01fa0000, 0x02758000, 0x10fa0000]
 total_blobs=2984 nmethods=2715 adapters=183
 compilation: enabled

Compilation events (10 events):
Event: 1.456 Thread 0x3f89dc00 nmethod 2714 0x0273edc8 code [0x0273f400, 0x027429ec]
Event: 1.456 Thread 0x3f89dc00 2715       3       java.security.AccessControlContext::<init> (153 bytes)
Event: 1.457 Thread 0x3f89d000 nmethod 2670 0x02749348 code [0x02749500, 0x0274a884]
Event: 1.457 Thread 0x3f89dc00 nmethod 2715 0x02747e08 code [0x02748000, 0x02748ddc]
Event: 1.457 Thread 0x3f89dc00 2716       3       sun.reflect.misc.ReflectUtil::isNonPublicProxyClass (51 bytes)
Event: 1.457 Thread 0x3f89d000 2705       4       java.awt.datatransfer.MimeType::isValidToken (43 bytes)
Event: 1.457 Thread 0x3f89dc00 nmethod 2716 0x02746dc8 code [0x02746fa0, 0x027478ec]
Event: 1.459 Thread 0x3f89dc00 2717       1       java.lang.reflect.Constructor::getModifiers (5 bytes)
Event: 1.459 Thread 0x3f89dc00 nmethod 2717 0x02746bc8 code [0x02746cc0, 0x02746d60]
Event: 1.460 Thread 0x3f89dc00 2718       3       org.netbeans.JarClassLoader::findResources (55 bytes)

GC Heap History (10 events):
Event: 0.871 GC heap before
{Heap before GC invocations=3 (full 0):
 PSYoungGen      total 19200K, used 19149K [0x2e6c0000, 0x2fc00000, 0x3d000000)
  eden space 16640K, 99% used [0x2e6c0000,0x2f6f4a80,0x2f700000)
  from space 2560K, 99% used [0x2f980000,0x2fbfeb80,0x2fc00000)
  to   space 2560K, 0% used [0x2f700000,0x2f700000,0x2f980000)
 ParOldGen       total 43776K, used 1093K [0x11400000, 0x13ec0000, 0x2e6c0000)
  object space 43776K, 2% used [0x11400000,0x11511768,0x13ec0000)
 Metaspace       used 10363K, capacity 10568K, committed 10624K, reserved 10624K
Event: 0.874 GC heap after
Heap after GC invocations=3 (full 0):
 PSYoungGen      total 19200K, used 2547K [0x2e6c0000, 0x30c40000, 0x3d000000)
  eden space 16640K, 0% used [0x2e6c0000,0x2e6c0000,0x2f700000)
  from space 2560K, 99% used [0x2f700000,0x2f97cfc8,0x2f980000)
  to   space 2560K, 0% used [0x309c0000,0x309c0000,0x30c40000)
 ParOldGen       total 43776K, used 2116K [0x11400000, 0x13ec0000, 0x2e6c0000)
  object space 43776K, 4% used [0x11400000,0x11611010,0x13ec0000)
 Metaspace       used 10363K, capacity 10568K, committed 10624K, reserved 10624K
}
Event: 1.052 GC heap before
{Heap before GC invocations=4 (full 0):
 PSYoungGen      total 19200K, used 19187K [0x2e6c0000, 0x30c40000, 0x3d000000)
  eden space 16640K, 100% used [0x2e6c0000,0x2f700000,0x2f700000)
  from space 2560K, 99% used [0x2f700000,0x2f97cfc8,0x2f980000)
  to   space 2560K, 0% used [0x309c0000,0x309c0000,0x30c40000)
 ParOldGen       total 43776K, used 2116K [0x11400000, 0x13ec0000, 0x2e6c0000)
  object space 43776K, 4% used [0x11400000,0x11611010,0x13ec0000)
 Metaspace       used 12730K, capacity 13164K, committed 13312K, reserved 13696K
Event: 1.059 GC heap after
Heap after GC invocations=4 (full 0):
 PSYoungGen      total 35840K, used 2544K [0x2e6c0000, 0x30c40000, 0x3d000000)
  eden space 33280K, 0% used [0x2e6c0000,0x2e6c0000,0x30740000)
  from space 2560K, 99% used [0x309c0000,0x30c3c0b0,0x30c40000)
  to   space 2560K, 0% used [0x30740000,0x30740000,0x309c0000)
 ParOldGen       total 43776K, used 3330K [0x11400000, 0x13ec0000, 0x2e6c0000)
  object space 43776K, 7% used [0x11400000,0x117409e0,0x13ec0000)
 Metaspace       used 12730K, capacity 13164K, committed 13312K, reserved 13696K
}
Event: 1.257 GC heap before
{Heap before GC invocations=5 (full 0):
 PSYoungGen      total 35840K, used 35824K [0x2e6c0000, 0x30c40000, 0x3d000000)
  eden space 33280K, 100% used [0x2e6c0000,0x30740000,0x30740000)
  from space 2560K, 99% used [0x309c0000,0x30c3c0b0,0x30c40000)
  to   space 2560K, 0% used [0x30740000,0x30740000,0x309c0000)
 ParOldGen       total 43776K, used 3330K [0x11400000, 0x13ec0000, 0x2e6c0000)
  object space 43776K, 7% used [0x11400000,0x117409e0,0x13ec0000)
 Metaspace       used 15396K, capacity 15858K, committed 16000K, reserved 16768K
Event: 1.262 GC heap after
Heap after GC invocations=5 (full 0):
 PSYoungGen      total 35840K, used 2559K [0x2e6c0000, 0x30c40000, 0x3d000000)
  eden space 33280K, 0% used [0x2e6c0000,0x2e6c0000,0x30740000)
  from space 2560K, 99% used [0x30740000,0x309bfdf0,0x309c0000)
  to   space 2560K, 0% used [0x309c0000,0x309c0000,0x30c40000)
 ParOldGen       total 43776K, used 5148K [0x11400000, 0x13ec0000, 0x2e6c0000)
  object space 43776K, 11% used [0x11400000,0x11907220,0x13ec0000)
 Metaspace       used 15396K, capacity 15858K, committed 16000K, reserved 16768K
}
Event: 1.309 GC heap before
{Heap before GC invocations=6 (full 0):
 PSYoungGen      total 35840K, used 19226K [0x2e6c0000, 0x30c40000, 0x3d000000)
  eden space 33280K, 50% used [0x2e6c0000,0x2f706c00,0x30740000)
  from space 2560K, 99% used [0x30740000,0x309bfdf0,0x309c0000)
  to   space 2560K, 0% used [0x309c0000,0x309c0000,0x30c40000)
 ParOldGen       total 43776K, used 5148K [0x11400000, 0x13ec0000, 0x2e6c0000)
  object space 43776K, 11% used [0x11400000,0x11907220,0x13ec0000)
 Metaspace       used 15897K, capacity 16317K, committed 16384K, reserved 16768K
Event: 1.313 GC heap after
Heap after GC invocations=6 (full 0):
 PSYoungGen      total 35840K, used 2546K [0x2e6c0000, 0x30c40000, 0x3d000000)
  eden space 33280K, 0% used [0x2e6c0000,0x2e6c0000,0x30740000)
  from space 2560K, 99% used [0x309c0000,0x30c3caf8,0x30c40000)
  to   space 2560K, 0% used [0x30740000,0x30740000,0x309c0000)
 ParOldGen       total 43776K, used 5360K [0x11400000, 0x13ec0000, 0x2e6c0000)
  object space 43776K, 12% used [0x11400000,0x1193c3b8,0x13ec0000)
 Metaspace       used 15897K, capacity 16317K, committed 16384K, reserved 16768K
}
Event: 1.313 GC heap before
{Heap before GC invocations=7 (full 1):
 PSYoungGen      total 35840K, used 2546K [0x2e6c0000, 0x30c40000, 0x3d000000)
  eden space 33280K, 0% used [0x2e6c0000,0x2e6c0000,0x30740000)
  from space 2560K, 99% used [0x309c0000,0x30c3caf8,0x30c40000)
  to   space 2560K, 0% used [0x30740000,0x30740000,0x309c0000)
 ParOldGen       total 43776K, used 5360K [0x11400000, 0x13ec0000, 0x2e6c0000)
  object space 43776K, 12% used [0x11400000,0x1193c3b8,0x13ec0000)
 Metaspace       used 15897K, capacity 16317K, committed 16384K, reserved 16768K
Event: 1.346 GC heap after
Heap after GC invocations=7 (full 1):
 PSYoungGen      total 35840K, used 0K [0x2e6c0000, 0x30c40000, 0x3d000000)
  eden space 33280K, 0% used [0x2e6c0000,0x2e6c0000,0x30740000)
  from space 2560K, 0% used [0x309c0000,0x309c0000,0x30c40000)
  to   space 2560K, 0% used [0x30740000,0x30740000,0x309c0000)
 ParOldGen       total 33536K, used 6820K [0x11400000, 0x134c0000, 0x2e6c0000)
  object space 33536K, 20% used [0x11400000,0x11aa93d8,0x134c0000)
 Metaspace       used 15896K, capacity 16314K, committed 16384K, reserved 16768K
}

Deoptimization events (10 events):
Event: 1.188 Thread 0x411d2c00 Uncommon trap: reason=class_check action=maybe_recompile pc=0x0254bd9c method=java.util.WeakHashMap.eq(Ljava/lang/Object;Ljava/lang/Object;)Z @ 7
Event: 1.202 Thread 0x4130d400 Uncommon trap: reason=unreached action=reinterpret pc=0x02502440 method=java.lang.StringBuffer.toString()Ljava/lang/String; @ 4
Event: 1.237 Thread 0x4130d400 Uncommon trap: reason=class_check action=maybe_recompile pc=0x02426c2c method=com.sun.org.apache.xerces.internal.parsers.AbstractSAXParser.characters(Lcom/sun/org/apache/xerces/internal/xni/XMLString;Lcom/sun/org/apache/xerces/internal/xni/Augmentations;)V6i{Ëó?
Event: 1.237 Thread 0x4130d400 Uncommon trap: reason=class_check action=maybe_recompile pc=0x02426c2c method=com.sun.org.apache.xerces.internal.parsers.AbstractSAXParser.characters(Lcom/sun/org/apache/xerces/internal/xni/XMLString;Lcom/sun/org/apache/xerces/internal/xni/Augmentations;)V›.±;†Z
Event: 1.237 Thread 0x4130d400 Uncommon trap: reason=class_check action=maybe_recompile pc=0x02426c2c method=com.sun.org.apache.xerces.internal.parsers.AbstractSAXParser.characters(Lcom/sun/org/apache/xerces/internal/xni/XMLString;Lcom/sun/org/apache/xerces/internal/xni/Augmentations;)VÞƒ©Ìó?
Event: 1.237 Thread 0x4130d400 Uncommon trap: reason=class_check action=maybe_recompile pc=0x02426c2c method=com.sun.org.apache.xerces.internal.parsers.AbstractSAXParser.characters(Lcom/sun/org/apache/xerces/internal/xni/XMLString;Lcom/sun/org/apache/xerces/internal/xni/Augmentations;)VHÏµôªô?
Event: 1.292 Thread 0x411c8c00 Uncommon trap: reason=unloaded action=reinterpret pc=0x02694b98 method=java.lang.SecurityManager.checkPackageAccess(Ljava/lang/String;)V @ 117
Event: 1.362 Thread 0x4130d400 Uncommon trap: reason=unreached action=reinterpret pc=0x0254bef8 method=java.util.WeakHashMap.expungeStaleEntries()V @ 66
Event: 1.373 Thread 0x4130d400 Uncommon trap: reason=bimorphic action=maybe_recompile pc=0x02500ba0 method=java.util.Properties$LineReader.readLine()I @ 410
Event: 1.386 Thread 0x4130d400 Uncommon trap: reason=unreached action=reinterpret pc=0x024c28a0 method=java.util.WeakHashMap.expungeStaleEntries()V @ 66

Internal exceptions (10 events):
Event: 1.305 Thread 0x4130d400 Exception <a 'java/security/PrivilegedActionException'> (0x2f586e98) thrown at [D:\re\workspace\8-2-build-windows-i586-cygwin\jdk8u20\1074\hotspot\src\share\vm\prims\jvm.cpp, line 1275]
Event: 1.305 Thread 0x4130d400 Exception <a 'java/security/PrivilegedActionException'> (0x2f5892f8) thrown at [D:\re\workspace\8-2-build-windows-i586-cygwin\jdk8u20\1074\hotspot\src\share\vm\prims\jvm.cpp, line 1275]
Event: 1.309 Thread 0x4130d400 Exception <a 'java/security/PrivilegedActionException'> (0x2f6d37d8) thrown at [D:\re\workspace\8-2-build-windows-i586-cygwin\jdk8u20\1074\hotspot\src\share\vm\prims\jvm.cpp, line 1275]
Event: 1.309 Thread 0x4130d400 Exception <a 'java/security/PrivilegedActionException'> (0x2f6d6080) thrown at [D:\re\workspace\8-2-build-windows-i586-cygwin\jdk8u20\1074\hotspot\src\share\vm\prims\jvm.cpp, line 1275]
Event: 1.382 Thread 0x4130d400 Exception <a 'java/security/PrivilegedActionException'> (0x2eb2cea8) thrown at [D:\re\workspace\8-2-build-windows-i586-cygwin\jdk8u20\1074\hotspot\src\share\vm\prims\jvm.cpp, line 1275]
Event: 1.412 Thread 0x4130d400 Exception <a 'java/security/PrivilegedActionException'> (0x2ec55178) thrown at [D:\re\workspace\8-2-build-windows-i586-cygwin\jdk8u20\1074\hotspot\src\share\vm\prims\jvm.cpp, line 1275]
Event: 1.412 Thread 0x4130d400 Exception <a 'java/security/PrivilegedActionException'> (0x2ec57428) thrown at [D:\re\workspace\8-2-build-windows-i586-cygwin\jdk8u20\1074\hotspot\src\share\vm\prims\jvm.cpp, line 1275]
Event: 1.435 Thread 0x4130d400 Exception <a 'java/security/PrivilegedActionException'> (0x2ecbbcb0) thrown at [D:\re\workspace\8-2-build-windows-i586-cygwin\jdk8u20\1074\hotspot\src\share\vm\prims\jvm.cpp, line 1275]
Event: 1.436 Thread 0x4130d400 Exception <a 'java/security/PrivilegedActionException'> (0x2ecc8498) thrown at [D:\re\workspace\8-2-build-windows-i586-cygwin\jdk8u20\1074\hotspot\src\share\vm\prims\jvm.cpp, line 1275]
Event: 1.439 Thread 0x4130d400 Exception <a 'java/security/PrivilegedActionException'> (0x2ecec9a8) thrown at [D:\re\workspace\8-2-build-windows-i586-cygwin\jdk8u20\1074\hotspot\src\share\vm\prims\jvm.cpp, line 1275]

Events (10 events):
Event: 1.458 loading class sun/awt/im/CompositionAreaHandler
Event: 1.458 loading class sun/awt/im/CompositionAreaHandler done
Event: 1.458 loading class java/text/AttributedString
Event: 1.458 loading class java/text/AttributedString done
Event: 1.458 loading class java/text/AttributedString$AttributedStringIterator
Event: 1.458 loading class java/text/AttributedCharacterIterator
Event: 1.458 loading class java/text/CharacterIterator
Event: 1.458 loading class java/text/CharacterIterator done
Event: 1.458 loading class java/text/AttributedCharacterIterator done
Event: 1.458 loading class java/text/AttributedString$AttributedStringIterator done


Dynamic libraries:
0x00400000 - 0x0042f000 	D:\Netbeans\NetBeans 8.0.1\platform\lib\nbexec.exe
0x772c0000 - 0x77427000 	C:\WINDOWS\SYSTEM32\ntdll.dll
0x76d40000 - 0x76e80000 	C:\WINDOWS\SYSTEM32\KERNEL32.DLL
0x76800000 - 0x768d0000 	C:\WINDOWS\SYSTEM32\KERNELBASE.dll
0x76fd0000 - 0x77048000 	C:\WINDOWS\SYSTEM32\ADVAPI32.DLL
0x74fb0000 - 0x7506e000 	C:\WINDOWS\SYSTEM32\msvcrt.dll
0x75200000 - 0x7534f000 	C:\WINDOWS\SYSTEM32\USER32.dll
0x767c0000 - 0x767fe000 	C:\WINDOWS\SYSTEM32\sechost.dll
0x766b0000 - 0x76760000 	C:\WINDOWS\SYSTEM32\RPCRT4.dll
0x770e0000 - 0x771e7000 	C:\WINDOWS\SYSTEM32\GDI32.dll
0x74ce0000 - 0x74cfd000 	C:\WINDOWS\SYSTEM32\SspiCli.dll
0x74cd0000 - 0x74cd9000 	C:\WINDOWS\SYSTEM32\CRYPTBASE.dll
0x74c70000 - 0x74cc2000 	C:\WINDOWS\SYSTEM32\bcryptPrimitives.dll
0x76680000 - 0x766a5000 	C:\WINDOWS\system32\IMM32.DLL
0x76a00000 - 0x76af7000 	C:\WINDOWS\SYSTEM32\MSCTF.dll
0x58430000 - 0x58496000 	D:\Netbeans\NetBeans 8.0.1\platform\lib\nbexec.dll
0x54180000 - 0x54773000 	C:\Program Files (x86)\Java\jdk1.8.0_20\jre\bin\server\jvm.dll
0x731a0000 - 0x731a8000 	C:\WINDOWS\SYSTEM32\WSOCK32.dll
0x74530000 - 0x74550000 	C:\WINDOWS\SYSTEM32\WINMM.dll
0x769f0000 - 0x769f6000 	C:\WINDOWS\SYSTEM32\PSAPI.DLL
0x57fc0000 - 0x5807f000 	C:\Program Files (x86)\Java\jdk1.8.0_20\jre\bin\MSVCR100.dll
0x76510000 - 0x7655d000 	C:\WINDOWS\SYSTEM32\WS2_32.dll
0x732d0000 - 0x732f0000 	C:\WINDOWS\SYSTEM32\WINMMBASE.dll
0x769e0000 - 0x769e7000 	C:\WINDOWS\SYSTEM32\NSI.dll
0x74f30000 - 0x74f6a000 	C:\WINDOWS\SYSTEM32\cfgmgr32.dll
0x732b0000 - 0x732cf000 	C:\WINDOWS\SYSTEM32\DEVOBJ.dll
0x57f80000 - 0x57fb5000 	C:\Program Files (x86)\Java\jdk1.8.0_20\jre\bin\splashscreen.dll
0x65ad0000 - 0x65adc000 	C:\Program Files (x86)\Java\jdk1.8.0_20\jre\bin\verify.dll
0x57f50000 - 0x57f71000 	C:\Program Files (x86)\Java\jdk1.8.0_20\jre\bin\java.dll
0x57f30000 - 0x57f43000 	C:\Program Files (x86)\Java\jdk1.8.0_20\jre\bin\zip.dll
0x75350000 - 0x76507000 	C:\WINDOWS\SYSTEM32\SHELL32.dll
0x76e80000 - 0x76fce000 	C:\WINDOWS\SYSTEM32\combase.dll
0x76cf0000 - 0x76d31000 	C:\WINDOWS\SYSTEM32\SHLWAPI.dll
0x73230000 - 0x732a6000 	C:\WINDOWS\SYSTEM32\SHCORE.dll
0x73220000 - 0x7322e000 	C:\WINDOWS\SYSTEM32\profapi.dll
0x57f10000 - 0x57f24000 	C:\Program Files (x86)\Java\jdk1.8.0_20\jre\bin\net.dll
0x73120000 - 0x73165000 	C:\WINDOWS\system32\mswsock.dll
0x659c0000 - 0x659cf000 	C:\Program Files (x86)\Java\jdk1.8.0_20\jre\bin\nio.dll
0x727a0000 - 0x727be000 	C:\WINDOWS\SYSTEM32\IPHLPAPI.DLL
0x724d0000 - 0x724d8000 	C:\WINDOWS\SYSTEM32\WINNSI.DLL
0x6eba0000 - 0x6ebb2000 	C:\WINDOWS\SYSTEM32\dhcpcsvc6.DLL
0x6eb80000 - 0x6eb93000 	C:\WINDOWS\SYSTEM32\dhcpcsvc.DLL
0x57dc0000 - 0x57f06000 	C:\Program Files (x86)\Java\jdk1.8.0_20\jre\bin\awt.dll
0x77050000 - 0x770d7000 	C:\WINDOWS\SYSTEM32\OLEAUT32.dll
0x74bd0000 - 0x74c69000 	C:\WINDOWS\system32\apphelp.dll
0x6fd00000 - 0x6fd18000 	C:\WINDOWS\SYSTEM32\CRYPTSP.dll
0x6fcd0000 - 0x6fcff000 	C:\WINDOWS\system32\rsaenh.dll
0x6fc90000 - 0x6fcad000 	C:\WINDOWS\SYSTEM32\bcrypt.dll
0x731b0000 - 0x731c9000 	C:\WINDOWS\SYSTEM32\USERENV.dll
0x6e2b0000 - 0x6e2c8000 	C:\WINDOWS\system32\DWMAPI.DLL
0x6e570000 - 0x6e64b000 	C:\WINDOWS\system32\uxtheme.dll
0x6d9d0000 - 0x6d9e0000 	C:\WINDOWS\system32\napinsp.dll
0x6d9b0000 - 0x6d9c4000 	C:\WINDOWS\system32\pnrpnsp.dll
0x6d990000 - 0x6d9a2000 	C:\WINDOWS\system32\NLAapi.dll
0x6d910000 - 0x6d98c000 	C:\WINDOWS\SYSTEM32\DNSAPI.dll
0x6d900000 - 0x6d909000 	C:\WINDOWS\System32\winrnr.dll
0x6d8f0000 - 0x6d8ff000 	C:\WINDOWS\system32\wshbth.dll
0x6d8c0000 - 0x6d8e1000 	C:\Program Files (x86)\Bonjour\mdnsNSP.dll
0x6d860000 - 0x6d867000 	C:\Windows\System32\rasadhlp.dll
0x6d870000 - 0x6d8b4000 	C:\WINDOWS\System32\fwpuclnt.dll
0x6d5c0000 - 0x6d7a6000 	C:\WINDOWS\WinSxS\x86_microsoft.windows.common-controls_6595b64144ccf1df_6.0.9600.17031_none_a9efdb8b01377ea7\COMCTL32.dll
0x768d0000 - 0x769dc000 	C:\WINDOWS\SYSTEM32\ole32.dll
0x74b10000 - 0x74b19000 	C:\WINDOWS\SYSTEM32\kernel.appcore.dll
0x6e0e0000 - 0x6e298000 	C:\WINDOWS\system32\d3d9.dll
0x749c0000 - 0x749c8000 	C:\WINDOWS\SYSTEM32\VERSION.dll
0x588d0000 - 0x59529000 	C:\WINDOWS\SYSTEM32\nvd3dum.dll
0x6c5c0000 - 0x6c5fe000 	C:\WINDOWS\SYSTEM32\powrprof.dll
0x57d80000 - 0x57db8000 	C:\Program Files (x86)\Java\jdk1.8.0_20\jre\bin\fontmanager.dll
0x57d50000 - 0x57d80000 	C:\Program Files (x86)\Java\jdk1.8.0_20\jre\bin\t2k.dll
0x47180000 - 0x471bd000 	D:\Netbeans\NetBeans 8.0.1\platform\modules\lib\x86\jnidispatch-410.dll
0x677e0000 - 0x67874000 	C:\WINDOWS\SYSTEM32\winhttp.dll
0x76600000 - 0x7667d000 	C:\WINDOWS\SYSTEM32\clbcatq.dll
0x69ad0000 - 0x69c1d000 	C:\WINDOWS\SYSTEM32\WindowsCodecs.dll

VM Arguments:
jvm_args: -Dnetbeans.logger.console=true -ea -Djdk.home=C:\Program Files (x86)\Java\jdk1.8.0_20 -Dnetbeans.home=D:\Netbeans\NetBeans 8.0.1\platform -Dnetbeans.user=D:\Program Development\AlphaMate\AlphaMate\AlphaMate\build\testuserdir -Dnetbeans.default_userdir_root= -XX:+HeapDumpOnOutOfMemoryError -XX:HeapDumpPath=D:\Program Development\AlphaMate\AlphaMate\AlphaMate\build\testuserdir\var\log\heapdump.hprof -Dsun.awt.keepWorkingSetOnMinimize=true -Dnetbeans.dirs=D:\Program Development\AlphaMate\AlphaMate\AlphaMate\build\cluster;D:\Netbeans\NetBeans 8.0.1\platform exit 
java_command: <unknown>
java_class_path (initial): D:\Netbeans\NetBeans 8.0.1\platform\lib\boot.jar;D:\Netbeans\NetBeans 8.0.1\platform\lib\org-openide-modules.jar;D:\Netbeans\NetBeans 8.0.1\platform\lib\org-openide-util-lookup.jar;D:\Netbeans\NetBeans 8.0.1\platform\lib\org-openide-util.jar;D:\Netbeans\NetBeans 8.0.1\platform\lib\locale\boot_ja.jar;D:\Netbeans\NetBeans 8.0.1\platform\lib\locale\boot_pt_BR.jar;D:\Netbeans\NetBeans 8.0.1\platform\lib\locale\boot_ru.jar;D:\Netbeans\NetBeans 8.0.1\platform\lib\locale\boot_zh_CN.jar;D:\Netbeans\NetBeans 8.0.1\platform\lib\locale\org-openide-modules_ja.jar;D:\Netbeans\NetBeans 8.0.1\platform\lib\locale\org-openide-modules_pt_BR.jar;D:\Netbeans\NetBeans 8.0.1\platform\lib\locale\org-openide-modules_ru.jar;D:\Netbeans\NetBeans 8.0.1\platform\lib\locale\org-openide-modules_zh_CN.jar;D:\Netbeans\NetBeans 8.0.1\platform\lib\locale\org-openide-util-lookup_ja.jar;D:\Netbeans\NetBeans 8.0.1\platform\lib\locale\org-openide-util-lookup_pt_BR.jar;D:\Netbeans\NetBeans 8.0.1\platform\lib\locale\org-openide-util-lookup_ru.jar;D:\Netbeans\NetBeans 8.0.1\platform\lib\locale\org-openide-util-lookup_zh_CN.jar;D:\Netbeans\NetBeans 8.0.1\platform\lib\locale\org-openide-util_ja.jar;D:\Netbeans\NetBeans 8.0.1\platform\lib\locale\org-openide-util_pt_BR.jar;D:\Netbeans\NetBeans 8.0.1\platform\lib\locale\org-openide-util_ru.jar;D:\Netbeans\NetBeans 8.0.1\platform\lib\locale\org-openide-util_zh_CN.jar;C:\Program Files (x86)\Java\jdk1.8.0_20\lib\dt.jar;C:\Program Files (x86)\Java\jdk1.8.0_20\lib\tools.jar
Launcher Type: generic

Environment Variables:
PATH=C:\Program Files (x86)\NVIDIA Corporation\PhysX\Common;C:\ProgramData\Oracle\Java\javapath;C:\WINDOWS\system32;C:\WINDOWS;C:\WINDOWS\System32\Wbem;C:\WINDOWS\System32\WindowsPowerShell\v1.0\;C:\Program Files\TortoiseSVN\bin;C:\Program Files (x86)\Windows Kits\8.1\Windows Performance Toolkit\;C:\Program Files\Microsoft SQL Server\110\Tools\Binn\;C:\Program Files (x86)\Microsoft SDKs\TypeScript\1.0\
USERNAME=Greg
OS=Windows_NT
PROCESSOR_IDENTIFIER=Intel64 Family 6 Model 60 Stepping 3, GenuineIntel



---------------  S Y S T E M  ---------------

OS: Windows 8 , 64 bit Build 9200 

CPU:total 4 (4 cores per cpu, 1 threads per core) family 6 model 60 stepping 3, cmov, cx8, fxsr, mmx, sse, sse2, sse3, ssse3, sse4.1, sse4.2, popcnt, avx, avx2, aes, clmul, erms, lzcnt, tsc, tscinvbit, bmi1, bmi2

Memory: 4k page, physical 16650952k(2388144k free), swap 52724952k(5140k free)

vm_info: Java HotSpot(TM) Server VM (25.20-b23) for windows-x86 JRE (1.8.0_20-b26), built on Jul 30 2014 18:11:35 by "java_re" with MS VC++ 10.0 (VS2010)

time: Sun Nov 09 17:49:13 2014
elapsed time: 1 seconds (0d 0h 0m 1s)

