#
# There is insufficient memory for the Java Runtime Environment to continue.
# Native memory allocation (malloc) failed to allocate 331304 bytes for Chunk::new
# Possible reasons:
#   The system is out of physical RAM or swap space
#   In 32 bit mode, the process size limit was hit
# Possible solutions:
#   Reduce memory load on the system
#   Increase physical memory or swap space
#   Check if swap backing store is full
#   Use 64 bit Java on a 64 bit OS
#   Decrease Java heap size (-Xmx/-Xms)
#   Decrease number of Java threads
#   Decrease Java thread stack sizes (-Xss)
#   Set larger code cache with -XX:ReservedCodeCacheSize=
# This output file may be truncated or incomplete.
#
#  Out of Memory Error (allocation.cpp:390), pid=7324, tid=8624
#
# JRE version: Java(TM) SE Runtime Environment (8.0_20-b26) (build 1.8.0_20-b26)
# Java VM: Java HotSpot(TM) Server VM (25.20-b23 mixed mode windows-x86 )
# Failed to write core dump. Minidumps are not enabled by default on client versions of Windows
#

---------------  T H R E A D  ---------------

Current thread (0x3f89e000):  JavaThread "C2 CompilerThread1" daemon [_thread_in_native, id=8624, stack(0x40690000,0x40890000)]

Stack: [0x40690000,0x40890000],  sp=0x4088e448,  free space=2041k
Native frames: (J=compiled Java code, j=interpreted, Vv=VM code, C=native code)
V  [jvm.dll+0x1ad1db]
V  [jvm.dll+0x1a61a8]
V  [jvm.dll+0x8cb45]
V  [jvm.dll+0x8cefa]
V  [jvm.dll+0x328f12]
V  [jvm.dll+0x3000a6]
V  [jvm.dll+0x30898a]
V  [jvm.dll+0x309fb9]
V  [jvm.dll+0x2f4296]
V  [jvm.dll+0x7130a]
V  [jvm.dll+0x719c9]
V  [jvm.dll+0x17f87c]
V  [jvm.dll+0x17f96a]
V  [jvm.dll+0x1c46a6]
C  [MSVCR100.dll+0x5c556]
C  [MSVCR100.dll+0x5c600]
C  [KERNEL32.DLL+0x1919f]
C  [ntdll.dll+0x50bbb]
C  [ntdll.dll+0x50b91]
C  0x00000000


Current CompileTask:
C2:   1219 2373       4       org.openide.filesystems.AbstractFolder::getChild (156 bytes)


---------------  P R O C E S S  ---------------

Java Threads: ( => current thread )
  0x45d6c000 JavaThread "Flushing caches" [_thread_blocked, id=4820, stack(0x48200000,0x48400000)]
  0x45d6ec00 JavaThread "TimerQueue" daemon [_thread_blocked, id=8028, stack(0x47d20000,0x47f20000)]
  0x45d6b800 JavaThread "Thread-3" daemon [_thread_blocked, id=872, stack(0x479e0000,0x47be0000)]
  0x45d6d800 JavaThread "File Watcher" daemon [_thread_blocked, id=8888, stack(0x477a0000,0x479a0000)]
  0x45d6dc00 JavaThread "Inactive RequestProcessor thread [Was:Folder recognizer/org.openide.loaders.FolderList$ListTask]" daemon [_thread_blocked, id=1048, stack(0x47320000,0x47520000)]
  0x45d6b000 JavaThread "Inactive RequestProcessor thread [Was:Default RequestProcessor/org.netbeans.core.CoreBridgeImpl$1]" daemon [_thread_blocked, id=1896, stack(0x470e0000,0x472e0000)]
  0x45d6e400 JavaThread "Inactive RequestProcessor thread [Was:OpenIDE-request-processor-1/org.netbeans.core.startup.preferences.NbPreferences$1]" daemon [_thread_blocked, id=8496, stack(0x46da0000,0x46fa0000)]
  0x45d8ac00 JavaThread "Inactive RequestProcessor thread [Was:On Start/Stop/org.netbeans.core.impl.InitUI]" daemon [_thread_blocked, id=9116, stack(0x46b60000,0x46d60000)]
  0x42517800 JavaThread "D3D Screen Updater" daemon [_thread_blocked, id=7528, stack(0x45480000,0x45680000)]
  0x4243d000 JavaThread "AWT-EventQueue-0" [_thread_blocked, id=9208, stack(0x45140000,0x45340000)]
  0x4131c800 JavaThread "AWT-Windows" daemon [_thread_in_native, id=9136, stack(0x43160000,0x43360000)]
  0x412c6000 JavaThread "AWT-Shutdown" [_thread_blocked, id=5208, stack(0x42f60000,0x43160000)]
  0x412c5400 JavaThread "Java2D Disposer" daemon [_thread_blocked, id=6424, stack(0x42d60000,0x42f60000)]
  0x411dcc00 JavaThread "RequestProcessor queue manager" daemon [_thread_blocked, id=9160, stack(0x42070000,0x42270000)]
  0x411e6800 JavaThread "Inactive RequestProcessor thread [Was:OpenIDE-request-processor-1/org.netbeans.core.startup.preferences.NbPreferences$1]" daemon [_thread_blocked, id=7344, stack(0x41810000,0x41a10000)]
  0x411a1000 JavaThread "CLI Requests Server" daemon [_thread_in_native, id=7744, stack(0x415d0000,0x417d0000)]
  0x41175c00 JavaThread "Active Reference Queue Daemon" daemon [_thread_blocked, id=7708, stack(0x41390000,0x41590000)]
  0x3f8a7400 JavaThread "Service Thread" daemon [_thread_blocked, id=7676, stack(0x40b10000,0x40d10000)]
  0x3f89ec00 JavaThread "C1 CompilerThread2" daemon [_thread_blocked, id=4880, stack(0x408d0000,0x40ad0000)]
=>0x3f89e000 JavaThread "C2 CompilerThread1" daemon [_thread_in_native, id=8624, stack(0x40690000,0x40890000)]
  0x3f89d000 JavaThread "C2 CompilerThread0" daemon [_thread_blocked, id=2852, stack(0x40450000,0x40650000)]
  0x3f8a9c00 JavaThread "Attach Listener" daemon [_thread_blocked, id=8588, stack(0x40210000,0x40410000)]
  0x3f8a9000 JavaThread "Signal Dispatcher" daemon [_thread_blocked, id=3608, stack(0x3ffd0000,0x401d0000)]
  0x3f87a800 JavaThread "Finalizer" daemon [_thread_blocked, id=8456, stack(0x3fd90000,0x3ff90000)]
  0x3f876400 JavaThread "Reference Handler" daemon [_thread_blocked, id=8728, stack(0x3fb50000,0x3fd50000)]
  0x004ed000 JavaThread "main" [_thread_blocked, id=8420, stack(0x00090000,0x00290000)]

Other Threads:
  0x3f871800 VMThread [stack: 0x3f950000,0x3fb50000] [id=8800]
  0x3f8d2c00 WatcherThread [stack: 0x40d50000,0x40f50000] [id=7952]

VM state:at safepoint (normal execution)

VM Mutex/Monitor currently owned by a thread:  ([mutex/lock_event])
[0x004eb380] Threads_lock - owner thread: 0x3f871800
[0x004eb9f0] Heap_lock - owner thread: 0x4243d000

Heap:
 PSYoungGen      total 35840K, used 2556K [0x2e6c0000, 0x30c40000, 0x3d000000)
  eden space 33280K, 0% used [0x2e6c0000,0x2e6c0000,0x30740000)
  from space 2560K, 99% used [0x309c0000,0x30c3f2b8,0x30c40000)
  to   space 2560K, 0% used [0x30740000,0x30740000,0x309c0000)
 ParOldGen       total 43776K, used 6897K [0x11400000, 0x13ec0000, 0x2e6c0000)
  object space 43776K, 15% used [0x11400000,0x11abc5b8,0x13ec0000)
 Metaspace       used 15906K, capacity 16351K, committed 16384K, reserved 16768K

Card table byte_map: [0x3d000000,0x3d160000] byte_map_base: 0x3cf76000

Marking Bits: (ParMarkBitMap*) 0x54703478
 Begin Bits: [0x3da50000, 0x3e540000)
 End Bits:   [0x3e540000, 0x3f030000)

Polling page: 0x003b0000

CodeCache: size=245760Kb used=7226Kb max_used=7226Kb free=238533Kb
 bounds [0x01fc0000, 0x026d8000, 0x10fc0000]
 total_blobs=2780 nmethods=2518 adapters=175
 compilation: enabled

Compilation events (10 events):
Event: 1.196 Thread 0x3f89ec00 2530       2       java.util.WeakHashMap$HashIterator::nextEntry (81 bytes)
Event: 1.196 Thread 0x3f89ec00 nmethod 2530 0x026cf308 code [0x026cf440, 0x026cf684]
Event: 1.196 Thread 0x3f89ec00 2531       2       java.util.WeakHashMap$EntryIterator::next (5 bytes)
Event: 1.196 Thread 0x3f89ec00 nmethod 2531 0x026cf808 code [0x026cf920, 0x026cfa0c]
Event: 1.196 Thread 0x3f89ec00 2532       2       java.util.WeakHashMap$EntryIterator::next (5 bytes)
Event: 1.196 Thread 0x3f89ec00 nmethod 2532 0x026cfa88 code [0x026cfba0, 0x026cfc8c]
Event: 1.196 Thread 0x3f89ec00 2533       2       sun.reflect.ConstructorAccessorImpl::<init> (5 bytes)
Event: 1.196 Thread 0x3f89ec00 nmethod 2533 0x026cfd08 code [0x026cfe00, 0x026cfec0]
Event: 1.205 Thread 0x3f89ec00 2534   !   2       org.netbeans.TopSecurityManager::checkPropertyAccess (271 bytes)
Event: 1.207 Thread 0x3f89ec00 nmethod 2534 0x026cff48 code [0x026d0160, 0x026d0a48]

GC Heap History (10 events):
Event: 0.411 GC heap after
Heap after GC invocations=1 (full 0):
 PSYoungGen      total 19200K, used 2546K [0x2e6c0000, 0x2fc00000, 0x3d000000)
  eden space 16640K, 0% used [0x2e6c0000,0x2e6c0000,0x2f700000)
  from space 2560K, 99% used [0x2f700000,0x2f97cb80,0x2f980000)
  to   space 2560K, 0% used [0x2f980000,0x2f980000,0x2fc00000)
 ParOldGen       total 43776K, used 1568K [0x11400000, 0x13ec0000, 0x2e6c0000)
  object space 43776K, 3% used [0x11400000,0x11588390,0x13ec0000)
 Metaspace       used 8376K, capacity 8513K, committed 8576K, reserved 8576K
}
Event: 0.630 GC heap before
{Heap before GC invocations=2 (full 0):
 PSYoungGen      total 19200K, used 19186K [0x2e6c0000, 0x2fc00000, 0x3d000000)
  eden space 16640K, 100% used [0x2e6c0000,0x2f700000,0x2f700000)
  from space 2560K, 99% used [0x2f700000,0x2f97cb80,0x2f980000)
  to   space 2560K, 0% used [0x2f980000,0x2f980000,0x2fc00000)
 ParOldGen       total 43776K, used 1568K [0x11400000, 0x13ec0000, 0x2e6c0000)
  object space 43776K, 3% used [0x11400000,0x11588390,0x13ec0000)
 Metaspace       used 10055K, capacity 10148K, committed 10240K, reserved 10624K
Event: 0.633 GC heap after
Heap after GC invocations=2 (full 0):
 PSYoungGen      total 19200K, used 2554K [0x2e6c0000, 0x30c40000, 0x3d000000)
  eden space 16640K, 0% used [0x2e6c0000,0x2e6c0000,0x2f700000)
  from space 2560K, 99% used [0x2f980000,0x2fbfeba0,0x2fc00000)
  to   space 2560K, 0% used [0x2f700000,0x2f700000,0x2f980000)
 ParOldGen       total 43776K, used 2548K [0x11400000, 0x13ec0000, 0x2e6c0000)
  object space 43776K, 5% used [0x11400000,0x1167d078,0x13ec0000)
 Metaspace       used 10055K, capacity 10148K, committed 10240K, reserved 10624K
}
Event: 0.747 GC heap before
{Heap before GC invocations=3 (full 0):
 PSYoungGen      total 19200K, used 19194K [0x2e6c0000, 0x30c40000, 0x3d000000)
  eden space 16640K, 100% used [0x2e6c0000,0x2f700000,0x2f700000)
  from space 2560K, 99% used [0x2f980000,0x2fbfeba0,0x2fc00000)
  to   space 2560K, 0% used [0x2f700000,0x2f700000,0x2f980000)
 ParOldGen       total 43776K, used 2548K [0x11400000, 0x13ec0000, 0x2e6c0000)
  object space 43776K, 5% used [0x11400000,0x1167d078,0x13ec0000)
 Metaspace       used 10361K, capacity 10568K, committed 10624K, reserved 10624K
Event: 0.750 GC heap after
Heap after GC invocations=3 (full 0):
 PSYoungGen      total 19200K, used 2553K [0x2e6c0000, 0x30c40000, 0x3d000000)
  eden space 16640K, 0% used [0x2e6c0000,0x2e6c0000,0x2f700000)
  from space 2560K, 99% used [0x2f700000,0x2f97e790,0x2f980000)
  to   space 2560K, 0% used [0x309c0000,0x309c0000,0x30c40000)
 ParOldGen       total 43776K, used 3533K [0x11400000, 0x13ec0000, 0x2e6c0000)
  object space 43776K, 8% used [0x11400000,0x117736c8,0x13ec0000)
 Metaspace       used 10361K, capacity 10568K, committed 10624K, reserved 10624K
}
Event: 0.924 GC heap before
{Heap before GC invocations=4 (full 0):
 PSYoungGen      total 19200K, used 19188K [0x2e6c0000, 0x30c40000, 0x3d000000)
  eden space 16640K, 99% used [0x2e6c0000,0x2f6fec18,0x2f700000)
  from space 2560K, 99% used [0x2f700000,0x2f97e790,0x2f980000)
  to   space 2560K, 0% used [0x309c0000,0x309c0000,0x30c40000)
 ParOldGen       total 43776K, used 3533K [0x11400000, 0x13ec0000, 0x2e6c0000)
  object space 43776K, 8% used [0x11400000,0x117736c8,0x13ec0000)
 Metaspace       used 12743K, capacity 13233K, committed 13312K, reserved 13696K
Event: 0.929 GC heap after
Heap after GC invocations=4 (full 0):
 PSYoungGen      total 35840K, used 2544K [0x2e6c0000, 0x30c40000, 0x3d000000)
  eden space 33280K, 0% used [0x2e6c0000,0x2e6c0000,0x30740000)
  from space 2560K, 99% used [0x309c0000,0x30c3c1e0,0x30c40000)
  to   space 2560K, 0% used [0x30740000,0x30740000,0x309c0000)
 ParOldGen       total 43776K, used 4978K [0x11400000, 0x13ec0000, 0x2e6c0000)
  object space 43776K, 11% used [0x11400000,0x118dc928,0x13ec0000)
 Metaspace       used 12743K, capacity 13233K, committed 13312K, reserved 13696K
}
Event: 1.156 GC heap before
{Heap before GC invocations=5 (full 0):
 PSYoungGen      total 35840K, used 35824K [0x2e6c0000, 0x30c40000, 0x3d000000)
  eden space 33280K, 100% used [0x2e6c0000,0x30740000,0x30740000)
  from space 2560K, 99% used [0x309c0000,0x30c3c1e0,0x30c40000)
  to   space 2560K, 0% used [0x30740000,0x30740000,0x309c0000)
 ParOldGen       total 43776K, used 4978K [0x11400000, 0x13ec0000, 0x2e6c0000)
  object space 43776K, 11% used [0x11400000,0x118dc928,0x13ec0000)
 Metaspace       used 15408K, capacity 15863K, committed 16000K, reserved 16768K
Event: 1.162 GC heap after
Heap after GC invocations=5 (full 0):
 PSYoungGen      total 35840K, used 2556K [0x2e6c0000, 0x30c40000, 0x3d000000)
  eden space 33280K, 0% used [0x2e6c0000,0x2e6c0000,0x30740000)
  from space 2560K, 99% used [0x30740000,0x309bf298,0x309c0000)
  to   space 2560K, 0% used [0x309c0000,0x309c0000,0x30c40000)
 ParOldGen       total 43776K, used 6720K [0x11400000, 0x13ec0000, 0x2e6c0000)
  object space 43776K, 15% used [0x11400000,0x11a90200,0x13ec0000)
 Metaspace       used 15408K, capacity 15863K, committed 16000K, reserved 16768K
}
Event: 1.208 GC heap before
{Heap before GC invocations=6 (full 0):
 PSYoungGen      total 35840K, used 18067K [0x2e6c0000, 0x30c40000, 0x3d000000)
  eden space 33280K, 46% used [0x2e6c0000,0x2f5e5b10,0x30740000)
  from space 2560K, 99% used [0x30740000,0x309bf298,0x309c0000)
  to   space 2560K, 0% used [0x309c0000,0x309c0000,0x30c40000)
 ParOldGen       total 43776K, used 6720K [0x11400000, 0x13ec0000, 0x2e6c0000)
  object space 43776K, 15% used [0x11400000,0x11a90200,0x13ec0000)
 Metaspace       used 15906K, capacity 16351K, committed 16384K, reserved 16768K

Deoptimization events (10 events):
Event: 0.964 Thread 0x4243d000 Uncommon trap: reason=class_check action=maybe_recompile pc=0x025173f0 method=java.util.Hashtable.get(Ljava/lang/Object;)Ljava/lang/Object; @ 45
Event: 0.964 Thread 0x4243d000 Uncommon trap: reason=class_check action=maybe_recompile pc=0x025173f0 method=java.util.Hashtable.get(Ljava/lang/Object;)Ljava/lang/Object; @ 45
Event: 0.964 Thread 0x4243d000 Uncommon trap: reason=class_check action=maybe_recompile pc=0x025173f0 method=java.util.Hashtable.get(Ljava/lang/Object;)Ljava/lang/Object; @ 45
Event: 0.965 Thread 0x4243d000 Uncommon trap: reason=class_check action=maybe_recompile pc=0x025173f0 method=java.util.Hashtable.get(Ljava/lang/Object;)Ljava/lang/Object; @ 45
Event: 1.081 Thread 0x4243d000 Uncommon trap: reason=unreached action=reinterpret pc=0x025c7e68 method=java.util.WeakHashMap.eq(Ljava/lang/Object;Ljava/lang/Object;)Z @ 2
Event: 1.098 Thread 0x4243d000 Uncommon trap: reason=unreached action=reinterpret pc=0x02533180 method=java.lang.StringBuffer.toString()Ljava/lang/String; @ 4
Event: 1.134 Thread 0x4243d000 Uncommon trap: reason=class_check action=maybe_recompile pc=0x0245d52c method=com.sun.org.apache.xerces.internal.parsers.AbstractSAXParser.characters(Lcom/sun/org/apache/xerces/internal/xni/XMLString;Lcom/sun/org/apache/xerces/internal/xni/Augmentations;)V›”Å‰÷#ò?
Event: 1.134 Thread 0x4243d000 Uncommon trap: reason=class_check action=maybe_recompile pc=0x0245d52c method=com.sun.org.apache.xerces.internal.parsers.AbstractSAXParser.characters(Lcom/sun/org/apache/xerces/internal/xni/XMLString;Lcom/sun/org/apache/xerces/internal/xni/Augmentations;)V(]`r¯$ò?
Event: 1.134 Thread 0x4243d000 Uncommon trap: reason=class_check action=maybe_recompile pc=0x0245d52c method=com.sun.org.apache.xerces.internal.parsers.AbstractSAXParser.characters(Lcom/sun/org/apache/xerces/internal/xni/XMLString;Lcom/sun/org/apache/xerces/internal/xni/Augmentations;)VÝtˆ¹%ò?
Event: 1.134 Thread 0x4243d000 Uncommon trap: reason=class_check action=maybe_recompile pc=0x0245d52c method=com.sun.org.apache.xerces.internal.parsers.AbstractSAXParser.characters(Lcom/sun/org/apache/xerces/internal/xni/XMLString;Lcom/sun/org/apache/xerces/internal/xni/Augmentations;)V¢³’Ôœ

Internal exceptions (10 events):
Event: 1.194 Thread 0x411e9c00 Exception <a 'java/security/PrivilegedActionException'> (0x2f3af1d8) thrown at [D:\re\workspace\8-2-build-windows-i586-cygwin\jdk8u20\1074\hotspot\src\share\vm\prims\jvm.cpp, line 1275]
Event: 1.194 Thread 0x411e9c00 Exception <a 'java/security/PrivilegedActionException'> (0x2f3b3d70) thrown at [D:\re\workspace\8-2-build-windows-i586-cygwin\jdk8u20\1074\hotspot\src\share\vm\prims\jvm.cpp, line 1275]
Event: 1.201 Thread 0x4243d000 Exception <a 'java/security/PrivilegedActionException'> (0x2f50e030) thrown at [D:\re\workspace\8-2-build-windows-i586-cygwin\jdk8u20\1074\hotspot\src\share\vm\prims\jvm.cpp, line 1275]
Event: 1.201 Thread 0x4243d000 Exception <a 'java/security/PrivilegedActionException'> (0x2f510d10) thrown at [D:\re\workspace\8-2-build-windows-i586-cygwin\jdk8u20\1074\hotspot\src\share\vm\prims\jvm.cpp, line 1275]
Event: 1.202 Thread 0x4243d000 Exception <a 'java/security/PrivilegedActionException'> (0x2f522f78) thrown at [D:\re\workspace\8-2-build-windows-i586-cygwin\jdk8u20\1074\hotspot\src\share\vm\prims\jvm.cpp, line 1275]
Event: 1.202 Thread 0x4243d000 Exception <a 'java/security/PrivilegedActionException'> (0x2f5398c8) thrown at [D:\re\workspace\8-2-build-windows-i586-cygwin\jdk8u20\1074\hotspot\src\share\vm\prims\jvm.cpp, line 1275]
Event: 1.203 Thread 0x4243d000 Exception <a 'java/security/PrivilegedActionException'> (0x2f559f80) thrown at [D:\re\workspace\8-2-build-windows-i586-cygwin\jdk8u20\1074\hotspot\src\share\vm\prims\jvm.cpp, line 1275]
Event: 1.203 Thread 0x4243d000 Exception <a 'java/security/PrivilegedActionException'> (0x2f55c820) thrown at [D:\re\workspace\8-2-build-windows-i586-cygwin\jdk8u20\1074\hotspot\src\share\vm\prims\jvm.cpp, line 1275]
Event: 1.203 Thread 0x4243d000 Exception <a 'java/security/PrivilegedActionException'> (0x2f56a760) thrown at [D:\re\workspace\8-2-build-windows-i586-cygwin\jdk8u20\1074\hotspot\src\share\vm\prims\jvm.cpp, line 1275]
Event: 1.203 Thread 0x4243d000 Exception <a 'java/security/PrivilegedActionException'> (0x2f56cbc0) thrown at [D:\re\workspace\8-2-build-windows-i586-cygwin\jdk8u20\1074\hotspot\src\share\vm\prims\jvm.cpp, line 1275]

Events (10 events):
Event: 1.203 loading class org/netbeans/swing/tabcontrol/event/TabActionEvent done
Event: 1.203 loading class org/netbeans/swing/tabcontrol/TabDataModel
Event: 1.203 loading class org/netbeans/swing/tabcontrol/TabDataModel done
Event: 1.204 loading class javax/swing/event/ListDataListener
Event: 1.204 loading class javax/swing/event/ListDataListener done
Event: 1.205 loading class javax/swing/event/ListDataEvent
Event: 1.205 loading class javax/swing/event/ListDataEvent done
Event: 1.205 Executing VM operation: Deoptimize
Event: 1.206 Executing VM operation: Deoptimize done
Event: 1.207 Executing VM operation: CollectForMetadataAllocation


Dynamic libraries:
0x00400000 - 0x0042f000 	D:\Netbeans\NetBeans 8.0.1\platform\lib\nbexec.exe
0x772c0000 - 0x77427000 	C:\WINDOWS\SYSTEM32\ntdll.dll
0x76d40000 - 0x76e80000 	C:\WINDOWS\SYSTEM32\KERNEL32.DLL
0x76800000 - 0x768d0000 	C:\WINDOWS\SYSTEM32\KERNELBASE.dll
0x76fd0000 - 0x77048000 	C:\WINDOWS\SYSTEM32\ADVAPI32.DLL
0x74fb0000 - 0x7506e000 	C:\WINDOWS\SYSTEM32\msvcrt.dll
0x75200000 - 0x7534f000 	C:\WINDOWS\SYSTEM32\USER32.dll
0x767c0000 - 0x767fe000 	C:\WINDOWS\SYSTEM32\sechost.dll
0x766b0000 - 0x76760000 	C:\WINDOWS\SYSTEM32\RPCRT4.dll
0x770e0000 - 0x771e7000 	C:\WINDOWS\SYSTEM32\GDI32.dll
0x74ce0000 - 0x74cfd000 	C:\WINDOWS\SYSTEM32\SspiCli.dll
0x74cd0000 - 0x74cd9000 	C:\WINDOWS\SYSTEM32\CRYPTBASE.dll
0x74c70000 - 0x74cc2000 	C:\WINDOWS\SYSTEM32\bcryptPrimitives.dll
0x76680000 - 0x766a5000 	C:\WINDOWS\system32\IMM32.DLL
0x76a00000 - 0x76af7000 	C:\WINDOWS\SYSTEM32\MSCTF.dll
0x58430000 - 0x58496000 	D:\Netbeans\NetBeans 8.0.1\platform\lib\nbexec.dll
0x54180000 - 0x54773000 	C:\Program Files (x86)\Java\jdk1.8.0_20\jre\bin\server\jvm.dll
0x731a0000 - 0x731a8000 	C:\WINDOWS\SYSTEM32\WSOCK32.dll
0x74530000 - 0x74550000 	C:\WINDOWS\SYSTEM32\WINMM.dll
0x769f0000 - 0x769f6000 	C:\WINDOWS\SYSTEM32\PSAPI.DLL
0x57fc0000 - 0x5807f000 	C:\Program Files (x86)\Java\jdk1.8.0_20\jre\bin\MSVCR100.dll
0x76510000 - 0x7655d000 	C:\WINDOWS\SYSTEM32\WS2_32.dll
0x732d0000 - 0x732f0000 	C:\WINDOWS\SYSTEM32\WINMMBASE.dll
0x769e0000 - 0x769e7000 	C:\WINDOWS\SYSTEM32\NSI.dll
0x74f30000 - 0x74f6a000 	C:\WINDOWS\SYSTEM32\cfgmgr32.dll
0x732b0000 - 0x732cf000 	C:\WINDOWS\SYSTEM32\DEVOBJ.dll
0x57f80000 - 0x57fb5000 	C:\Program Files (x86)\Java\jdk1.8.0_20\jre\bin\splashscreen.dll
0x65ad0000 - 0x65adc000 	C:\Program Files (x86)\Java\jdk1.8.0_20\jre\bin\verify.dll
0x57f50000 - 0x57f71000 	C:\Program Files (x86)\Java\jdk1.8.0_20\jre\bin\java.dll
0x57f30000 - 0x57f43000 	C:\Program Files (x86)\Java\jdk1.8.0_20\jre\bin\zip.dll
0x75350000 - 0x76507000 	C:\WINDOWS\SYSTEM32\SHELL32.dll
0x76e80000 - 0x76fce000 	C:\WINDOWS\SYSTEM32\combase.dll
0x76cf0000 - 0x76d31000 	C:\WINDOWS\SYSTEM32\SHLWAPI.dll
0x73230000 - 0x732a6000 	C:\WINDOWS\SYSTEM32\SHCORE.dll
0x73220000 - 0x7322e000 	C:\WINDOWS\SYSTEM32\profapi.dll
0x57f10000 - 0x57f24000 	C:\Program Files (x86)\Java\jdk1.8.0_20\jre\bin\net.dll
0x73120000 - 0x73165000 	C:\WINDOWS\system32\mswsock.dll
0x659c0000 - 0x659cf000 	C:\Program Files (x86)\Java\jdk1.8.0_20\jre\bin\nio.dll
0x727a0000 - 0x727be000 	C:\WINDOWS\SYSTEM32\IPHLPAPI.DLL
0x724d0000 - 0x724d8000 	C:\WINDOWS\SYSTEM32\WINNSI.DLL
0x6eba0000 - 0x6ebb2000 	C:\WINDOWS\SYSTEM32\dhcpcsvc6.DLL
0x6eb80000 - 0x6eb93000 	C:\WINDOWS\SYSTEM32\dhcpcsvc.DLL
0x57dc0000 - 0x57f06000 	C:\Program Files (x86)\Java\jdk1.8.0_20\jre\bin\awt.dll
0x77050000 - 0x770d7000 	C:\WINDOWS\SYSTEM32\OLEAUT32.dll
0x74bd0000 - 0x74c69000 	C:\WINDOWS\system32\apphelp.dll
0x6fd00000 - 0x6fd18000 	C:\WINDOWS\SYSTEM32\CRYPTSP.dll
0x6fcd0000 - 0x6fcff000 	C:\WINDOWS\system32\rsaenh.dll
0x6fc90000 - 0x6fcad000 	C:\WINDOWS\SYSTEM32\bcrypt.dll
0x731b0000 - 0x731c9000 	C:\WINDOWS\SYSTEM32\USERENV.dll
0x6e2b0000 - 0x6e2c8000 	C:\WINDOWS\system32\DWMAPI.DLL
0x6e570000 - 0x6e64b000 	C:\WINDOWS\system32\uxtheme.dll
0x6d9d0000 - 0x6d9e0000 	C:\WINDOWS\system32\napinsp.dll
0x6d9b0000 - 0x6d9c4000 	C:\WINDOWS\system32\pnrpnsp.dll
0x6d990000 - 0x6d9a2000 	C:\WINDOWS\system32\NLAapi.dll
0x6d910000 - 0x6d98c000 	C:\WINDOWS\SYSTEM32\DNSAPI.dll
0x6d900000 - 0x6d909000 	C:\WINDOWS\System32\winrnr.dll
0x6d8f0000 - 0x6d8ff000 	C:\WINDOWS\system32\wshbth.dll
0x6d8c0000 - 0x6d8e1000 	C:\Program Files (x86)\Bonjour\mdnsNSP.dll
0x6d860000 - 0x6d867000 	C:\Windows\System32\rasadhlp.dll
0x6d870000 - 0x6d8b4000 	C:\WINDOWS\System32\fwpuclnt.dll
0x6d5c0000 - 0x6d7a6000 	C:\WINDOWS\WinSxS\x86_microsoft.windows.common-controls_6595b64144ccf1df_6.0.9600.17031_none_a9efdb8b01377ea7\COMCTL32.dll
0x768d0000 - 0x769dc000 	C:\WINDOWS\SYSTEM32\ole32.dll
0x74b10000 - 0x74b19000 	C:\WINDOWS\SYSTEM32\kernel.appcore.dll
0x6e0e0000 - 0x6e298000 	C:\WINDOWS\system32\d3d9.dll
0x749c0000 - 0x749c8000 	C:\WINDOWS\SYSTEM32\VERSION.dll
0x588d0000 - 0x59529000 	C:\WINDOWS\SYSTEM32\nvd3dum.dll
0x6c5c0000 - 0x6c5fe000 	C:\WINDOWS\SYSTEM32\powrprof.dll
0x57d80000 - 0x57db8000 	C:\Program Files (x86)\Java\jdk1.8.0_20\jre\bin\fontmanager.dll
0x57d50000 - 0x57d80000 	C:\Program Files (x86)\Java\jdk1.8.0_20\jre\bin\t2k.dll
0x47720000 - 0x4775d000 	D:\Netbeans\NetBeans 8.0.1\platform\modules\lib\x86\jnidispatch-410.dll
0x677e0000 - 0x67874000 	C:\WINDOWS\SYSTEM32\winhttp.dll
0x6ebc0000 - 0x6ed08000 	C:\WINDOWS\SYSTEM32\dbghelp.dll

VM Arguments:
jvm_args: -Dnetbeans.logger.console=true -ea -Djdk.home=C:\Program Files (x86)\Java\jdk1.8.0_20 -Dnetbeans.home=D:\Netbeans\NetBeans 8.0.1\platform -Dnetbeans.user=D:\Program Development\AlphaMate\AlphaMate\AlphaMate\build\testuserdir -Dnetbeans.default_userdir_root= -XX:+HeapDumpOnOutOfMemoryError -XX:HeapDumpPath=D:\Program Development\AlphaMate\AlphaMate\AlphaMate\build\testuserdir\var\log\heapdump.hprof -Dsun.awt.keepWorkingSetOnMinimize=true -Dnetbeans.dirs=D:\Program Development\AlphaMate\AlphaMate\AlphaMate\build\cluster;D:\Netbeans\NetBeans 8.0.1\platform exit 
java_command: <unknown>
java_class_path (initial): D:\Netbeans\NetBeans 8.0.1\platform\lib\boot.jar;D:\Netbeans\NetBeans 8.0.1\platform\lib\org-openide-modules.jar;D:\Netbeans\NetBeans 8.0.1\platform\lib\org-openide-util-lookup.jar;D:\Netbeans\NetBeans 8.0.1\platform\lib\org-openide-util.jar;D:\Netbeans\NetBeans 8.0.1\platform\lib\locale\boot_ja.jar;D:\Netbeans\NetBeans 8.0.1\platform\lib\locale\boot_pt_BR.jar;D:\Netbeans\NetBeans 8.0.1\platform\lib\locale\boot_ru.jar;D:\Netbeans\NetBeans 8.0.1\platform\lib\locale\boot_zh_CN.jar;D:\Netbeans\NetBeans 8.0.1\platform\lib\locale\org-openide-modules_ja.jar;D:\Netbeans\NetBeans 8.0.1\platform\lib\locale\org-openide-modules_pt_BR.jar;D:\Netbeans\NetBeans 8.0.1\platform\lib\locale\org-openide-modules_ru.jar;D:\Netbeans\NetBeans 8.0.1\platform\lib\locale\org-openide-modules_zh_CN.jar;D:\Netbeans\NetBeans 8.0.1\platform\lib\locale\org-openide-util-lookup_ja.jar;D:\Netbeans\NetBeans 8.0.1\platform\lib\locale\org-openide-util-lookup_pt_BR.jar;D:\Netbeans\NetBeans 8.0.1\platform\lib\locale\org-openide-util-lookup_ru.jar;D:\Netbeans\NetBeans 8.0.1\platform\lib\locale\org-openide-util-lookup_zh_CN.jar;D:\Netbeans\NetBeans 8.0.1\platform\lib\locale\org-openide-util_ja.jar;D:\Netbeans\NetBeans 8.0.1\platform\lib\locale\org-openide-util_pt_BR.jar;D:\Netbeans\NetBeans 8.0.1\platform\lib\locale\org-openide-util_ru.jar;D:\Netbeans\NetBeans 8.0.1\platform\lib\locale\org-openide-util_zh_CN.jar;C:\Program Files (x86)\Java\jdk1.8.0_20\lib\dt.jar;C:\Program Files (x86)\Java\jdk1.8.0_20\lib\tools.jar
Launcher Type: generic

Environment Variables:
PATH=C:\Program Files (x86)\NVIDIA Corporation\PhysX\Common;C:\ProgramData\Oracle\Java\javapath;C:\WINDOWS\system32;C:\WINDOWS;C:\WINDOWS\System32\Wbem;C:\WINDOWS\System32\WindowsPowerShell\v1.0\;C:\Program Files\TortoiseSVN\bin;C:\Program Files (x86)\Windows Kits\8.1\Windows Performance Toolkit\;C:\Program Files\Microsoft SQL Server\110\Tools\Binn\;C:\Program Files (x86)\Microsoft SDKs\TypeScript\1.0\
USERNAME=Greg
OS=Windows_NT
PROCESSOR_IDENTIFIER=Intel64 Family 6 Model 60 Stepping 3, GenuineIntel



---------------  S Y S T E M  ---------------

OS: Windows 8 , 64 bit Build 9200 

CPU:total 4 (4 cores per cpu, 1 threads per core) family 6 model 60 stepping 3, cmov, cx8, fxsr, mmx, sse, sse2, sse3, ssse3, sse4.1, sse4.2, popcnt, avx, avx2, aes, clmul, erms, lzcnt, tsc, tscinvbit, bmi1, bmi2

Memory: 4k page, physical 16650952k(2370980k free), swap 52724952k(5136k free)

vm_info: Java HotSpot(TM) Server VM (25.20-b23) for windows-x86 JRE (1.8.0_20-b26), built on Jul 30 2014 18:11:35 by "java_re" with MS VC++ 10.0 (VS2010)

time: Sun Nov 09 17:50:49 2014
elapsed time: 1 seconds (0d 0h 0m 1s)

