#
# There is insufficient memory for the Java Runtime Environment to continue.
# Native memory allocation (malloc) failed to allocate 509224 bytes for Chunk::new
# Possible reasons:
#   The system is out of physical RAM or swap space
#   In 32 bit mode, the process size limit was hit
# Possible solutions:
#   Reduce memory load on the system
#   Increase physical memory or swap space
#   Check if swap backing store is full
#   Use 64 bit Java on a 64 bit OS
#   Decrease Java heap size (-Xmx/-Xms)
#   Decrease number of Java threads
#   Decrease Java thread stack sizes (-Xss)
#   Set larger code cache with -XX:ReservedCodeCacheSize=
# This output file may be truncated or incomplete.
#
#  Out of Memory Error (allocation.cpp:390), pid=6028, tid=8676
#
# JRE version: Java(TM) SE Runtime Environment (8.0_20-b26) (build 1.8.0_20-b26)
# Java VM: Java HotSpot(TM) Server VM (25.20-b23 mixed mode windows-x86 )
# Failed to write core dump. Minidumps are not enabled by default on client versions of Windows
#

---------------  T H R E A D  ---------------

Current thread (0x40017400):  JavaThread "C2 CompilerThread1" daemon [_thread_in_native, id=8676, stack(0x41190000,0x41390000)]

Stack: [0x41190000,0x41390000],  sp=0x4138e190,  free space=2040k
Native frames: (J=compiled Java code, j=interpreted, Vv=VM code, C=native code)
V  [jvm.dll+0x1ad1db]
V  [jvm.dll+0x1a61a8]
V  [jvm.dll+0x8cb45]
V  [jvm.dll+0x8cefa]
V  [jvm.dll+0xa3674]
V  [jvm.dll+0x3125a0]
V  [jvm.dll+0x348305]
V  [jvm.dll+0x304135]
V  [jvm.dll+0x309727]
V  [jvm.dll+0x309f43]
V  [jvm.dll+0x2f4296]
V  [jvm.dll+0x7130a]
V  [jvm.dll+0x719c9]
V  [jvm.dll+0x17f87c]
V  [jvm.dll+0x17f96a]
V  [jvm.dll+0x1c46a6]
C  [MSVCR100.dll+0x5c556]
C  [MSVCR100.dll+0x5c600]
C  [KERNEL32.DLL+0x1919f]
C  [ntdll.dll+0x50bbb]
C  [ntdll.dll+0x50b91]
C  0x00000000


Current CompileTask:
C2:   3067 2738   !   4       org.openide.filesystems.MultiFileObject::getAttribute (108 bytes)


---------------  P R O C E S S  ---------------

Java Threads: ( => current thread )
  0x45eb9000 JavaThread "Image Fetcher 1" daemon [_thread_blocked, id=8000, stack(0x47f10000,0x48110000)]
  0x45eb9c00 JavaThread "Image Fetcher 0" daemon [_thread_blocked, id=8748, stack(0x47bd0000,0x47dd0000)]
  0x45ebc400 JavaThread "Flushing caches" [_thread_blocked, id=9108, stack(0x479d0000,0x47bd0000)]
  0x45ebc800 JavaThread "TimerQueue" daemon [_thread_blocked, id=8564, stack(0x47590000,0x47790000)]
  0x45ebb800 JavaThread "Thread-2" daemon [_thread_blocked, id=6284, stack(0x47250000,0x47450000)]
  0x45ebbc00 JavaThread "File Watcher" daemon [_thread_blocked, id=8196, stack(0x46f10000,0x47110000)]
  0x45f00800 JavaThread "Folder Instance Processor" daemon [_thread_blocked, id=7592, stack(0x46c90000,0x46e90000)]
  0x45da0800 JavaThread "Warm Up" daemon [_thread_blocked, id=8752, stack(0x46990000,0x46b90000)]
  0x4278d000 JavaThread "AWT-EventQueue-0" [_thread_blocked, id=8448, stack(0x43700000,0x43900000)]
  0x4278b800 JavaThread "AWT-Windows" daemon [_thread_in_native, id=8984, stack(0x434c0000,0x436c0000)]
  0x4278b000 JavaThread "AWT-Shutdown" [_thread_blocked, id=8516, stack(0x432c0000,0x434c0000)]
  0x426f5400 JavaThread "Java2D Disposer" daemon [_thread_blocked, id=7924, stack(0x430c0000,0x432c0000)]
  0x403a6800 JavaThread "RequestProcessor queue manager" daemon [_thread_blocked, id=7452, stack(0x424b0000,0x426b0000)]
  0x40334c00 JavaThread "Inactive RequestProcessor thread [Was:Folder recognizer/org.openide.loaders.FolderList$ListTask]" daemon [_thread_blocked, id=8652, stack(0x41f30000,0x42130000)]
  0x4030b400 JavaThread "CLI Requests Server" daemon [_thread_in_native, id=9084, stack(0x41cf0000,0x41ef0000)]
  0x40385800 JavaThread "Active Reference Queue Daemon" daemon [_thread_blocked, id=5024, stack(0x41ab0000,0x41cb0000)]
  0x40044000 JavaThread "Service Thread" daemon [_thread_blocked, id=8864, stack(0x41610000,0x41810000)]
  0x40018400 JavaThread "C1 CompilerThread2" daemon [_thread_in_vm, id=7900, stack(0x413d0000,0x415d0000)]
=>0x40017400 JavaThread "C2 CompilerThread1" daemon [_thread_in_native, id=8676, stack(0x41190000,0x41390000)]
  0x40016000 JavaThread "C2 CompilerThread0" daemon [_thread_in_native, id=1208, stack(0x40f50000,0x41150000)]
  0x40011c00 JavaThread "Attach Listener" daemon [_thread_blocked, id=9096, stack(0x40d10000,0x40f10000)]
  0x0212ec00 JavaThread "Signal Dispatcher" daemon [_thread_blocked, id=7700, stack(0x40ad0000,0x40cd0000)]
  0x02124800 JavaThread "Finalizer" daemon [_thread_blocked, id=8148, stack(0x40890000,0x40a90000)]
  0x02120000 JavaThread "Reference Handler" daemon [_thread_blocked, id=8924, stack(0x40650000,0x40850000)]
  0x01f29400 JavaThread "main" [_thread_blocked, id=7880, stack(0x00090000,0x00290000)]

Other Threads:
  0x3fff0c00 VMThread [stack: 0x40410000,0x40610000] [id=8828]
  0x40051000 WatcherThread [stack: 0x41850000,0x41a50000] [id=6996]

VM state:not at safepoint (normal execution)

VM Mutex/Monitor currently owned by a thread:  ([mutex/lock_event])
[0x01f28730] CompiledIC_lock - owner thread: 0x40018400

Heap:
 PSYoungGen      total 71424K, used 36711K [0x2eec0000, 0x33940000, 0x3d800000)
  eden space 66560K, 55% used [0x2eec0000,0x31299fb8,0x32fc0000)
  from space 4864K, 0% used [0x33480000,0x33480000,0x33940000)
  to   space 4864K, 0% used [0x32fc0000,0x32fc0000,0x33480000)
 ParOldGen       total 34048K, used 7276K [0x11c00000, 0x13d40000, 0x2eec0000)
  object space 34048K, 21% used [0x11c00000,0x1231b118,0x13d40000)
 Metaspace       used 17914K, capacity 18405K, committed 18560K, reserved 18816K

Card table byte_map: [0x3d800000,0x3d960000] byte_map_base: 0x3d772000

Marking Bits: (ParMarkBitMap*) 0x54703478
 Begin Bits: [0x3e2d0000, 0x3edc0000)
 End Bits:   [0x3edc0000, 0x3f8b0000)

Polling page: 0x003e0000

CodeCache: size=245760Kb used=8017Kb max_used=8017Kb free=237742Kb
 bounds [0x027e0000, 0x02fc0000, 0x117e0000]
 total_blobs=3074 nmethods=2795 adapters=193
 compilation: enabled

Compilation events (10 events):
Event: 3.055 Thread 0x40018400 nmethod 2783 0x02fa7c88 code [0x02fa7ea0, 0x02fa8b84]
Event: 3.055 Thread 0x40018400 2784       3       org.openide.util.RequestProcessor$Item::getTask (21 bytes)
Event: 3.055 Thread 0x40018400 nmethod 2784 0x02f9f088 code [0x02f9f1a0, 0x02f9f420]
Event: 3.056 Thread 0x40018400 2785       3       java.lang.Class::argumentTypesToString (78 bytes)
Event: 3.056 Thread 0x40018400 nmethod 2785 0x02fa94c8 code [0x02fa96a0, 0x02faa048]
Event: 3.056 Thread 0x40018400 2787   !   3       org.openide.util.lookup.ProxyLookup::lookup (70 bytes)
Event: 3.057 Thread 0x40018400 nmethod 2787 0x02faa508 code [0x02faa6c0, 0x02faaedc]
Event: 3.057 Thread 0x40018400 2786       3       java.lang.NoSuchMethodException::<init> (6 bytes)
Event: 3.057 Thread 0x40018400 nmethod 2786 0x02f9ecc8 code [0x02f9ede0, 0x02f9ef6c]
Event: 3.057 Thread 0x40018400 2788       3       org.openide.filesystems.MultiFileObject::getAttributes (314 bytes)

GC Heap History (10 events):
Event: 0.839 GC heap before
{Heap before GC invocations=3 (full 0):
 PSYoungGen      total 19200K, used 19186K [0x2eec0000, 0x30400000, 0x3d800000)
  eden space 16640K, 100% used [0x2eec0000,0x2ff00000,0x2ff00000)
  from space 2560K, 99% used [0x30180000,0x303fc8b0,0x30400000)
  to   space 2560K, 0% used [0x2ff00000,0x2ff00000,0x30180000)
 ParOldGen       total 43776K, used 1461K [0x11c00000, 0x146c0000, 0x2eec0000)
  object space 43776K, 3% used [0x11c00000,0x11d6d4c0,0x146c0000)
 Metaspace       used 9906K, capacity 10077K, committed 10112K, reserved 10624K
Event: 0.842 GC heap after
Heap after GC invocations=3 (full 0):
 PSYoungGen      total 19200K, used 2552K [0x2eec0000, 0x31440000, 0x3d800000)
  eden space 16640K, 0% used [0x2eec0000,0x2eec0000,0x2ff00000)
  from space 2560K, 99% used [0x2ff00000,0x3017e228,0x30180000)
  to   space 2560K, 0% used [0x311c0000,0x311c0000,0x31440000)
 ParOldGen       total 43776K, used 2022K [0x11c00000, 0x146c0000, 0x2eec0000)
  object space 43776K, 4% used [0x11c00000,0x11df9870,0x146c0000)
 Metaspace       used 9906K, capacity 10077K, committed 10112K, reserved 10624K
}
Event: 1.075 GC heap before
{Heap before GC invocations=4 (full 0):
 PSYoungGen      total 19200K, used 19192K [0x2eec0000, 0x31440000, 0x3d800000)
  eden space 16640K, 100% used [0x2eec0000,0x2ff00000,0x2ff00000)
  from space 2560K, 99% used [0x2ff00000,0x3017e228,0x30180000)
  to   space 2560K, 0% used [0x311c0000,0x311c0000,0x31440000)
 ParOldGen       total 43776K, used 2022K [0x11c00000, 0x146c0000, 0x2eec0000)
  object space 43776K, 4% used [0x11c00000,0x11df9870,0x146c0000)
 Metaspace       used 13309K, capacity 13708K, committed 13824K, reserved 14720K
Event: 1.080 GC heap after
Heap after GC invocations=4 (full 0):
 PSYoungGen      total 35840K, used 2556K [0x2eec0000, 0x31440000, 0x3d800000)
  eden space 33280K, 0% used [0x2eec0000,0x2eec0000,0x30f40000)
  from space 2560K, 99% used [0x311c0000,0x3143f0c0,0x31440000)
  to   space 2560K, 0% used [0x30f40000,0x30f40000,0x311c0000)
 ParOldGen       total 43776K, used 4230K [0x11c00000, 0x146c0000, 0x2eec0000)
  object space 43776K, 9% used [0x11c00000,0x12021928,0x146c0000)
 Metaspace       used 13309K, capacity 13708K, committed 13824K, reserved 14720K
}
Event: 1.233 GC heap before
{Heap before GC invocations=5 (full 0):
 PSYoungGen      total 35840K, used 35836K [0x2eec0000, 0x31440000, 0x3d800000)
  eden space 33280K, 100% used [0x2eec0000,0x30f40000,0x30f40000)
  from space 2560K, 99% used [0x311c0000,0x3143f0c0,0x31440000)
  to   space 2560K, 0% used [0x30f40000,0x30f40000,0x311c0000)
 ParOldGen       total 43776K, used 4230K [0x11c00000, 0x146c0000, 0x2eec0000)
  object space 43776K, 9% used [0x11c00000,0x12021928,0x146c0000)
 Metaspace       used 14699K, capacity 15136K, committed 15232K, reserved 15744K
Event: 1.238 GC heap after
Heap after GC invocations=5 (full 0):
 PSYoungGen      total 35840K, used 2547K [0x2eec0000, 0x33940000, 0x3d800000)
  eden space 33280K, 0% used [0x2eec0000,0x2eec0000,0x30f40000)
  from space 2560K, 99% used [0x30f40000,0x311bcd50,0x311c0000)
  to   space 4864K, 0% used [0x33480000,0x33480000,0x33940000)
 ParOldGen       total 43776K, used 5540K [0x11c00000, 0x146c0000, 0x2eec0000)
  object space 43776K, 12% used [0x11c00000,0x12169370,0x146c0000)
 Metaspace       used 14699K, capacity 15136K, committed 15232K, reserved 15744K
}
Event: 1.299 GC heap before
{Heap before GC invocations=6 (full 0):
 PSYoungGen      total 35840K, used 9787K [0x2eec0000, 0x33940000, 0x3d800000)
  eden space 33280K, 21% used [0x2eec0000,0x2f5d1ff0,0x30f40000)
  from space 2560K, 99% used [0x30f40000,0x311bcd50,0x311c0000)
  to   space 4864K, 0% used [0x33480000,0x33480000,0x33940000)
 ParOldGen       total 43776K, used 5540K [0x11c00000, 0x146c0000, 0x2eec0000)
  object space 43776K, 12% used [0x11c00000,0x12169370,0x146c0000)
 Metaspace       used 15972K, capacity 16327K, committed 16384K, reserved 16768K
Event: 1.303 GC heap after
Heap after GC invocations=6 (full 0):
 PSYoungGen      total 71424K, used 2935K [0x2eec0000, 0x33940000, 0x3d800000)
  eden space 66560K, 0% used [0x2eec0000,0x2eec0000,0x32fc0000)
  from space 4864K, 60% used [0x33480000,0x3375dd40,0x33940000)
  to   space 4864K, 0% used [0x32fc0000,0x32fc0000,0x33480000)
 ParOldGen       total 43776K, used 5540K [0x11c00000, 0x146c0000, 0x2eec0000)
  object space 43776K, 12% used [0x11c00000,0x12169370,0x146c0000)
 Metaspace       used 15972K, capacity 16327K, committed 16384K, reserved 16768K
}
Event: 1.303 GC heap before
{Heap before GC invocations=7 (full 1):
 PSYoungGen      total 71424K, used 2935K [0x2eec0000, 0x33940000, 0x3d800000)
  eden space 66560K, 0% used [0x2eec0000,0x2eec0000,0x32fc0000)
  from space 4864K, 60% used [0x33480000,0x3375dd40,0x33940000)
  to   space 4864K, 0% used [0x32fc0000,0x32fc0000,0x33480000)
 ParOldGen       total 43776K, used 5540K [0x11c00000, 0x146c0000, 0x2eec0000)
  object space 43776K, 12% used [0x11c00000,0x12169370,0x146c0000)
 Metaspace       used 15972K, capacity 16327K, committed 16384K, reserved 16768K
Event: 1.338 GC heap after
Heap after GC invocations=7 (full 1):
 PSYoungGen      total 71424K, used 0K [0x2eec0000, 0x33940000, 0x3d800000)
  eden space 66560K, 0% used [0x2eec0000,0x2eec0000,0x32fc0000)
  from space 4864K, 0% used [0x33480000,0x33480000,0x33940000)
  to   space 4864K, 0% used [0x32fc0000,0x32fc0000,0x33480000)
 ParOldGen       total 34048K, used 7276K [0x11c00000, 0x13d40000, 0x2eec0000)
  object space 34048K, 21% used [0x11c00000,0x1231b118,0x13d40000)
 Metaspace       used 15971K, capacity 16324K, committed 16384K, reserved 16768K
}

Deoptimization events (10 events):
Event: 1.185 Thread 0x40337800 Uncommon trap: reason=bimorphic action=maybe_recompile pc=0x02aa7f20 method=java.util.HashMap.putVal(ILjava/lang/Object;Ljava/lang/Object;ZZ)Ljava/lang/Object; @ 203
Event: 1.199 Thread 0x40337800 Uncommon trap: reason=bimorphic action=maybe_recompile pc=0x02a9f3b8 method=java.util.HashMap.putVal(ILjava/lang/Object;Ljava/lang/Object;ZZ)Ljava/lang/Object; @ 203
Event: 1.200 Thread 0x40337800 Uncommon trap: reason=bimorphic action=maybe_recompile pc=0x02a9f3b8 method=java.util.HashMap.putVal(ILjava/lang/Object;Ljava/lang/Object;ZZ)Ljava/lang/Object; @ 203
Event: 1.200 Thread 0x40337800 Uncommon trap: reason=bimorphic action=maybe_recompile pc=0x02aea5c8 method=java.util.HashMap.putVal(ILjava/lang/Object;Ljava/lang/Object;ZZ)Ljava/lang/Object; @ 203
Event: 1.202 Thread 0x40337800 Uncommon trap: reason=bimorphic action=maybe_recompile pc=0x02aa7f20 method=java.util.HashMap.putVal(ILjava/lang/Object;Ljava/lang/Object;ZZ)Ljava/lang/Object; @ 203
Event: 1.248 Thread 0x40337800 Uncommon trap: reason=unloaded action=reinterpret pc=0x02ea46d8 method=java.lang.SecurityManager.checkPackageAccess(Ljava/lang/String;)V @ 117
Event: 1.275 Thread 0x4278d000 Uncommon trap: reason=class_check action=maybe_recompile pc=0x02d5e518 method=java.util.WeakHashMap.eq(Ljava/lang/Object;Ljava/lang/Object;)Z @ 7
Event: 1.277 Thread 0x4278d000 Uncommon trap: reason=class_check action=maybe_recompile pc=0x02d5e518 method=java.util.WeakHashMap.eq(Ljava/lang/Object;Ljava/lang/Object;)Z @ 7
Event: 1.385 Thread 0x4278d000 Uncommon trap: reason=bimorphic action=maybe_recompile pc=0x02ce5a60 method=java.util.Properties$LineReader.readLine()I @ 410
Event: 1.491 Thread 0x45f00800 Uncommon trap: reason=null_check action=make_not_entrant pc=0x02f01f00 method=java.util.Objects.equals(Ljava/lang/Object;Ljava/lang/Object;)Z @ 11

Internal exceptions (10 events):
Event: 3.013 Thread 0x40334c00 Exception <a 'java/security/PrivilegedActionException'> (0x30b41338) thrown at [D:\re\workspace\8-2-build-windows-i586-cygwin\jdk8u20\1074\hotspot\src\share\vm\prims\jvm.cpp, line 1275]
Event: 3.013 Thread 0x40334c00 Exception <a 'java/security/PrivilegedActionException'> (0x30b435e8) thrown at [D:\re\workspace\8-2-build-windows-i586-cygwin\jdk8u20\1074\hotspot\src\share\vm\prims\jvm.cpp, line 1275]
Event: 3.015 Thread 0x40334c00 Exception <a 'java/security/PrivilegedActionException'> (0x30b4db38) thrown at [D:\re\workspace\8-2-build-windows-i586-cygwin\jdk8u20\1074\hotspot\src\share\vm\prims\jvm.cpp, line 1275]
Event: 3.015 Thread 0x40334c00 Exception <a 'java/security/PrivilegedActionException'> (0x30b4f8f0) thrown at [D:\re\workspace\8-2-build-windows-i586-cygwin\jdk8u20\1074\hotspot\src\share\vm\prims\jvm.cpp, line 1275]
Event: 3.022 Thread 0x40334c00 Exception <a 'java/security/PrivilegedActionException'> (0x30b9ecc0) thrown at [D:\re\workspace\8-2-build-windows-i586-cygwin\jdk8u20\1074\hotspot\src\share\vm\prims\jvm.cpp, line 1275]
Event: 3.022 Thread 0x40334c00 Exception <a 'java/security/PrivilegedActionException'> (0x30ba0a78) thrown at [D:\re\workspace\8-2-build-windows-i586-cygwin\jdk8u20\1074\hotspot\src\share\vm\prims\jvm.cpp, line 1275]
Event: 3.039 Thread 0x40334c00 Exception <a 'java/security/PrivilegedActionException'> (0x30e77020) thrown at [D:\re\workspace\8-2-build-windows-i586-cygwin\jdk8u20\1074\hotspot\src\share\vm\prims\jvm.cpp, line 1275]
Event: 3.040 Thread 0x40334c00 Exception <a 'java/security/PrivilegedActionException'> (0x30e79658) thrown at [D:\re\workspace\8-2-build-windows-i586-cygwin\jdk8u20\1074\hotspot\src\share\vm\prims\jvm.cpp, line 1275]
Event: 3.058 Thread 0x4278d000 Exception <a 'java/security/PrivilegedActionException'> (0x310a1118) thrown at [D:\re\workspace\8-2-build-windows-i586-cygwin\jdk8u20\1074\hotspot\src\share\vm\prims\jvm.cpp, line 1275]
Event: 3.058 Thread 0x4278d000 Exception <a 'java/security/PrivilegedActionException'> (0x310a47f8) thrown at [D:\re\workspace\8-2-build-windows-i586-cygwin\jdk8u20\1074\hotspot\src\share\vm\prims\jvm.cpp, line 1275]

Events (10 events):
Event: 3.042 loading class javax/swing/ActionPropertyChangeListener$OwnedWeakReference
Event: 3.042 loading class javax/swing/ActionPropertyChangeListener$OwnedWeakReference done
Event: 3.044 loading class java/awt/event/ItemEvent
Event: 3.044 loading class java/awt/event/ItemEvent done
Event: 3.048 loading class javax/swing/event/MenuListener
Event: 3.048 loading class javax/swing/event/MenuListener done
Event: 3.058 loading class org/openide/util/RequestProcessor$ScheduledRPFutureTask
Event: 3.058 loading class org/openide/util/RequestProcessor$ScheduledRPFutureTask done
Event: 3.058 loading class org/openide/util/RequestProcessor$RPFutureTask
Event: 3.058 loading class org/openide/util/RequestProcessor$RPFutureTask done


Dynamic libraries:
0x00400000 - 0x0042f000 	D:\Netbeans\NetBeans 8.0.1\platform\lib\nbexec.exe
0x772c0000 - 0x77427000 	C:\WINDOWS\SYSTEM32\ntdll.dll
0x76d40000 - 0x76e80000 	C:\WINDOWS\SYSTEM32\KERNEL32.DLL
0x76800000 - 0x768d0000 	C:\WINDOWS\SYSTEM32\KERNELBASE.dll
0x76fd0000 - 0x77048000 	C:\WINDOWS\SYSTEM32\ADVAPI32.DLL
0x74fb0000 - 0x7506e000 	C:\WINDOWS\SYSTEM32\msvcrt.dll
0x75200000 - 0x7534f000 	C:\WINDOWS\SYSTEM32\USER32.dll
0x767c0000 - 0x767fe000 	C:\WINDOWS\SYSTEM32\sechost.dll
0x766b0000 - 0x76760000 	C:\WINDOWS\SYSTEM32\RPCRT4.dll
0x770e0000 - 0x771e7000 	C:\WINDOWS\SYSTEM32\GDI32.dll
0x74ce0000 - 0x74cfd000 	C:\WINDOWS\SYSTEM32\SspiCli.dll
0x74cd0000 - 0x74cd9000 	C:\WINDOWS\SYSTEM32\CRYPTBASE.dll
0x74c70000 - 0x74cc2000 	C:\WINDOWS\SYSTEM32\bcryptPrimitives.dll
0x76680000 - 0x766a5000 	C:\WINDOWS\system32\IMM32.DLL
0x76a00000 - 0x76af7000 	C:\WINDOWS\SYSTEM32\MSCTF.dll
0x58430000 - 0x58496000 	D:\Netbeans\NetBeans 8.0.1\platform\lib\nbexec.dll
0x54180000 - 0x54773000 	C:\Program Files (x86)\Java\jdk1.8.0_20\jre\bin\server\jvm.dll
0x731a0000 - 0x731a8000 	C:\WINDOWS\SYSTEM32\WSOCK32.dll
0x74530000 - 0x74550000 	C:\WINDOWS\SYSTEM32\WINMM.dll
0x769f0000 - 0x769f6000 	C:\WINDOWS\SYSTEM32\PSAPI.DLL
0x57fc0000 - 0x5807f000 	C:\Program Files (x86)\Java\jdk1.8.0_20\jre\bin\MSVCR100.dll
0x76510000 - 0x7655d000 	C:\WINDOWS\SYSTEM32\WS2_32.dll
0x732d0000 - 0x732f0000 	C:\WINDOWS\SYSTEM32\WINMMBASE.dll
0x769e0000 - 0x769e7000 	C:\WINDOWS\SYSTEM32\NSI.dll
0x74f30000 - 0x74f6a000 	C:\WINDOWS\SYSTEM32\cfgmgr32.dll
0x732b0000 - 0x732cf000 	C:\WINDOWS\SYSTEM32\DEVOBJ.dll
0x57f80000 - 0x57fb5000 	C:\Program Files (x86)\Java\jdk1.8.0_20\jre\bin\splashscreen.dll
0x6e570000 - 0x6e64b000 	C:\WINDOWS\system32\uxtheme.dll
0x76e80000 - 0x76fce000 	C:\WINDOWS\SYSTEM32\combase.dll
0x65ad0000 - 0x65adc000 	C:\Program Files (x86)\Java\jdk1.8.0_20\jre\bin\verify.dll
0x57f50000 - 0x57f71000 	C:\Program Files (x86)\Java\jdk1.8.0_20\jre\bin\java.dll
0x768d0000 - 0x769dc000 	C:\WINDOWS\system32\ole32.dll
0x57f30000 - 0x57f43000 	C:\Program Files (x86)\Java\jdk1.8.0_20\jre\bin\zip.dll
0x74b10000 - 0x74b19000 	C:\WINDOWS\SYSTEM32\kernel.appcore.dll
0x75350000 - 0x76507000 	C:\WINDOWS\SYSTEM32\SHELL32.dll
0x76cf0000 - 0x76d31000 	C:\WINDOWS\SYSTEM32\SHLWAPI.dll
0x73230000 - 0x732a6000 	C:\WINDOWS\SYSTEM32\SHCORE.dll
0x73220000 - 0x7322e000 	C:\WINDOWS\SYSTEM32\profapi.dll
0x57f10000 - 0x57f24000 	C:\Program Files (x86)\Java\jdk1.8.0_20\jre\bin\net.dll
0x73120000 - 0x73165000 	C:\WINDOWS\system32\mswsock.dll
0x659c0000 - 0x659cf000 	C:\Program Files (x86)\Java\jdk1.8.0_20\jre\bin\nio.dll
0x727a0000 - 0x727be000 	C:\WINDOWS\SYSTEM32\IPHLPAPI.DLL
0x724d0000 - 0x724d8000 	C:\WINDOWS\SYSTEM32\WINNSI.DLL
0x6eba0000 - 0x6ebb2000 	C:\WINDOWS\SYSTEM32\dhcpcsvc6.DLL
0x6eb80000 - 0x6eb93000 	C:\WINDOWS\SYSTEM32\dhcpcsvc.DLL
0x57dc0000 - 0x57f06000 	C:\Program Files (x86)\Java\jdk1.8.0_20\jre\bin\awt.dll
0x77050000 - 0x770d7000 	C:\WINDOWS\SYSTEM32\OLEAUT32.dll
0x74bd0000 - 0x74c69000 	C:\WINDOWS\system32\apphelp.dll
0x6fd00000 - 0x6fd18000 	C:\WINDOWS\SYSTEM32\CRYPTSP.dll
0x6fcd0000 - 0x6fcff000 	C:\WINDOWS\system32\rsaenh.dll
0x6fc90000 - 0x6fcad000 	C:\WINDOWS\SYSTEM32\bcrypt.dll
0x731b0000 - 0x731c9000 	C:\WINDOWS\SYSTEM32\USERENV.dll
0x6d9d0000 - 0x6d9e0000 	C:\WINDOWS\system32\napinsp.dll
0x6d9b0000 - 0x6d9c4000 	C:\WINDOWS\system32\pnrpnsp.dll
0x6d990000 - 0x6d9a2000 	C:\WINDOWS\system32\NLAapi.dll
0x6d910000 - 0x6d98c000 	C:\WINDOWS\SYSTEM32\DNSAPI.dll
0x6d900000 - 0x6d909000 	C:\WINDOWS\System32\winrnr.dll
0x6d8f0000 - 0x6d8ff000 	C:\WINDOWS\system32\wshbth.dll
0x6d8c0000 - 0x6d8e1000 	C:\Program Files (x86)\Bonjour\mdnsNSP.dll
0x6e2b0000 - 0x6e2c8000 	C:\WINDOWS\system32\DWMAPI.DLL
0x6d860000 - 0x6d867000 	C:\Windows\System32\rasadhlp.dll
0x6d870000 - 0x6d8b4000 	C:\WINDOWS\System32\fwpuclnt.dll
0x6d5c0000 - 0x6d7a6000 	C:\WINDOWS\WinSxS\x86_microsoft.windows.common-controls_6595b64144ccf1df_6.0.9600.17031_none_a9efdb8b01377ea7\COMCTL32.dll
0x6e0e0000 - 0x6e298000 	C:\WINDOWS\system32\d3d9.dll
0x749c0000 - 0x749c8000 	C:\WINDOWS\SYSTEM32\VERSION.dll
0x588d0000 - 0x59529000 	C:\WINDOWS\SYSTEM32\nvd3dum.dll
0x6c5c0000 - 0x6c5fe000 	C:\WINDOWS\SYSTEM32\powrprof.dll
0x57d80000 - 0x57db8000 	C:\Program Files (x86)\Java\jdk1.8.0_20\jre\bin\fontmanager.dll
0x57d50000 - 0x57d80000 	C:\Program Files (x86)\Java\jdk1.8.0_20\jre\bin\t2k.dll
0x46e90000 - 0x46ecd000 	D:\Netbeans\NetBeans 8.0.1\platform\modules\lib\x86\jnidispatch-410.dll
0x677e0000 - 0x67874000 	C:\WINDOWS\SYSTEM32\winhttp.dll
0x76600000 - 0x7667d000 	C:\WINDOWS\SYSTEM32\clbcatq.dll
0x69ad0000 - 0x69c1d000 	C:\WINDOWS\SYSTEM32\WindowsCodecs.dll
0x60d00000 - 0x60d0a000 	C:\Program Files (x86)\Java\jdk1.8.0_20\jre\bin\management.dll

VM Arguments:
jvm_args: -Dnetbeans.logger.console=true -ea -Djdk.home=C:\Program Files (x86)\Java\jdk1.8.0_20 -splash:D:\Program Development\AlphaMate\AlphaMate\AlphaMate\build\testuserdir\var\cache\splash.png -Dnetbeans.home=D:\Netbeans\NetBeans 8.0.1\platform -Dnetbeans.user=D:\Program Development\AlphaMate\AlphaMate\AlphaMate\build\testuserdir -Dnetbeans.default_userdir_root= -XX:+HeapDumpOnOutOfMemoryError -XX:HeapDumpPath=D:\Program Development\AlphaMate\AlphaMate\AlphaMate\build\testuserdir\var\log\heapdump.hprof -Dsun.awt.keepWorkingSetOnMinimize=true -Dnetbeans.dirs=D:\Program Development\AlphaMate\AlphaMate\AlphaMate\build\cluster;D:\Netbeans\NetBeans 8.0.1\platform exit 
java_command: <unknown>
java_class_path (initial): D:\Netbeans\NetBeans 8.0.1\platform\lib\boot.jar;D:\Netbeans\NetBeans 8.0.1\platform\lib\org-openide-modules.jar;D:\Netbeans\NetBeans 8.0.1\platform\lib\org-openide-util-lookup.jar;D:\Netbeans\NetBeans 8.0.1\platform\lib\org-openide-util.jar;D:\Netbeans\NetBeans 8.0.1\platform\lib\locale\boot_ja.jar;D:\Netbeans\NetBeans 8.0.1\platform\lib\locale\boot_pt_BR.jar;D:\Netbeans\NetBeans 8.0.1\platform\lib\locale\boot_ru.jar;D:\Netbeans\NetBeans 8.0.1\platform\lib\locale\boot_zh_CN.jar;D:\Netbeans\NetBeans 8.0.1\platform\lib\locale\org-openide-modules_ja.jar;D:\Netbeans\NetBeans 8.0.1\platform\lib\locale\org-openide-modules_pt_BR.jar;D:\Netbeans\NetBeans 8.0.1\platform\lib\locale\org-openide-modules_ru.jar;D:\Netbeans\NetBeans 8.0.1\platform\lib\locale\org-openide-modules_zh_CN.jar;D:\Netbeans\NetBeans 8.0.1\platform\lib\locale\org-openide-util-lookup_ja.jar;D:\Netbeans\NetBeans 8.0.1\platform\lib\locale\org-openide-util-lookup_pt_BR.jar;D:\Netbeans\NetBeans 8.0.1\platform\lib\locale\org-openide-util-lookup_ru.jar;D:\Netbeans\NetBeans 8.0.1\platform\lib\locale\org-openide-util-lookup_zh_CN.jar;D:\Netbeans\NetBeans 8.0.1\platform\lib\locale\org-openide-util_ja.jar;D:\Netbeans\NetBeans 8.0.1\platform\lib\locale\org-openide-util_pt_BR.jar;D:\Netbeans\NetBeans 8.0.1\platform\lib\locale\org-openide-util_ru.jar;D:\Netbeans\NetBeans 8.0.1\platform\lib\locale\org-openide-util_zh_CN.jar;C:\Program Files (x86)\Java\jdk1.8.0_20\lib\dt.jar;C:\Program Files (x86)\Java\jdk1.8.0_20\lib\tools.jar
Launcher Type: generic

Environment Variables:
PATH=C:\Program Files (x86)\NVIDIA Corporation\PhysX\Common;C:\ProgramData\Oracle\Java\javapath;C:\WINDOWS\system32;C:\WINDOWS;C:\WINDOWS\System32\Wbem;C:\WINDOWS\System32\WindowsPowerShell\v1.0\;C:\Program Files\TortoiseSVN\bin;C:\Program Files (x86)\Windows Kits\8.1\Windows Performance Toolkit\;C:\Program Files\Microsoft SQL Server\110\Tools\Binn\;C:\Program Files (x86)\Microsoft SDKs\TypeScript\1.0\
USERNAME=Greg
OS=Windows_NT
PROCESSOR_IDENTIFIER=Intel64 Family 6 Model 60 Stepping 3, GenuineIntel



---------------  S Y S T E M  ---------------

OS: Windows 8 , 64 bit Build 9200 

CPU:total 4 (4 cores per cpu, 1 threads per core) family 6 model 60 stepping 3, cmov, cx8, fxsr, mmx, sse, sse2, sse3, ssse3, sse4.1, sse4.2, popcnt, avx, avx2, aes, clmul, erms, lzcnt, tsc, tscinvbit, bmi1, bmi2

Memory: 4k page, physical 16650952k(2425432k free), swap 52724952k(5192k free)

vm_info: Java HotSpot(TM) Server VM (25.20-b23) for windows-x86 JRE (1.8.0_20-b26), built on Jul 30 2014 18:11:35 by "java_re" with MS VC++ 10.0 (VS2010)

time: Sun Nov 09 17:48:23 2014
elapsed time: 3 seconds (0d 0h 0m 3s)

