#
# There is insufficient memory for the Java Runtime Environment to continue.
# Native memory allocation (malloc) failed to allocate 477144 bytes for Chunk::new
# Possible reasons:
#   The system is out of physical RAM or swap space
#   In 32 bit mode, the process size limit was hit
# Possible solutions:
#   Reduce memory load on the system
#   Increase physical memory or swap space
#   Check if swap backing store is full
#   Use 64 bit Java on a 64 bit OS
#   Decrease Java heap size (-Xmx/-Xms)
#   Decrease number of Java threads
#   Decrease Java thread stack sizes (-Xss)
#   Set larger code cache with -XX:ReservedCodeCacheSize=
# This output file may be truncated or incomplete.
#
#  Out of Memory Error (allocation.cpp:390), pid=4224, tid=8540
#
# JRE version: Java(TM) SE Runtime Environment (8.0_20-b26) (build 1.8.0_20-b26)
# Java VM: Java HotSpot(TM) Server VM (25.20-b23 mixed mode windows-x86 )
# Failed to write core dump. Minidumps are not enabled by default on client versions of Windows
#

---------------  T H R E A D  ---------------

Current thread (0x3f8ab400):  JavaThread "C2 CompilerThread0" daemon [_thread_in_native, id=8540, stack(0x40450000,0x40650000)]

Stack: [0x40450000,0x40650000],  sp=0x4064e410,  free space=2041k
Native frames: (J=compiled Java code, j=interpreted, Vv=VM code, C=native code)
V  [jvm.dll+0x1ad1db]
V  [jvm.dll+0x1a61a8]
V  [jvm.dll+0x8cb45]
V  [jvm.dll+0x8cefa]
V  [jvm.dll+0xa3674]
V  [jvm.dll+0x3125a0]
V  [jvm.dll+0x348305]
V  [jvm.dll+0x304135]
V  [jvm.dll+0x309727]
V  [jvm.dll+0x309f43]
V  [jvm.dll+0x2f4296]
V  [jvm.dll+0x7130a]
V  [jvm.dll+0x719c9]
V  [jvm.dll+0x17f87c]
V  [jvm.dll+0x17f96a]
V  [jvm.dll+0x1c46a6]
C  [MSVCR100.dll+0x5c556]
C  [MSVCR100.dll+0x5c600]
C  [KERNEL32.DLL+0x1919f]
C  [ntdll.dll+0x50bbb]
C  [ntdll.dll+0x50b91]
C  0x00000000


Current CompileTask:
C2:   1547 2706       4       java.awt.datatransfer.DataFlavor::hashCode (128 bytes)


---------------  P R O C E S S  ---------------

Java Threads: ( => current thread )
  0x45d98800 JavaThread "Image Fetcher 2" daemon [_thread_blocked, id=7880, stack(0x48380000,0x48580000)]
  0x45d98400 JavaThread "Image Fetcher 1" daemon [_thread_blocked, id=8264, stack(0x48180000,0x48380000)]
  0x45d99400 JavaThread "Image Fetcher 0" daemon [_thread_blocked, id=5024, stack(0x47f80000,0x48180000)]
  0x45d97c00 JavaThread "Flushing caches" [_thread_blocked, id=6996, stack(0x47d80000,0x47f80000)]
  0x45d97000 JavaThread "TimerQueue" daemon [_thread_blocked, id=8864, stack(0x478a0000,0x47aa0000)]
  0x45d9a800 JavaThread "Thread-3" daemon [_thread_blocked, id=7900, stack(0x47560000,0x47760000)]
  0x45d9a000 JavaThread "File Watcher" daemon [_thread_blocked, id=1208, stack(0x47320000,0x47520000)]
  0x45d97400 JavaThread "Default RequestProcessor" daemon [_thread_in_vm, id=9096, stack(0x46da0000,0x46fa0000)]
  0x45f8cc00 JavaThread "Inactive RequestProcessor thread [Was:OpenIDE-request-processor-1/org.netbeans.core.startup.preferences.NbPreferences$1]" daemon [_thread_blocked, id=7700, stack(0x46b60000,0x46d60000)]
  0x4259e800 JavaThread "D3D Screen Updater" daemon [_thread_blocked, id=8880, stack(0x45480000,0x45680000)]
  0x41310c00 JavaThread "AWT-EventQueue-0" [_thread_in_vm, id=8764, stack(0x45140000,0x45340000)]
  0x41300400 JavaThread "AWT-Windows" daemon [_thread_in_native, id=7944, stack(0x43200000,0x43400000)]
  0x412ffc00 JavaThread "AWT-Shutdown" [_thread_blocked, id=7148, stack(0x43000000,0x43200000)]
  0x42463000 JavaThread "Java2D Disposer" daemon [_thread_blocked, id=8860, stack(0x42e00000,0x43000000)]
  0x4125c800 JavaThread "RequestProcessor queue manager" daemon [_thread_blocked, id=8712, stack(0x42070000,0x42270000)]
  0x411f4400 JavaThread "System clipboard synchronizer" daemon [_thread_in_Java, id=8388, stack(0x41810000,0x41a10000)]
  0x411c4c00 JavaThread "CLI Requests Server" daemon [_thread_in_native, id=7688, stack(0x415d0000,0x417d0000)]
  0x41175400 JavaThread "Active Reference Queue Daemon" daemon [_thread_blocked, id=9212, stack(0x41390000,0x41590000)]
  0x3f8d0400 JavaThread "Service Thread" daemon [_thread_blocked, id=9104, stack(0x40b10000,0x40d10000)]
  0x3f89e400 JavaThread "C1 CompilerThread2" daemon [_thread_blocked, id=8980, stack(0x408d0000,0x40ad0000)]
  0x3f89d000 JavaThread "C2 CompilerThread1" daemon [_thread_in_native, id=7996, stack(0x40690000,0x40890000)]
=>0x3f8ab400 JavaThread "C2 CompilerThread0" daemon [_thread_in_native, id=8540, stack(0x40450000,0x40650000)]
  0x3f8a8c00 JavaThread "Attach Listener" daemon [_thread_blocked, id=5520, stack(0x40210000,0x40410000)]
  0x3f8a7c00 JavaThread "Signal Dispatcher" daemon [_thread_blocked, id=3920, stack(0x3ffd0000,0x401d0000)]
  0x3f874000 JavaThread "Finalizer" daemon [_thread_blocked, id=8440, stack(0x3fd90000,0x3ff90000)]
  0x3f86f800 JavaThread "Reference Handler" daemon [_thread_blocked, id=4792, stack(0x3fb50000,0x3fd50000)]
  0x01f0d000 JavaThread "main" [_thread_blocked, id=2820, stack(0x00090000,0x00290000)]

Other Threads:
  0x3f86ac00 VMThread [stack: 0x3f950000,0x3fb50000] [id=8524]
  0x3f8d5400 WatcherThread [stack: 0x40d50000,0x40f50000] [id=9180]

VM state:not at safepoint (normal execution)

VM Mutex/Monitor currently owned by a thread: None

Heap:
 PSYoungGen      total 35840K, used 23416K [0x2e6c0000, 0x30c40000, 0x3d000000)
  eden space 33280K, 70% used [0x2e6c0000,0x2fd9e1b0,0x30740000)
  from space 2560K, 0% used [0x309c0000,0x309c0000,0x30c40000)
  to   space 2560K, 0% used [0x30740000,0x30740000,0x309c0000)
 ParOldGen       total 33024K, used 6858K [0x11400000, 0x13440000, 0x2e6c0000)
  object space 33024K, 20% used [0x11400000,0x11ab2840,0x13440000)
 Metaspace       used 16708K, capacity 17184K, committed 17280K, reserved 17792K

Card table byte_map: [0x3d000000,0x3d160000] byte_map_base: 0x3cf76000

Marking Bits: (ParMarkBitMap*) 0x54703478
 Begin Bits: [0x3da50000, 0x3e540000)
 End Bits:   [0x3e540000, 0x3f030000)

Polling page: 0x003a0000

CodeCache: size=245760Kb used=7928Kb max_used=7928Kb free=237831Kb
 bounds [0x02010000, 0x027d8000, 0x11010000]
 total_blobs=3005 nmethods=2740 adapters=179
 compilation: enabled

Compilation events (10 events):
Event: 1.526 Thread 0x3f89e400 nmethod 2727 0x027bff88 code [0x027c0100, 0x027c0904]
Event: 1.526 Thread 0x3f89e400 2728       1       sun.java2d.SunGraphics2D::getSurfaceData (5 bytes)
Event: 1.526 Thread 0x3f89e400 nmethod 2728 0x027bfd88 code [0x027bfe80, 0x027bff20]
Event: 1.526 Thread 0x3f89d000 nmethod 2712 0x027bf7c8 code [0x027bf8c0, 0x027bfc70]
Event: 1.526 Thread 0x3f89d000 2724       4       sun.util.PreHashedMap::get (73 bytes)
Event: 1.531 Thread 0x3f89d000 nmethod 2724 0x027c6cc8 code [0x027c6de0, 0x027c7290]
Event: 1.531 Thread 0x3f89d000 2709       4       sun.util.logging.PlatformLogger::isLoggable (38 bytes)
Event: 1.532 Thread 0x3f89d000 nmethod 2709 0x027c75c8 code [0x027c76c0, 0x027c77b0]
Event: 1.532 Thread 0x3f89d000 2708       4       java.nio.charset.Charset::lookup (44 bytes)
Event: 1.538 Thread 0x3f89e400 2732   !   3       java.awt.EventDispatchThread::pumpOneEventForFilters (295 bytes)

GC Heap History (10 events):
Event: 0.886 GC heap before
{Heap before GC invocations=3 (full 0):
 PSYoungGen      total 19200K, used 19186K [0x2e6c0000, 0x2fc00000, 0x3d000000)
  eden space 16640K, 100% used [0x2e6c0000,0x2f700000,0x2f700000)
  from space 2560K, 99% used [0x2f980000,0x2fbfcbb0,0x2fc00000)
  to   space 2560K, 0% used [0x2f700000,0x2f700000,0x2f980000)
 ParOldGen       total 43776K, used 1559K [0x11400000, 0x13ec0000, 0x2e6c0000)
  object space 43776K, 3% used [0x11400000,0x11585f90,0x13ec0000)
 Metaspace       used 10348K, capacity 10532K, committed 10624K, reserved 10624K
Event: 0.890 GC heap after
Heap after GC invocations=3 (full 0):
 PSYoungGen      total 19200K, used 2554K [0x2e6c0000, 0x30c40000, 0x3d000000)
  eden space 16640K, 0% used [0x2e6c0000,0x2e6c0000,0x2f700000)
  from space 2560K, 99% used [0x2f700000,0x2f97eba0,0x2f980000)
  to   space 2560K, 0% used [0x309c0000,0x309c0000,0x30c40000)
 ParOldGen       total 43776K, used 2491K [0x11400000, 0x13ec0000, 0x2e6c0000)
  object space 43776K, 5% used [0x11400000,0x1166ee88,0x13ec0000)
 Metaspace       used 10348K, capacity 10532K, committed 10624K, reserved 10624K
}
Event: 1.065 GC heap before
{Heap before GC invocations=4 (full 0):
 PSYoungGen      total 19200K, used 19194K [0x2e6c0000, 0x30c40000, 0x3d000000)
  eden space 16640K, 100% used [0x2e6c0000,0x2f700000,0x2f700000)
  from space 2560K, 99% used [0x2f700000,0x2f97eba0,0x2f980000)
  to   space 2560K, 0% used [0x309c0000,0x309c0000,0x30c40000)
 ParOldGen       total 43776K, used 2491K [0x11400000, 0x13ec0000, 0x2e6c0000)
  object space 43776K, 5% used [0x11400000,0x1166ee88,0x13ec0000)
 Metaspace       used 12824K, capacity 13322K, committed 13440K, reserved 13696K
Event: 1.069 GC heap after
Heap after GC invocations=4 (full 0):
 PSYoungGen      total 35840K, used 2544K [0x2e6c0000, 0x30c40000, 0x3d000000)
  eden space 33280K, 0% used [0x2e6c0000,0x2e6c0000,0x30740000)
  from space 2560K, 99% used [0x309c0000,0x30c3c100,0x30c40000)
  to   space 2560K, 0% used [0x30740000,0x30740000,0x309c0000)
 ParOldGen       total 43776K, used 3977K [0x11400000, 0x13ec0000, 0x2e6c0000)
  object space 43776K, 9% used [0x11400000,0x117e2538,0x13ec0000)
 Metaspace       used 12824K, capacity 13322K, committed 13440K, reserved 13696K
}
Event: 1.296 GC heap before
{Heap before GC invocations=5 (full 0):
 PSYoungGen      total 35840K, used 35824K [0x2e6c0000, 0x30c40000, 0x3d000000)
  eden space 33280K, 100% used [0x2e6c0000,0x30740000,0x30740000)
  from space 2560K, 99% used [0x309c0000,0x30c3c100,0x30c40000)
  to   space 2560K, 0% used [0x30740000,0x30740000,0x309c0000)
 ParOldGen       total 43776K, used 3977K [0x11400000, 0x13ec0000, 0x2e6c0000)
  object space 43776K, 9% used [0x11400000,0x117e2538,0x13ec0000)
 Metaspace       used 15448K, capacity 15921K, committed 16000K, reserved 16768K
Event: 1.303 GC heap after
Heap after GC invocations=5 (full 0):
 PSYoungGen      total 35840K, used 2558K [0x2e6c0000, 0x30c40000, 0x3d000000)
  eden space 33280K, 0% used [0x2e6c0000,0x2e6c0000,0x30740000)
  from space 2560K, 99% used [0x30740000,0x309bf880,0x309c0000)
  to   space 2560K, 0% used [0x309c0000,0x309c0000,0x30c40000)
 ParOldGen       total 43776K, used 5667K [0x11400000, 0x13ec0000, 0x2e6c0000)
  object space 43776K, 12% used [0x11400000,0x11988d70,0x13ec0000)
 Metaspace       used 15448K, capacity 15921K, committed 16000K, reserved 16768K
}
Event: 1.347 GC heap before
{Heap before GC invocations=6 (full 0):
 PSYoungGen      total 35840K, used 13703K [0x2e6c0000, 0x30c40000, 0x3d000000)
  eden space 33280K, 33% used [0x2e6c0000,0x2f1a2548,0x30740000)
  from space 2560K, 99% used [0x30740000,0x309bf880,0x309c0000)
  to   space 2560K, 0% used [0x309c0000,0x309c0000,0x30c40000)
 ParOldGen       total 43776K, used 5667K [0x11400000, 0x13ec0000, 0x2e6c0000)
  object space 43776K, 12% used [0x11400000,0x11988d70,0x13ec0000)
 Metaspace       used 15882K, capacity 16345K, committed 16384K, reserved 16768K
Event: 1.350 GC heap after
Heap after GC invocations=6 (full 0):
 PSYoungGen      total 35840K, used 2549K [0x2e6c0000, 0x30c40000, 0x3d000000)
  eden space 33280K, 0% used [0x2e6c0000,0x2e6c0000,0x30740000)
  from space 2560K, 99% used [0x309c0000,0x30c3d610,0x30c40000)
  to   space 2560K, 0% used [0x30740000,0x30740000,0x309c0000)
 ParOldGen       total 43776K, used 5812K [0x11400000, 0x13ec0000, 0x2e6c0000)
  object space 43776K, 13% used [0x11400000,0x119ad128,0x13ec0000)
 Metaspace       used 15882K, capacity 16345K, committed 16384K, reserved 16768K
}
Event: 1.350 GC heap before
{Heap before GC invocations=7 (full 1):
 PSYoungGen      total 35840K, used 2549K [0x2e6c0000, 0x30c40000, 0x3d000000)
  eden space 33280K, 0% used [0x2e6c0000,0x2e6c0000,0x30740000)
  from space 2560K, 99% used [0x309c0000,0x30c3d610,0x30c40000)
  to   space 2560K, 0% used [0x30740000,0x30740000,0x309c0000)
 ParOldGen       total 43776K, used 5812K [0x11400000, 0x13ec0000, 0x2e6c0000)
  object space 43776K, 13% used [0x11400000,0x119ad128,0x13ec0000)
 Metaspace       used 15882K, capacity 16345K, committed 16384K, reserved 16768K
Event: 1.383 GC heap after
Heap after GC invocations=7 (full 1):
 PSYoungGen      total 35840K, used 0K [0x2e6c0000, 0x30c40000, 0x3d000000)
  eden space 33280K, 0% used [0x2e6c0000,0x2e6c0000,0x30740000)
  from space 2560K, 0% used [0x309c0000,0x309c0000,0x30c40000)
  to   space 2560K, 0% used [0x30740000,0x30740000,0x309c0000)
 ParOldGen       total 33024K, used 6858K [0x11400000, 0x13440000, 0x2e6c0000)
  object space 33024K, 20% used [0x11400000,0x11ab2840,0x13440000)
 Metaspace       used 15881K, capacity 16342K, committed 16384K, reserved 16768K
}

Deoptimization events (10 events):
Event: 1.101 Thread 0x41310c00 Uncommon trap: reason=class_check action=maybe_recompile pc=0x024e63f0 method=java.util.Hashtable.get(Ljava/lang/Object;)Ljava/lang/Object; @ 45
Event: 1.102 Thread 0x41310c00 Uncommon trap: reason=class_check action=maybe_recompile pc=0x024e63f0 method=java.util.Hashtable.get(Ljava/lang/Object;)Ljava/lang/Object; @ 45
Event: 1.201 Thread 0x41310c00 Uncommon trap: reason=class_check action=maybe_recompile pc=0x0261ce58 method=java.util.WeakHashMap.eq(Ljava/lang/Object;Ljava/lang/Object;)Z @ 7
Event: 1.206 Thread 0x411f4400 Uncommon trap: reason=class_check action=maybe_recompile pc=0x0261ce58 method=java.util.WeakHashMap.eq(Ljava/lang/Object;Ljava/lang/Object;)Z @ 7
Event: 1.222 Thread 0x41310c00 Uncommon trap: reason=unreached action=reinterpret pc=0x02526980 method=java.lang.StringBuffer.toString()Ljava/lang/String; @ 4
Event: 1.262 Thread 0x41310c00 Uncommon trap: reason=class_check action=maybe_recompile pc=0x024b8c2c method=com.sun.org.apache.xerces.internal.parsers.AbstractSAXParser.characters(Lcom/sun/org/apache/xerces/internal/xni/XMLString;Lcom/sun/org/apache/xerces/internal/xni/Augmentations;)VB"»h1Ù?
Event: 1.262 Thread 0x41310c00 Uncommon trap: reason=class_check action=maybe_recompile pc=0x024b8c2c method=com.sun.org.apache.xerces.internal.parsers.AbstractSAXParser.characters(Lcom/sun/org/apache/xerces/internal/xni/XMLString;Lcom/sun/org/apache/xerces/internal/xni/Augmentations;)Vo…Ú1⁄
Event: 1.262 Thread 0x41310c00 Uncommon trap: reason=class_check action=maybe_recompile pc=0x024b8c2c method=com.sun.org.apache.xerces.internal.parsers.AbstractSAXParser.characters(Lcom/sun/org/apache/xerces/internal/xni/XMLString;Lcom/sun/org/apache/xerces/internal/xni/Augmentations;)VŒG¡‹<3Ù?
Event: 1.263 Thread 0x41310c00 Uncommon trap: reason=class_check action=maybe_recompile pc=0x024b8c2c method=com.sun.org.apache.xerces.internal.parsers.AbstractSAXParser.characters(Lcom/sun/org/apache/xerces/internal/xni/XMLString;Lcom/sun/org/apache/xerces/internal/xni/Augmentations;)VËHé∞≈ˆ?
Event: 1.423 Thread 0x41310c00 Uncommon trap: reason=bimorphic action=maybe_recompile pc=0x025c17cc method=java.util.Properties$LineReader.readLine()I @ 410

Internal exceptions (10 events):
Event: 1.386 Thread 0x41310c00 Exception <a 'java/security/PrivilegedActionException'> (0x2e6ca988) thrown at [D:\re\workspace\8-2-build-windows-i586-cygwin\jdk8u20\1074\hotspot\src\share\vm\prims\jvm.cpp, line 1275]
Event: 1.386 Thread 0x41310c00 Exception <a 'java/security/PrivilegedActionException'> (0x2e6cd230) thrown at [D:\re\workspace\8-2-build-windows-i586-cygwin\jdk8u20\1074\hotspot\src\share\vm\prims\jvm.cpp, line 1275]
Event: 1.395 Thread 0x411f8800 Exception <a 'java/security/PrivilegedActionException'> (0x2ea6fff0) thrown at [D:\re\workspace\8-2-build-windows-i586-cygwin\jdk8u20\1074\hotspot\src\share\vm\prims\jvm.cpp, line 1275]
Event: 1.395 Thread 0x411f8800 Exception <a 'java/security/PrivilegedActionException'> (0x2ea74b88) thrown at [D:\re\workspace\8-2-build-windows-i586-cygwin\jdk8u20\1074\hotspot\src\share\vm\prims\jvm.cpp, line 1275]
Event: 1.437 Thread 0x41310c00 Exception <a 'java/security/PrivilegedActionException'> (0x2ef6eb40) thrown at [D:\re\workspace\8-2-build-windows-i586-cygwin\jdk8u20\1074\hotspot\src\share\vm\prims\jvm.cpp, line 1275]
Event: 1.469 Thread 0x41310c00 Exception <a 'java/security/PrivilegedActionException'> (0x2f077238) thrown at [D:\re\workspace\8-2-build-windows-i586-cygwin\jdk8u20\1074\hotspot\src\share\vm\prims\jvm.cpp, line 1275]
Event: 1.469 Thread 0x41310c00 Exception <a 'java/security/PrivilegedActionException'> (0x2f0794e8) thrown at [D:\re\workspace\8-2-build-windows-i586-cygwin\jdk8u20\1074\hotspot\src\share\vm\prims\jvm.cpp, line 1275]
Event: 1.505 Thread 0x41310c00 Exception <a 'java/security/PrivilegedActionException'> (0x2f6ad108) thrown at [D:\re\workspace\8-2-build-windows-i586-cygwin\jdk8u20\1074\hotspot\src\share\vm\prims\jvm.cpp, line 1275]
Event: 1.506 Thread 0x41310c00 Exception <a 'java/security/PrivilegedActionException'> (0x2f6b40d0) thrown at [D:\re\workspace\8-2-build-windows-i586-cygwin\jdk8u20\1074\hotspot\src\share\vm\prims\jvm.cpp, line 1275]
Event: 1.509 Thread 0x41310c00 Exception <a 'java/security/PrivilegedActionException'> (0x2f721d38) thrown at [D:\re\workspace\8-2-build-windows-i586-cygwin\jdk8u20\1074\hotspot\src\share\vm\prims\jvm.cpp, line 1275]

Events (10 events):
Event: 1.511 loading class java/awt/Container$EventTargetFilter done
Event: 1.511 loading class java/awt/Container$MouseEventTargetFilter done
Event: 1.511 loading class java/awt/LightweightDispatcher$1
Event: 1.511 loading class java/awt/LightweightDispatcher$1 done
Event: 1.511 loading class java/awt/event/MouseWheelEvent
Event: 1.511 loading class java/awt/event/MouseWheelEvent done
Event: 1.511 loading class java/awt/AWTEvent$2
Event: 1.511 loading class java/awt/AWTEvent$2 done
Event: 1.520 loading class com/sun/java/swing/plaf/windows/AnimationController$1
Event: 1.520 loading class com/sun/java/swing/plaf/windows/AnimationController$1 done


Dynamic libraries:
0x00400000 - 0x0042f000 	D:\Netbeans\NetBeans 8.0.1\platform\lib\nbexec.exe
0x772c0000 - 0x77427000 	C:\WINDOWS\SYSTEM32\ntdll.dll
0x76d40000 - 0x76e80000 	C:\WINDOWS\SYSTEM32\KERNEL32.DLL
0x76800000 - 0x768d0000 	C:\WINDOWS\SYSTEM32\KERNELBASE.dll
0x76fd0000 - 0x77048000 	C:\WINDOWS\SYSTEM32\ADVAPI32.DLL
0x74fb0000 - 0x7506e000 	C:\WINDOWS\SYSTEM32\msvcrt.dll
0x75200000 - 0x7534f000 	C:\WINDOWS\SYSTEM32\USER32.dll
0x767c0000 - 0x767fe000 	C:\WINDOWS\SYSTEM32\sechost.dll
0x766b0000 - 0x76760000 	C:\WINDOWS\SYSTEM32\RPCRT4.dll
0x770e0000 - 0x771e7000 	C:\WINDOWS\SYSTEM32\GDI32.dll
0x74ce0000 - 0x74cfd000 	C:\WINDOWS\SYSTEM32\SspiCli.dll
0x74cd0000 - 0x74cd9000 	C:\WINDOWS\SYSTEM32\CRYPTBASE.dll
0x74c70000 - 0x74cc2000 	C:\WINDOWS\SYSTEM32\bcryptPrimitives.dll
0x76680000 - 0x766a5000 	C:\WINDOWS\system32\IMM32.DLL
0x76a00000 - 0x76af7000 	C:\WINDOWS\SYSTEM32\MSCTF.dll
0x58430000 - 0x58496000 	D:\Netbeans\NetBeans 8.0.1\platform\lib\nbexec.dll
0x54180000 - 0x54773000 	C:\Program Files (x86)\Java\jdk1.8.0_20\jre\bin\server\jvm.dll
0x731a0000 - 0x731a8000 	C:\WINDOWS\SYSTEM32\WSOCK32.dll
0x74530000 - 0x74550000 	C:\WINDOWS\SYSTEM32\WINMM.dll
0x769f0000 - 0x769f6000 	C:\WINDOWS\SYSTEM32\PSAPI.DLL
0x57fc0000 - 0x5807f000 	C:\Program Files (x86)\Java\jdk1.8.0_20\jre\bin\MSVCR100.dll
0x76510000 - 0x7655d000 	C:\WINDOWS\SYSTEM32\WS2_32.dll
0x732d0000 - 0x732f0000 	C:\WINDOWS\SYSTEM32\WINMMBASE.dll
0x769e0000 - 0x769e7000 	C:\WINDOWS\SYSTEM32\NSI.dll
0x74f30000 - 0x74f6a000 	C:\WINDOWS\SYSTEM32\cfgmgr32.dll
0x732b0000 - 0x732cf000 	C:\WINDOWS\SYSTEM32\DEVOBJ.dll
0x57f80000 - 0x57fb5000 	C:\Program Files (x86)\Java\jdk1.8.0_20\jre\bin\splashscreen.dll
0x65ad0000 - 0x65adc000 	C:\Program Files (x86)\Java\jdk1.8.0_20\jre\bin\verify.dll
0x57f50000 - 0x57f71000 	C:\Program Files (x86)\Java\jdk1.8.0_20\jre\bin\java.dll
0x57f30000 - 0x57f43000 	C:\Program Files (x86)\Java\jdk1.8.0_20\jre\bin\zip.dll
0x75350000 - 0x76507000 	C:\WINDOWS\SYSTEM32\SHELL32.dll
0x76e80000 - 0x76fce000 	C:\WINDOWS\SYSTEM32\combase.dll
0x76cf0000 - 0x76d31000 	C:\WINDOWS\SYSTEM32\SHLWAPI.dll
0x73230000 - 0x732a6000 	C:\WINDOWS\SYSTEM32\SHCORE.dll
0x73220000 - 0x7322e000 	C:\WINDOWS\SYSTEM32\profapi.dll
0x57f10000 - 0x57f24000 	C:\Program Files (x86)\Java\jdk1.8.0_20\jre\bin\net.dll
0x73120000 - 0x73165000 	C:\WINDOWS\system32\mswsock.dll
0x659c0000 - 0x659cf000 	C:\Program Files (x86)\Java\jdk1.8.0_20\jre\bin\nio.dll
0x727a0000 - 0x727be000 	C:\WINDOWS\SYSTEM32\IPHLPAPI.DLL
0x724d0000 - 0x724d8000 	C:\WINDOWS\SYSTEM32\WINNSI.DLL
0x6eba0000 - 0x6ebb2000 	C:\WINDOWS\SYSTEM32\dhcpcsvc6.DLL
0x6eb80000 - 0x6eb93000 	C:\WINDOWS\SYSTEM32\dhcpcsvc.DLL
0x57dc0000 - 0x57f06000 	C:\Program Files (x86)\Java\jdk1.8.0_20\jre\bin\awt.dll
0x77050000 - 0x770d7000 	C:\WINDOWS\SYSTEM32\OLEAUT32.dll
0x74bd0000 - 0x74c69000 	C:\WINDOWS\system32\apphelp.dll
0x6fd00000 - 0x6fd18000 	C:\WINDOWS\SYSTEM32\CRYPTSP.dll
0x6fcd0000 - 0x6fcff000 	C:\WINDOWS\system32\rsaenh.dll
0x6fc90000 - 0x6fcad000 	C:\WINDOWS\SYSTEM32\bcrypt.dll
0x731b0000 - 0x731c9000 	C:\WINDOWS\SYSTEM32\USERENV.dll
0x6e2b0000 - 0x6e2c8000 	C:\WINDOWS\system32\DWMAPI.DLL
0x6e570000 - 0x6e64b000 	C:\WINDOWS\system32\uxtheme.dll
0x6d9d0000 - 0x6d9e0000 	C:\WINDOWS\system32\napinsp.dll
0x6d9b0000 - 0x6d9c4000 	C:\WINDOWS\system32\pnrpnsp.dll
0x6d990000 - 0x6d9a2000 	C:\WINDOWS\system32\NLAapi.dll
0x6d910000 - 0x6d98c000 	C:\WINDOWS\SYSTEM32\DNSAPI.dll
0x6d900000 - 0x6d909000 	C:\WINDOWS\System32\winrnr.dll
0x6d8f0000 - 0x6d8ff000 	C:\WINDOWS\system32\wshbth.dll
0x6d8c0000 - 0x6d8e1000 	C:\Program Files (x86)\Bonjour\mdnsNSP.dll
0x6d860000 - 0x6d867000 	C:\Windows\System32\rasadhlp.dll
0x6d870000 - 0x6d8b4000 	C:\WINDOWS\System32\fwpuclnt.dll
0x6d5c0000 - 0x6d7a6000 	C:\WINDOWS\WinSxS\x86_microsoft.windows.common-controls_6595b64144ccf1df_6.0.9600.17031_none_a9efdb8b01377ea7\COMCTL32.dll
0x768d0000 - 0x769dc000 	C:\WINDOWS\SYSTEM32\ole32.dll
0x74b10000 - 0x74b19000 	C:\WINDOWS\SYSTEM32\kernel.appcore.dll
0x6e0e0000 - 0x6e298000 	C:\WINDOWS\system32\d3d9.dll
0x749c0000 - 0x749c8000 	C:\WINDOWS\SYSTEM32\VERSION.dll
0x588d0000 - 0x59529000 	C:\WINDOWS\SYSTEM32\nvd3dum.dll
0x6c5c0000 - 0x6c5fe000 	C:\WINDOWS\SYSTEM32\powrprof.dll
0x57d80000 - 0x57db8000 	C:\Program Files (x86)\Java\jdk1.8.0_20\jre\bin\fontmanager.dll
0x57d50000 - 0x57d80000 	C:\Program Files (x86)\Java\jdk1.8.0_20\jre\bin\t2k.dll
0x472a0000 - 0x472dd000 	D:\Netbeans\NetBeans 8.0.1\platform\modules\lib\x86\jnidispatch-410.dll
0x677e0000 - 0x67874000 	C:\WINDOWS\SYSTEM32\winhttp.dll
0x76600000 - 0x7667d000 	C:\WINDOWS\SYSTEM32\clbcatq.dll
0x69ad0000 - 0x69c1d000 	C:\WINDOWS\SYSTEM32\WindowsCodecs.dll
0x6ebc0000 - 0x6ed08000 	C:\WINDOWS\SYSTEM32\dbghelp.dll

VM Arguments:
jvm_args: -Dnetbeans.logger.console=true -ea -Djdk.home=C:\Program Files (x86)\Java\jdk1.8.0_20 -Dnetbeans.home=D:\Netbeans\NetBeans 8.0.1\platform -Dnetbeans.user=D:\Program Development\AlphaMate\AlphaMate\AlphaMate\build\testuserdir -Dnetbeans.default_userdir_root= -XX:+HeapDumpOnOutOfMemoryError -XX:HeapDumpPath=D:\Program Development\AlphaMate\AlphaMate\AlphaMate\build\testuserdir\var\log\heapdump.hprof -Dsun.awt.keepWorkingSetOnMinimize=true -Dnetbeans.dirs=D:\Program Development\AlphaMate\AlphaMate\AlphaMate\build\cluster;D:\Netbeans\NetBeans 8.0.1\platform exit 
java_command: <unknown>
java_class_path (initial): D:\Netbeans\NetBeans 8.0.1\platform\lib\boot.jar;D:\Netbeans\NetBeans 8.0.1\platform\lib\org-openide-modules.jar;D:\Netbeans\NetBeans 8.0.1\platform\lib\org-openide-util-lookup.jar;D:\Netbeans\NetBeans 8.0.1\platform\lib\org-openide-util.jar;D:\Netbeans\NetBeans 8.0.1\platform\lib\locale\boot_ja.jar;D:\Netbeans\NetBeans 8.0.1\platform\lib\locale\boot_pt_BR.jar;D:\Netbeans\NetBeans 8.0.1\platform\lib\locale\boot_ru.jar;D:\Netbeans\NetBeans 8.0.1\platform\lib\locale\boot_zh_CN.jar;D:\Netbeans\NetBeans 8.0.1\platform\lib\locale\org-openide-modules_ja.jar;D:\Netbeans\NetBeans 8.0.1\platform\lib\locale\org-openide-modules_pt_BR.jar;D:\Netbeans\NetBeans 8.0.1\platform\lib\locale\org-openide-modules_ru.jar;D:\Netbeans\NetBeans 8.0.1\platform\lib\locale\org-openide-modules_zh_CN.jar;D:\Netbeans\NetBeans 8.0.1\platform\lib\locale\org-openide-util-lookup_ja.jar;D:\Netbeans\NetBeans 8.0.1\platform\lib\locale\org-openide-util-lookup_pt_BR.jar;D:\Netbeans\NetBeans 8.0.1\platform\lib\locale\org-openide-util-lookup_ru.jar;D:\Netbeans\NetBeans 8.0.1\platform\lib\locale\org-openide-util-lookup_zh_CN.jar;D:\Netbeans\NetBeans 8.0.1\platform\lib\locale\org-openide-util_ja.jar;D:\Netbeans\NetBeans 8.0.1\platform\lib\locale\org-openide-util_pt_BR.jar;D:\Netbeans\NetBeans 8.0.1\platform\lib\locale\org-openide-util_ru.jar;D:\Netbeans\NetBeans 8.0.1\platform\lib\locale\org-openide-util_zh_CN.jar;C:\Program Files (x86)\Java\jdk1.8.0_20\lib\dt.jar;C:\Program Files (x86)\Java\jdk1.8.0_20\lib\tools.jar
Launcher Type: generic

Environment Variables:
PATH=C:\Program Files (x86)\NVIDIA Corporation\PhysX\Common;C:\ProgramData\Oracle\Java\javapath;C:\WINDOWS\system32;C:\WINDOWS;C:\WINDOWS\System32\Wbem;C:\WINDOWS\System32\WindowsPowerShell\v1.0\;C:\Program Files\TortoiseSVN\bin;C:\Program Files (x86)\Windows Kits\8.1\Windows Performance Toolkit\;C:\Program Files\Microsoft SQL Server\110\Tools\Binn\;C:\Program Files (x86)\Microsoft SDKs\TypeScript\1.0\
USERNAME=Greg
OS=Windows_NT
PROCESSOR_IDENTIFIER=Intel64 Family 6 Model 60 Stepping 3, GenuineIntel



---------------  S Y S T E M  ---------------

OS: Windows 8 , 64 bit Build 9200 

CPU:total 4 (4 cores per cpu, 1 threads per core) family 6 model 60 stepping 3, cmov, cx8, fxsr, mmx, sse, sse2, sse3, ssse3, sse4.1, sse4.2, popcnt, avx, avx2, aes, clmul, erms, lzcnt, tsc, tscinvbit, bmi1, bmi2

Memory: 4k page, physical 16650952k(2382284k free), swap 52724952k(5128k free)

vm_info: Java HotSpot(TM) Server VM (25.20-b23) for windows-x86 JRE (1.8.0_20-b26), built on Jul 30 2014 18:11:35 by "java_re" with MS VC++ 10.0 (VS2010)

time: Sun Nov 09 17:49:32 2014
elapsed time: 1 seconds (0d 0h 0m 1s)

