#
# There is insufficient memory for the Java Runtime Environment to continue.
# Native memory allocation (malloc) failed to allocate 65544 bytes for Chunk::new
# Possible reasons:
#   The system is out of physical RAM or swap space
#   In 32 bit mode, the process size limit was hit
# Possible solutions:
#   Reduce memory load on the system
#   Increase physical memory or swap space
#   Check if swap backing store is full
#   Use 64 bit Java on a 64 bit OS
#   Decrease Java heap size (-Xmx/-Xms)
#   Decrease number of Java threads
#   Decrease Java thread stack sizes (-Xss)
#   Set larger code cache with -XX:ReservedCodeCacheSize=
# This output file may be truncated or incomplete.
#
#  Out of Memory Error (allocation.cpp:390), pid=4104, tid=872
#
# JRE version: Java(TM) SE Runtime Environment (8.0_20-b26) (build 1.8.0_20-b26)
# Java VM: Java HotSpot(TM) Server VM (25.20-b23 mixed mode windows-x86 )
# Failed to write core dump. Minidumps are not enabled by default on client versions of Windows
#

---------------  T H R E A D  ---------------

Current thread (0x40073c00):  JavaThread "C2 CompilerThread0" daemon [_thread_in_native, id=872, stack(0x41650000,0x41850000)]

Stack: [0x41650000,0x41850000],  sp=0x4184e4c8,  free space=2041k
Native frames: (J=compiled Java code, j=interpreted, Vv=VM code, C=native code)
V  [jvm.dll+0x1ad1db]
V  [jvm.dll+0x1a61a8]
V  [jvm.dll+0x8cb45]
V  [jvm.dll+0x8cefa]
V  [jvm.dll+0x169f2]
V  [jvm.dll+0x8d0f2]
V  [jvm.dll+0x3710d8]
V  [jvm.dll+0x363192]
V  [jvm.dll+0x363283]
V  [jvm.dll+0x361ebd]
V  [jvm.dll+0x36302c]
V  [jvm.dll+0x363fdc]
V  [jvm.dll+0x364ec0]
V  [jvm.dll+0x365770]
V  [jvm.dll+0x308873]
V  [jvm.dll+0x309fb9]
V  [jvm.dll+0x2f4296]
V  [jvm.dll+0x7130a]
V  [jvm.dll+0x719c9]
V  [jvm.dll+0x17f87c]
V  [jvm.dll+0x17f96a]
V  [jvm.dll+0x1c46a6]
C  [MSVCR100.dll+0x5c556]
C  [MSVCR100.dll+0x5c600]
C  [KERNEL32.DLL+0x1919f]
C  [ntdll.dll+0x50bbb]
C  [ntdll.dll+0x50b91]
C  0x00000000


Current CompileTask:
C2:   4035 2859       4       javax.swing.MultiUIDefaults::get (67 bytes)


---------------  P R O C E S S  ---------------

Java Threads: ( => current thread )
  0x4313bc00 JavaThread "Inactive RequestProcessor thread [Was:Folder Instance Processor/org.openide.loaders.FolderInstance$1R]" daemon [_thread_blocked, id=8216, stack(0x4af60000,0x4b160000)]
  0x4313b400 JavaThread "Inactive RequestProcessor thread [Was:Folder recognizer/org.openide.loaders.FolderList$ListTask]" daemon [_thread_blocked, id=1048, stack(0x49920000,0x49b20000)]
  0x4313cc00 JavaThread "D3D Screen Updater" daemon [_thread_blocked, id=1896, stack(0x02150000,0x02350000)]
  0x4313b000 JavaThread "Image Fetcher 1" daemon [_thread_blocked, id=9116, stack(0x48590000,0x48790000)]
  0x4313a800 JavaThread "Image Fetcher 0" daemon [_thread_blocked, id=9028, stack(0x48390000,0x48590000)]
  0x4313c800 JavaThread "Flushing caches" [_thread_blocked, id=6908, stack(0x48190000,0x48390000)]
  0x4313dc00 JavaThread "TimerQueue" daemon [_thread_blocked, id=8324, stack(0x47d90000,0x47f90000)]
  0x4313d400 JavaThread "Thread-2" daemon [_thread_blocked, id=7756, stack(0x47990000,0x47b90000)]
  0x4313a000 JavaThread "File Watcher" daemon [_thread_blocked, id=7528, stack(0x47550000,0x47750000)]
  0x4631d400 JavaThread "Inactive RequestProcessor thread [Was:Folder Instance Processor/org.openide.loaders.FolderInstance$1R]" daemon [_thread_blocked, id=8956, stack(0x47210000,0x47410000)]
  0x42fe4400 JavaThread "org.netbeans.modules.debugger.jpda.visual AWT Access Loop" daemon [_thread_blocked, id=5208, stack(0x44210000,0x44410000)]
  0x42b8e000 JavaThread "AWT-EventQueue-0" [_thread_in_Java, id=6424, stack(0x43dd0000,0x43fd0000)]
  0x42b89400 JavaThread "AWT-Windows" daemon [_thread_in_native, id=9136, stack(0x43b90000,0x43d90000)]
  0x42b86400 JavaThread "AWT-Shutdown" [_thread_blocked, id=9160, stack(0x43950000,0x43b50000)]
  0x42b7b400 JavaThread "Java2D Disposer" daemon [_thread_blocked, id=8336, stack(0x43710000,0x43910000)]
  0x403d7000 JavaThread "RequestProcessor queue manager" daemon [_thread_blocked, id=7744, stack(0x43390000,0x43590000)]
  0x403e4400 JavaThread "Logging Flush" daemon [_thread_in_native, id=7344, stack(0x42610000,0x42810000)]
  0x403abc00 JavaThread "CLI Requests Server" daemon [_thread_in_native, id=7708, stack(0x423d0000,0x425d0000)]
  0x4036e000 JavaThread "Active Reference Queue Daemon" daemon [_thread_blocked, id=4880, stack(0x42190000,0x42390000)]
  0x400a9400 JavaThread "Service Thread" daemon [_thread_blocked, id=2852, stack(0x41d10000,0x41f10000)]
  0x40076000 JavaThread "C1 CompilerThread2" daemon [_thread_in_vm, id=8588, stack(0x41ad0000,0x41cd0000)]
  0x40075400 JavaThread "C2 CompilerThread1" daemon [_thread_in_native, id=3608, stack(0x41890000,0x41a90000)]
=>0x40073c00 JavaThread "C2 CompilerThread0" daemon [_thread_in_native, id=872, stack(0x41650000,0x41850000)]
  0x4006bc00 JavaThread "JDWP Command Reader" daemon [_thread_in_native, id=8728, stack(0x41410000,0x41610000)]
  0x40068800 JavaThread "JDWP Event Helper Thread" daemon [_thread_blocked, id=8800, stack(0x411d0000,0x413d0000)]
  0x40066000 JavaThread "JDWP Transport Listener: dt_socket" daemon [_thread_blocked, id=8456, stack(0x40f90000,0x41190000)]
  0x4005f800 JavaThread "Attach Listener" daemon [_thread_blocked, id=7852, stack(0x40d50000,0x40f50000)]
  0x4005e800 JavaThread "Signal Dispatcher" daemon [_thread_blocked, id=7616, stack(0x40b10000,0x40d10000)]
  0x02147000 JavaThread "Finalizer" daemon [_thread_blocked, id=8732, stack(0x408d0000,0x40ad0000)]
  0x02142000 JavaThread "Reference Handler" daemon [_thread_blocked, id=5440, stack(0x40690000,0x40890000)]
  0x003e9800 JavaThread "main" [_thread_blocked, id=7676, stack(0x00090000,0x00290000)]

Other Threads:
  0x40031400 VMThread [stack: 0x40450000,0x40650000] [id=3240]
  0x400b7000 WatcherThread [stack: 0x41f50000,0x42150000] [id=8624]

VM state:not at safepoint (normal execution)

VM Mutex/Monitor currently owned by a thread: None

Heap:
 PSYoungGen      total 35840K, used 8069K [0x2eec0000, 0x31440000, 0x3d800000)
  eden space 33280K, 24% used [0x2eec0000,0x2f6a1400,0x30f40000)
  from space 2560K, 0% used [0x30f40000,0x30f40000,0x311c0000)
  to   space 2560K, 0% used [0x311c0000,0x311c0000,0x31440000)
 ParOldGen       total 34048K, used 7343K [0x11c00000, 0x13d40000, 0x2eec0000)
  object space 34048K, 21% used [0x11c00000,0x1232bfe0,0x13d40000)
 Metaspace       used 17592K, capacity 18105K, committed 18176K, reserved 22912K

Card table byte_map: [0x3d800000,0x3d960000] byte_map_base: 0x3d772000

Marking Bits: (ParMarkBitMap*) 0x54703478
 Begin Bits: [0x3e310000, 0x3ee00000)
 End Bits:   [0x3ee00000, 0x3f8f0000)

Polling page: 0x003d0000

CodeCache: size=245760Kb used=8292Kb max_used=8477Kb free=237467Kb
 bounds [0x027f0000, 0x03040000, 0x117f0000]
 total_blobs=3029 nmethods=2761 adapters=184
 compilation: enabled

Compilation events (10 events):
Event: 4.028 Thread 0x40076000 nmethod 2948 0x03037e08 code [0x030381c0, 0x0303a650]
Event: 4.028 Thread 0x40076000 2954   !   3       org.netbeans.core.startup.logging.DispatchingHandler::publish (160 bytes)
Event: 4.029 Thread 0x40076000 nmethod 2954 0x02a5a748 code [0x02a5a9e0, 0x02a5bba8]
Event: 4.029 Thread 0x40076000 2953       3       javax.swing.AbstractButton::fireStateChanged (68 bytes)
Event: 4.029 Thread 0x40076000 nmethod 2953 0x02a27b48 code [0x02a27cc0, 0x02a282d8]
Event: 4.029 Thread 0x40076000 2949       3       javax.swing.AbstractButton::createChangeListener (5 bytes)
Event: 4.029 Thread 0x40076000 nmethod 2949 0x028d3bc8 code [0x028d3ce0, 0x028d3f20]
Event: 4.029 Thread 0x40076000 2950       3       javax.swing.AbstractButton::<init> (167 bytes)
Event: 4.029 Thread 0x40076000 nmethod 2950 0x029192c8 code [0x029193e0, 0x029196ac]
Event: 4.029 Thread 0x40076000 2909       3       javax.swing.plaf.basic.BasicButtonUI::installUI (36 bytes)

GC Heap History (10 events):
Event: 3.899 GC heap before
{Heap before GC invocations=25 (full 10):
 PSYoungGen      total 35840K, used 0K [0x2eec0000, 0x31440000, 0x3d800000)
  eden space 33280K, 0% used [0x2eec0000,0x2eec0000,0x30f40000)
  from space 2560K, 0% used [0x30f40000,0x30f40000,0x311c0000)
  to   space 2560K, 0% used [0x311c0000,0x311c0000,0x31440000)
 ParOldGen       total 34048K, used 7493K [0x11c00000, 0x13d40000, 0x2eec0000)
  object space 34048K, 22% used [0x11c00000,0x123516e0,0x13d40000)
 Metaspace       used 17511K, capacity 18001K, committed 18048K, reserved 23936K
Event: 3.921 GC heap after
Heap after GC invocations=25 (full 10):
 PSYoungGen      total 35840K, used 0K [0x2eec0000, 0x31440000, 0x3d800000)
  eden space 33280K, 0% used [0x2eec0000,0x2eec0000,0x30f40000)
  from space 2560K, 0% used [0x30f40000,0x30f40000,0x311c0000)
  to   space 2560K, 0% used [0x311c0000,0x311c0000,0x31440000)
 ParOldGen       total 34048K, used 7345K [0x11c00000, 0x13d40000, 0x2eec0000)
  object space 34048K, 21% used [0x11c00000,0x1232c428,0x13d40000)
 Metaspace       used 17511K, capacity 18001K, committed 18048K, reserved 21888K
}
Event: 3.921 GC heap before
{Heap before GC invocations=26 (full 10):
 PSYoungGen      total 35840K, used 323K [0x2eec0000, 0x31440000, 0x3d800000)
  eden space 33280K, 0% used [0x2eec0000,0x2ef10fb0,0x30f40000)
  from space 2560K, 0% used [0x30f40000,0x30f40000,0x311c0000)
  to   space 2560K, 0% used [0x311c0000,0x311c0000,0x31440000)
 ParOldGen       total 34048K, used 7345K [0x11c00000, 0x13d40000, 0x2eec0000)
  object space 34048K, 21% used [0x11c00000,0x1232c428,0x13d40000)
 Metaspace       used 17512K, capacity 18001K, committed 18048K, reserved 24960K
Event: 3.922 GC heap after
Heap after GC invocations=26 (full 10):
 PSYoungGen      total 35840K, used 48K [0x2eec0000, 0x31440000, 0x3d800000)
  eden space 33280K, 0% used [0x2eec0000,0x2eec0000,0x30f40000)
  from space 2560K, 1% used [0x311c0000,0x311cc000,0x31440000)
  to   space 2560K, 0% used [0x30f40000,0x30f40000,0x311c0000)
 ParOldGen       total 34048K, used 7345K [0x11c00000, 0x13d40000, 0x2eec0000)
  object space 34048K, 21% used [0x11c00000,0x1232c428,0x13d40000)
 Metaspace       used 17512K, capacity 18001K, committed 18048K, reserved 24960K
}
Event: 3.922 GC heap before
{Heap before GC invocations=27 (full 11):
 PSYoungGen      total 35840K, used 48K [0x2eec0000, 0x31440000, 0x3d800000)
  eden space 33280K, 0% used [0x2eec0000,0x2eec0000,0x30f40000)
  from space 2560K, 1% used [0x311c0000,0x311cc000,0x31440000)
  to   space 2560K, 0% used [0x30f40000,0x30f40000,0x311c0000)
 ParOldGen       total 34048K, used 7345K [0x11c00000, 0x13d40000, 0x2eec0000)
  object space 34048K, 21% used [0x11c00000,0x1232c428,0x13d40000)
 Metaspace       used 17512K, capacity 18001K, committed 18048K, reserved 24960K
Event: 3.943 GC heap after
Heap after GC invocations=27 (full 11):
 PSYoungGen      total 35840K, used 0K [0x2eec0000, 0x31440000, 0x3d800000)
  eden space 33280K, 0% used [0x2eec0000,0x2eec0000,0x30f40000)
  from space 2560K, 0% used [0x311c0000,0x311c0000,0x31440000)
  to   space 2560K, 0% used [0x30f40000,0x30f40000,0x311c0000)
 ParOldGen       total 34048K, used 7344K [0x11c00000, 0x13d40000, 0x2eec0000)
  object space 34048K, 21% used [0x11c00000,0x1232c020,0x13d40000)
 Metaspace       used 17512K, capacity 18001K, committed 18048K, reserved 21888K
}
Event: 3.943 GC heap before
{Heap before GC invocations=28 (full 11):
 PSYoungGen      total 35840K, used 0K [0x2eec0000, 0x31440000, 0x3d800000)
  eden space 33280K, 0% used [0x2eec0000,0x2eec0000,0x30f40000)
  from space 2560K, 0% used [0x311c0000,0x311c0000,0x31440000)
  to   space 2560K, 0% used [0x30f40000,0x30f40000,0x311c0000)
 ParOldGen       total 34048K, used 7344K [0x11c00000, 0x13d40000, 0x2eec0000)
  object space 34048K, 21% used [0x11c00000,0x1232c020,0x13d40000)
 Metaspace       used 17512K, capacity 18001K, committed 18048K, reserved 23936K
Event: 3.944 GC heap after
Heap after GC invocations=28 (full 11):
 PSYoungGen      total 35840K, used 0K [0x2eec0000, 0x31440000, 0x3d800000)
  eden space 33280K, 0% used [0x2eec0000,0x2eec0000,0x30f40000)
  from space 2560K, 0% used [0x30f40000,0x30f40000,0x311c0000)
  to   space 2560K, 0% used [0x311c0000,0x311c0000,0x31440000)
 ParOldGen       total 34048K, used 7344K [0x11c00000, 0x13d40000, 0x2eec0000)
  object space 34048K, 21% used [0x11c00000,0x1232c020,0x13d40000)
 Metaspace       used 17512K, capacity 18001K, committed 18048K, reserved 23936K
}
Event: 3.944 GC heap before
{Heap before GC invocations=29 (full 12):
 PSYoungGen      total 35840K, used 0K [0x2eec0000, 0x31440000, 0x3d800000)
  eden space 33280K, 0% used [0x2eec0000,0x2eec0000,0x30f40000)
  from space 2560K, 0% used [0x30f40000,0x30f40000,0x311c0000)
  to   space 2560K, 0% used [0x311c0000,0x311c0000,0x31440000)
 ParOldGen       total 34048K, used 7344K [0x11c00000, 0x13d40000, 0x2eec0000)
  object space 34048K, 21% used [0x11c00000,0x1232c020,0x13d40000)
 Metaspace       used 17512K, capacity 18001K, committed 18048K, reserved 23936K
Event: 3.971 GC heap after
Heap after GC invocations=29 (full 12):
 PSYoungGen      total 35840K, used 0K [0x2eec0000, 0x31440000, 0x3d800000)
  eden space 33280K, 0% used [0x2eec0000,0x2eec0000,0x30f40000)
  from space 2560K, 0% used [0x30f40000,0x30f40000,0x311c0000)
  to   space 2560K, 0% used [0x311c0000,0x311c0000,0x31440000)
 ParOldGen       total 34048K, used 7343K [0x11c00000, 0x13d40000, 0x2eec0000)
  object space 34048K, 21% used [0x11c00000,0x1232bfe0,0x13d40000)
 Metaspace       used 17512K, capacity 18001K, committed 18048K, reserved 21888K
}

Deoptimization events (10 events):
Event: 1.568 Thread 0x403e2800 Uncommon trap: reason=bimorphic action=maybe_recompile pc=0x02a837d4 method=java.util.HashMap.putVal(ILjava/lang/Object;Ljava/lang/Object;ZZ)Ljava/lang/Object; @ 203
Event: 1.568 Thread 0x403e2800 Uncommon trap: reason=bimorphic action=maybe_recompile pc=0x02a837d4 method=java.util.HashMap.putVal(ILjava/lang/Object;Ljava/lang/Object;ZZ)Ljava/lang/Object; @ 203
Event: 1.568 Thread 0x403e2800 Uncommon trap: reason=bimorphic action=maybe_recompile pc=0x02a837d4 method=java.util.HashMap.putVal(ILjava/lang/Object;Ljava/lang/Object;ZZ)Ljava/lang/Object; @ 203
Event: 1.569 Thread 0x403e2800 Uncommon trap: reason=class_check action=maybe_recompile pc=0x02a561b4 method=java.util.HashMap.putVal(ILjava/lang/Object;Ljava/lang/Object;ZZ)Ljava/lang/Object; @ 253
Event: 1.583 Thread 0x42b8e000 Uncommon trap: reason=class_check action=maybe_recompile pc=0x02ce20bc method=com.sun.org.apache.xerces.internal.parsers.AbstractSAXParser.characters(Lcom/sun/org/apache/xerces/internal/xni/XMLString;Lcom/sun/org/apache/xerces/internal/xni/Augmentations;)V;Æì6Sù?
Event: 1.583 Thread 0x42b8e000 Uncommon trap: reason=class_check action=maybe_recompile pc=0x02ce20bc method=com.sun.org.apache.xerces.internal.parsers.AbstractSAXParser.characters(Lcom/sun/org/apache/xerces/internal/xni/XMLString;Lcom/sun/org/apache/xerces/internal/xni/Augmentations;)VNÙþçRSù?
Event: 1.583 Thread 0x42b8e000 Uncommon trap: reason=class_check action=maybe_recompile pc=0x02ce20bc method=com.sun.org.apache.xerces.internal.parsers.AbstractSAXParser.characters(Lcom/sun/org/apache/xerces/internal/xni/XMLString;Lcom/sun/org/apache/xerces/internal/xni/Augmentations;)Vz\y-Iû?
Event: 1.705 Thread 0x42b8e000 Uncommon trap: reason=bimorphic action=maybe_recompile pc=0x02d648c0 method=java.util.Properties$LineReader.readLine()I @ 410
Event: 1.716 Thread 0x403d7000 Uncommon trap: reason=unloaded action=reinterpret pc=0x02f64520 method=java.lang.SecurityManager.checkPackageAccess(Ljava/lang/String;)V @ 117
Event: 1.879 Thread 0x4631d400 Uncommon trap: reason=null_check action=make_not_entrant pc=0x02fcad5c method=java.util.Objects.equals(Ljava/lang/Object;Ljava/lang/Object;)Z @ 11

Internal exceptions (10 events):
Event: 4.028 Thread 0x42b8e000 Exception <a 'java/lang/NoClassDefFoundError': Could not initialize class javax.swing.DropMode> (0x2f5cb6a8) thrown at [D:\re\workspace\8-2-build-windows-i586-cygwin\jdk8u20\1074\hotspot\src\share\vm\oops\instanceKlass.cpp, line 830]
Event: 4.028 Thread 0x42b8e000 Exception <a 'java/lang/NoClassDefFoundError'> (0x2f5cb6a8) thrown at [D:\re\workspace\8-2-build-windows-i586-cygwin\jdk8u20\1074\hotspot\src\share\vm\prims\jvm.cpp, line 1279]
Event: 4.028 Thread 0x42b8e000 Exception <a 'java/lang/NoClassDefFoundError': Could not initialize class javax.swing.DropMode> (0x2f5d45b8) thrown at [D:\re\workspace\8-2-build-windows-i586-cygwin\jdk8u20\1074\hotspot\src\share\vm\oops\instanceKlass.cpp, line 830]
Event: 4.028 Thread 0x42b8e000 Exception <a 'java/lang/NoClassDefFoundError'> (0x2f5d45b8) thrown at [D:\re\workspace\8-2-build-windows-i586-cygwin\jdk8u20\1074\hotspot\src\share\vm\prims\jvm.cpp, line 1279]
Event: 4.029 Thread 0x42b8e000 Exception <a 'java/lang/NoClassDefFoundError': Could not initialize class javax.swing.DropMode> (0x2f5dd518) thrown at [D:\re\workspace\8-2-build-windows-i586-cygwin\jdk8u20\1074\hotspot\src\share\vm\oops\instanceKlass.cpp, line 830]
Event: 4.029 Thread 0x42b8e000 Exception <a 'java/lang/NoClassDefFoundError'> (0x2f5dd518) thrown at [D:\re\workspace\8-2-build-windows-i586-cygwin\jdk8u20\1074\hotspot\src\share\vm\prims\jvm.cpp, line 1279]
Event: 4.029 Thread 0x42b8e000 Exception <a 'java/lang/NoClassDefFoundError': Could not initialize class javax.swing.DropMode> (0x2f5e6428) thrown at [D:\re\workspace\8-2-build-windows-i586-cygwin\jdk8u20\1074\hotspot\src\share\vm\oops\instanceKlass.cpp, line 830]
Event: 4.029 Thread 0x42b8e000 Exception <a 'java/lang/NoClassDefFoundError'> (0x2f5e6428) thrown at [D:\re\workspace\8-2-build-windows-i586-cygwin\jdk8u20\1074\hotspot\src\share\vm\prims\jvm.cpp, line 1279]
Event: 4.029 Thread 0x42b8e000 Exception <a 'java/lang/NoClassDefFoundError': Could not initialize class javax.swing.DropMode> (0x2f5ef338) thrown at [D:\re\workspace\8-2-build-windows-i586-cygwin\jdk8u20\1074\hotspot\src\share\vm\oops\instanceKlass.cpp, line 830]
Event: 4.029 Thread 0x42b8e000 Exception <a 'java/lang/NoClassDefFoundError'> (0x2f5ef338) thrown at [D:\re\workspace\8-2-build-windows-i586-cygwin\jdk8u20\1074\hotspot\src\share\vm\prims\jvm.cpp, line 1279]

Events (10 events):
Event: 4.028 Thread 0x42b8e000 DEOPT PACKING pc=0x0301904c sp=0x43fcf9c0
Event: 4.028 Thread 0x42b8e000 DEOPT UNPACKING pc=0x0282c5ab sp=0x43fcf864 mode 1
Event: 4.028 Thread 0x42b8e000 DEOPT PACKING pc=0x0301904c sp=0x43fcf9c0
Event: 4.028 Thread 0x42b8e000 DEOPT UNPACKING pc=0x0282c5ab sp=0x43fcf864 mode 1
Event: 4.029 Thread 0x42b8e000 DEOPT PACKING pc=0x0301904c sp=0x43fcf9c0
Event: 4.029 Thread 0x42b8e000 DEOPT UNPACKING pc=0x0282c5ab sp=0x43fcf864 mode 1
Event: 4.029 Thread 0x42b8e000 DEOPT PACKING pc=0x0301904c sp=0x43fcf9c0
Event: 4.029 Thread 0x42b8e000 DEOPT UNPACKING pc=0x0282c5ab sp=0x43fcf864 mode 1
Event: 4.029 Thread 0x42b8e000 DEOPT PACKING pc=0x0301904c sp=0x43fcf9c0
Event: 4.029 Thread 0x42b8e000 DEOPT UNPACKING pc=0x0282c5ab sp=0x43fcf864 mode 1


Dynamic libraries:
0x00400000 - 0x0042f000 	D:\Netbeans\NetBeans 8.0.1\platform\lib\nbexec.exe
0x772c0000 - 0x77427000 	C:\WINDOWS\SYSTEM32\ntdll.dll
0x76d40000 - 0x76e80000 	C:\WINDOWS\SYSTEM32\KERNEL32.DLL
0x76800000 - 0x768d0000 	C:\WINDOWS\SYSTEM32\KERNELBASE.dll
0x76fd0000 - 0x77048000 	C:\WINDOWS\SYSTEM32\ADVAPI32.DLL
0x74fb0000 - 0x7506e000 	C:\WINDOWS\SYSTEM32\msvcrt.dll
0x75200000 - 0x7534f000 	C:\WINDOWS\SYSTEM32\USER32.dll
0x767c0000 - 0x767fe000 	C:\WINDOWS\SYSTEM32\sechost.dll
0x766b0000 - 0x76760000 	C:\WINDOWS\SYSTEM32\RPCRT4.dll
0x770e0000 - 0x771e7000 	C:\WINDOWS\SYSTEM32\GDI32.dll
0x74ce0000 - 0x74cfd000 	C:\WINDOWS\SYSTEM32\SspiCli.dll
0x74cd0000 - 0x74cd9000 	C:\WINDOWS\SYSTEM32\CRYPTBASE.dll
0x74c70000 - 0x74cc2000 	C:\WINDOWS\SYSTEM32\bcryptPrimitives.dll
0x76680000 - 0x766a5000 	C:\WINDOWS\system32\IMM32.DLL
0x76a00000 - 0x76af7000 	C:\WINDOWS\SYSTEM32\MSCTF.dll
0x58430000 - 0x58496000 	D:\Netbeans\NetBeans 8.0.1\platform\lib\nbexec.dll
0x54180000 - 0x54773000 	C:\Program Files (x86)\Java\jdk1.8.0_20\jre\bin\server\jvm.dll
0x731a0000 - 0x731a8000 	C:\WINDOWS\SYSTEM32\WSOCK32.dll
0x74530000 - 0x74550000 	C:\WINDOWS\SYSTEM32\WINMM.dll
0x769f0000 - 0x769f6000 	C:\WINDOWS\SYSTEM32\PSAPI.DLL
0x57fc0000 - 0x5807f000 	C:\Program Files (x86)\Java\jdk1.8.0_20\jre\bin\MSVCR100.dll
0x76510000 - 0x7655d000 	C:\WINDOWS\SYSTEM32\WS2_32.dll
0x732d0000 - 0x732f0000 	C:\WINDOWS\SYSTEM32\WINMMBASE.dll
0x769e0000 - 0x769e7000 	C:\WINDOWS\SYSTEM32\NSI.dll
0x74f30000 - 0x74f6a000 	C:\WINDOWS\SYSTEM32\cfgmgr32.dll
0x732b0000 - 0x732cf000 	C:\WINDOWS\SYSTEM32\DEVOBJ.dll
0x57f80000 - 0x57fb5000 	C:\Program Files (x86)\Java\jdk1.8.0_20\jre\bin\splashscreen.dll
0x6e570000 - 0x6e64b000 	C:\WINDOWS\system32\uxtheme.dll
0x76e80000 - 0x76fce000 	C:\WINDOWS\SYSTEM32\combase.dll
0x65ad0000 - 0x65adc000 	C:\Program Files (x86)\Java\jdk1.8.0_20\jre\bin\verify.dll
0x57f50000 - 0x57f71000 	C:\Program Files (x86)\Java\jdk1.8.0_20\jre\bin\java.dll
0x768d0000 - 0x769dc000 	C:\WINDOWS\system32\ole32.dll
0x56500000 - 0x56529000 	C:\Program Files (x86)\Java\jdk1.8.0_20\jre\bin\jdwp.dll
0x74b10000 - 0x74b19000 	C:\WINDOWS\SYSTEM32\kernel.appcore.dll
0x564f0000 - 0x564f7000 	C:\Program Files (x86)\Java\jdk1.8.0_20\jre\bin\npt.dll
0x57f30000 - 0x57f43000 	C:\Program Files (x86)\Java\jdk1.8.0_20\jre\bin\zip.dll
0x75350000 - 0x76507000 	C:\WINDOWS\SYSTEM32\SHELL32.dll
0x76cf0000 - 0x76d31000 	C:\WINDOWS\SYSTEM32\SHLWAPI.dll
0x73230000 - 0x732a6000 	C:\WINDOWS\SYSTEM32\SHCORE.dll
0x73220000 - 0x7322e000 	C:\WINDOWS\SYSTEM32\profapi.dll
0x564e0000 - 0x564e8000 	C:\Program Files (x86)\Java\jdk1.8.0_20\jre\bin\dt_socket.dll
0x73120000 - 0x73165000 	C:\WINDOWS\system32\mswsock.dll
0x57f10000 - 0x57f24000 	C:\Program Files (x86)\Java\jdk1.8.0_20\jre\bin\net.dll
0x659c0000 - 0x659cf000 	C:\Program Files (x86)\Java\jdk1.8.0_20\jre\bin\nio.dll
0x727a0000 - 0x727be000 	C:\WINDOWS\SYSTEM32\IPHLPAPI.DLL
0x724d0000 - 0x724d8000 	C:\WINDOWS\SYSTEM32\WINNSI.DLL
0x6eba0000 - 0x6ebb2000 	C:\WINDOWS\SYSTEM32\dhcpcsvc6.DLL
0x6eb80000 - 0x6eb93000 	C:\WINDOWS\SYSTEM32\dhcpcsvc.DLL
0x57dc0000 - 0x57f06000 	C:\Program Files (x86)\Java\jdk1.8.0_20\jre\bin\awt.dll
0x77050000 - 0x770d7000 	C:\WINDOWS\SYSTEM32\OLEAUT32.dll
0x74bd0000 - 0x74c69000 	C:\WINDOWS\system32\apphelp.dll
0x6fd00000 - 0x6fd18000 	C:\WINDOWS\SYSTEM32\CRYPTSP.dll
0x6fcd0000 - 0x6fcff000 	C:\WINDOWS\system32\rsaenh.dll
0x6fc90000 - 0x6fcad000 	C:\WINDOWS\SYSTEM32\bcrypt.dll
0x731b0000 - 0x731c9000 	C:\WINDOWS\SYSTEM32\USERENV.dll
0x6e2b0000 - 0x6e2c8000 	C:\WINDOWS\system32\DWMAPI.DLL
0x6d9d0000 - 0x6d9e0000 	C:\WINDOWS\system32\napinsp.dll
0x6d9b0000 - 0x6d9c4000 	C:\WINDOWS\system32\pnrpnsp.dll
0x6d990000 - 0x6d9a2000 	C:\WINDOWS\system32\NLAapi.dll
0x6d910000 - 0x6d98c000 	C:\WINDOWS\SYSTEM32\DNSAPI.dll
0x6d900000 - 0x6d909000 	C:\WINDOWS\System32\winrnr.dll
0x6d8f0000 - 0x6d8ff000 	C:\WINDOWS\system32\wshbth.dll
0x6d8c0000 - 0x6d8e1000 	C:\Program Files (x86)\Bonjour\mdnsNSP.dll
0x6d860000 - 0x6d867000 	C:\Windows\System32\rasadhlp.dll
0x6d870000 - 0x6d8b4000 	C:\WINDOWS\System32\fwpuclnt.dll
0x6d5c0000 - 0x6d7a6000 	C:\WINDOWS\WinSxS\x86_microsoft.windows.common-controls_6595b64144ccf1df_6.0.9600.17031_none_a9efdb8b01377ea7\COMCTL32.dll
0x6e0e0000 - 0x6e298000 	C:\WINDOWS\system32\d3d9.dll
0x749c0000 - 0x749c8000 	C:\WINDOWS\SYSTEM32\VERSION.dll
0x588d0000 - 0x59529000 	C:\WINDOWS\SYSTEM32\nvd3dum.dll
0x6c5c0000 - 0x6c5fe000 	C:\WINDOWS\SYSTEM32\powrprof.dll
0x57d80000 - 0x57db8000 	C:\Program Files (x86)\Java\jdk1.8.0_20\jre\bin\fontmanager.dll
0x57d50000 - 0x57d80000 	C:\Program Files (x86)\Java\jdk1.8.0_20\jre\bin\t2k.dll
0x02490000 - 0x024cd000 	D:\Netbeans\NetBeans 8.0.1\platform\modules\lib\x86\jnidispatch-410.dll
0x677e0000 - 0x67874000 	C:\WINDOWS\SYSTEM32\winhttp.dll
0x76600000 - 0x7667d000 	C:\WINDOWS\SYSTEM32\clbcatq.dll
0x69ad0000 - 0x69c1d000 	C:\WINDOWS\SYSTEM32\WindowsCodecs.dll
0x60d00000 - 0x60d0a000 	C:\Program Files (x86)\Java\jdk1.8.0_20\jre\bin\management.dll

VM Arguments:
jvm_args: -Dnetbeans.logger.console=true -ea -Xdebug -Xrunjdwp:transport=dt_socket,suspend=y,server=n,address=127.0.0.1:37060 -Djdk.home=C:\Program Files (x86)\Java\jdk1.8.0_20 -splash:D:\Program Development\AlphaMate\AlphaMate\AlphaMate\build\testuserdir\var\cache\splash.png -Dnetbeans.home=D:\Netbeans\NetBeans 8.0.1\platform -Dnetbeans.user=D:\Program Development\AlphaMate\AlphaMate\AlphaMate\build\testuserdir -Dnetbeans.default_userdir_root= -XX:+HeapDumpOnOutOfMemoryError -XX:HeapDumpPath=D:\Program Development\AlphaMate\AlphaMate\AlphaMate\build\testuserdir\var\log\heapdump.hprof -Dsun.awt.keepWorkingSetOnMinimize=true -Dnetbeans.dirs=D:\Program Development\AlphaMate\AlphaMate\AlphaMate\build\cluster;D:\Netbeans\NetBeans 8.0.1\platform exit 
java_command: <unknown>
java_class_path (initial): D:\Netbeans\NetBeans 8.0.1\platform\lib\boot.jar;D:\Netbeans\NetBeans 8.0.1\platform\lib\org-openide-modules.jar;D:\Netbeans\NetBeans 8.0.1\platform\lib\org-openide-util-lookup.jar;D:\Netbeans\NetBeans 8.0.1\platform\lib\org-openide-util.jar;D:\Netbeans\NetBeans 8.0.1\platform\lib\locale\boot_ja.jar;D:\Netbeans\NetBeans 8.0.1\platform\lib\locale\boot_pt_BR.jar;D:\Netbeans\NetBeans 8.0.1\platform\lib\locale\boot_ru.jar;D:\Netbeans\NetBeans 8.0.1\platform\lib\locale\boot_zh_CN.jar;D:\Netbeans\NetBeans 8.0.1\platform\lib\locale\org-openide-modules_ja.jar;D:\Netbeans\NetBeans 8.0.1\platform\lib\locale\org-openide-modules_pt_BR.jar;D:\Netbeans\NetBeans 8.0.1\platform\lib\locale\org-openide-modules_ru.jar;D:\Netbeans\NetBeans 8.0.1\platform\lib\locale\org-openide-modules_zh_CN.jar;D:\Netbeans\NetBeans 8.0.1\platform\lib\locale\org-openide-util-lookup_ja.jar;D:\Netbeans\NetBeans 8.0.1\platform\lib\locale\org-openide-util-lookup_pt_BR.jar;D:\Netbeans\NetBeans 8.0.1\platform\lib\locale\org-openide-util-lookup_ru.jar;D:\Netbeans\NetBeans 8.0.1\platform\lib\locale\org-openide-util-lookup_zh_CN.jar;D:\Netbeans\NetBeans 8.0.1\platform\lib\locale\org-openide-util_ja.jar;D:\Netbeans\NetBeans 8.0.1\platform\lib\locale\org-openide-util_pt_BR.jar;D:\Netbeans\NetBeans 8.0.1\platform\lib\locale\org-openide-util_ru.jar;D:\Netbeans\NetBeans 8.0.1\platform\lib\locale\org-openide-util_zh_CN.jar;C:\Program Files (x86)\Java\jdk1.8.0_20\lib\dt.jar;C:\Program Files (x86)\Java\jdk1.8.0_20\lib\tools.jar
Launcher Type: generic

Environment Variables:
PATH=C:\Program Files (x86)\NVIDIA Corporation\PhysX\Common;C:\ProgramData\Oracle\Java\javapath;C:\WINDOWS\system32;C:\WINDOWS;C:\WINDOWS\System32\Wbem;C:\WINDOWS\System32\WindowsPowerShell\v1.0\;C:\Program Files\TortoiseSVN\bin;C:\Program Files (x86)\Windows Kits\8.1\Windows Performance Toolkit\;C:\Program Files\Microsoft SQL Server\110\Tools\Binn\;C:\Program Files (x86)\Microsoft SDKs\TypeScript\1.0\
USERNAME=Greg
OS=Windows_NT
PROCESSOR_IDENTIFIER=Intel64 Family 6 Model 60 Stepping 3, GenuineIntel



---------------  S Y S T E M  ---------------

OS: Windows 8 , 64 bit Build 9200 

CPU:total 4 (4 cores per cpu, 1 threads per core) family 6 model 60 stepping 3, cmov, cx8, fxsr, mmx, sse, sse2, sse3, ssse3, sse4.1, sse4.2, popcnt, avx, avx2, aes, clmul, erms, lzcnt, tsc, tscinvbit, bmi1, bmi2

Memory: 4k page, physical 16650952k(2400244k free), swap 52724952k(5064k free)

vm_info: Java HotSpot(TM) Server VM (25.20-b23) for windows-x86 JRE (1.8.0_20-b26), built on Jul 30 2014 18:11:35 by "java_re" with MS VC++ 10.0 (VS2010)

time: Sun Nov 09 17:48:54 2014
elapsed time: 4 seconds (0d 0h 0m 4s)

